#
# A fatal error has been detected by the Java Runtime Environment:
#
#  SIGSEGV (0xb) at pc=0x00007f92b18b5ea8, pid=14537, tid=14543
#
# JRE version: OpenJDK Runtime Environment (11.0.4+11) (build 11.0.4+11)
# Java VM: OpenJDK 64-Bit Server VM (11.0.4+11, mixed mode, tiered, compressed oops, g1 gc, linux-amd64)
# Problematic frame:
# C  [libc.so.6+0x161ea8]  __memmove_avx_unaligned_erms+0x258
#
# Core dump will be written. Default location: Core dumps may be processed with "/usr/lib/systemd/systemd-coredump %P %u %g %s %t %c %h %e" (or dumping to /home/atri/eclipse-workspace/ASDF/core.14537)
#
# If you would like to submit a bug report, please visit:
#   http://bugreport.java.com/bugreport/crash.jsp
# The crash happened outside the Java Virtual Machine in native code.
# See problematic frame for where to report the bug.
#

---------------  S U M M A R Y ------------

Command Line: -Dfile.encoding=UTF-8 base.Main

Host: AMD Ryzen 5 2500U with Radeon Vega Mobile Gfx, 8 cores, 6G, Manjaro Linux
Time: Fri Sep  6 15:31:31 2019 IST elapsed time: 2 seconds (0d 0h 0m 2s)

---------------  T H R E A D  ---------------

Current thread (0x00007f92a8011000):  JavaThread "main" [_thread_in_native, id=14543, stack(0x00007f92aff0a000,0x00007f92b000b000)]

Stack: [0x00007f92aff0a000,0x00007f92b000b000],  sp=0x00007f92b0008c68,  free space=1019k
Native frames: (J=compiled Java code, A=aot compiled Java code, j=interpreted, Vv=VM code, C=native code)
C  [libc.so.6+0x161ea8]  __memmove_avx_unaligned_erms+0x258

Java frames: (J=compiled Java code, j=interpreted, Vv=VM code)
j  org.lwjgl.opengl.GL11C.nglTexImage2D(IIIIIIIIJ)V+0
j  org.lwjgl.opengl.GL11C.glTexImage2D(IIIIIIIILjava/nio/ByteBuffer;)V+17
j  org.lwjgl.opengl.GL11.glTexImage2D(IIIIIIIILjava/nio/ByteBuffer;)V+14
j  base.Texture2D.<init>(Ljava/lang/String;)V+154
j  base.Game.<clinit>()V+138
v  ~StubRoutines::call_stub
j  base.Main.main([Ljava/lang/String;)V+3
v  ~StubRoutines::call_stub

siginfo: si_signo: 11 (SIGSEGV), si_code: 2 (SEGV_ACCERR), si_addr: 0x00007f922effeff0

Register to memory mapping:

RAX=0x00007f9234010000 points into unknown readable memory: 00 00 00 00 00 00 00 00
RBX=0x00007f9234010000 points into unknown readable memory: 00 00 00 00 00 00 00 00
RCX=0x00007f922effeff0 is an unknown value
RDX=0x00000000005f0000 is an unknown value
RSP=0x00007f92b0008c68 is pointing into the stack for thread: 0x00007f92a8011000
RBP=0x00007f922ea0f010 points into unknown readable memory: 00 00 00 00 00 00 00 00
RSI=0x00007f922ea0f010 points into unknown readable memory: 00 00 00 00 00 00 00 00
RDI=0x00007f9234010000 points into unknown readable memory: 00 00 00 00 00 00 00 00
R8 =0x0 is NULL
R9 =0x00007f92345fffe0 points into unknown readable memory: 00 00 00 00 00 00 00 00
R10=0x0000000000000001 is an unknown value
R11=0x00007f92347f8fe0 points into unknown readable memory: 00 00 00 00 00 00 00 00
R12=0x0 is NULL
R13=0x0000000000001e00 is an unknown value
R14=0x0000000000000001 is an unknown value
R15=0x0000000000000043 is an unknown value


Registers:
RAX=0x00007f9234010000, RBX=0x00007f9234010000, RCX=0x00007f922effeff0, RDX=0x00000000005f0000
RSP=0x00007f92b0008c68, RBP=0x00007f922ea0f010, RSI=0x00007f922ea0f010, RDI=0x00007f9234010000
R8 =0x0000000000000000, R9 =0x00007f92345fffe0, R10=0x0000000000000001, R11=0x00007f92347f8fe0
R12=0x0000000000000000, R13=0x0000000000001e00, R14=0x0000000000000001, R15=0x0000000000000043
RIP=0x00007f92b18b5ea8, EFLAGS=0x0000000000010202, CSGSFS=0x002b000000000033, ERR=0x0000000000000004
  TRAPNO=0x000000000000000e

Top of Stack: (sp=0x00007f92b0008c68)
0x00007f92b0008c68:   00007f92697454e7 0000000000000438
0x00007f92b0008c78:   00007f922ea0f010 0000000000001e00
0x00007f92b0008c88:   0000000000000000 0000000000000000
0x00007f92b0008c98:   00007f926988723b 00000502a8ac39f0 

Instructions: (pc=0x00007f92b18b5ea8)
0x00007f92b18b5da8:   fe 7f 5c 17 c0 c5 f8 77 c3 48 39 f7 0f 87 ab 00
0x00007f92b18b5db8:   00 00 0f 84 e5 fe ff ff c5 fe 6f 26 c5 fe 6f 6c
0x00007f92b18b5dc8:   16 e0 c5 fe 6f 74 16 c0 c5 fe 6f 7c 16 a0 c5 7e
0x00007f92b18b5dd8:   6f 44 16 80 49 89 fb 48 8d 4c 17 e0 49 89 f8 49
0x00007f92b18b5de8:   83 e0 1f 49 83 e8 20 4c 29 c6 4c 29 c7 4c 01 c2
0x00007f92b18b5df8:   48 3b 15 b9 01 06 00 0f 87 07 01 00 00 c5 fe 6f
0x00007f92b18b5e08:   06 c5 fe 6f 4e 20 c5 fe 6f 56 40 c5 fe 6f 5e 60
0x00007f92b18b5e18:   48 81 c6 80 00 00 00 48 81 ea 80 00 00 00 c5 fd
0x00007f92b18b5e28:   7f 07 c5 fd 7f 4f 20 c5 fd 7f 57 40 c5 fd 7f 5f
0x00007f92b18b5e38:   60 48 81 c7 80 00 00 00 48 81 fa 80 00 00 00 77
0x00007f92b18b5e48:   bc c5 fe 7f 29 c5 fe 7f 71 e0 c5 fe 7f 79 c0 c5
0x00007f92b18b5e58:   7e 7f 41 a0 c4 c1 7e 7f 23 c5 f8 77 c3 c5 fe 6f
0x00007f92b18b5e68:   26 c5 fe 6f 6e 20 c5 fe 6f 76 40 c5 fe 6f 7e 60
0x00007f92b18b5e78:   c5 7e 6f 44 16 e0 4c 8d 5c 17 e0 48 8d 4c 16 e0
0x00007f92b18b5e88:   4d 89 d9 4d 89 d8 49 83 e0 1f 4c 29 c1 4d 29 c1
0x00007f92b18b5e98:   4c 29 c2 48 3b 15 16 01 06 00 0f 87 f0 00 00 00
0x00007f92b18b5ea8:   c5 fe 6f 01 c5 fe 6f 49 e0 c5 fe 6f 51 c0 c5 fe
0x00007f92b18b5eb8:   6f 59 a0 48 81 e9 80 00 00 00 48 81 ea 80 00 00
0x00007f92b18b5ec8:   00 c4 c1 7d 7f 01 c4 c1 7d 7f 49 e0 c4 c1 7d 7f
0x00007f92b18b5ed8:   51 c0 c4 c1 7d 7f 59 a0 49 81 e9 80 00 00 00 48
0x00007f92b18b5ee8:   81 fa 80 00 00 00 77 b8 c5 fe 7f 27 c5 fe 7f 6f
0x00007f92b18b5ef8:   20 c5 fe 7f 77 40 c5 fe 7f 7f 60 c4 41 7e 7f 03
0x00007f92b18b5f08:   c5 f8 77 c3 4c 8d 14 17 4c 39 d6 0f 82 ec fe ff
0x00007f92b18b5f18:   ff 0f 18 8e 00 01 00 00 0f 18 8e 40 01 00 00 0f
0x00007f92b18b5f28:   18 8e 80 01 00 00 0f 18 8e c0 01 00 00 c5 fe 6f
0x00007f92b18b5f38:   06 c5 fe 6f 4e 20 c5 fe 6f 56 40 c5 fe 6f 5e 60
0x00007f92b18b5f48:   48 81 c6 80 00 00 00 48 81 ea 80 00 00 00 c5 fd
0x00007f92b18b5f58:   e7 07 c5 fd e7 4f 20 c5 fd e7 57 40 c5 fd e7 5f
0x00007f92b18b5f68:   60 48 81 c7 80 00 00 00 48 81 fa 80 00 00 00 77
0x00007f92b18b5f78:   a0 0f ae f8 c5 fe 7f 29 c5 fe 7f 71 e0 c5 fe 7f
0x00007f92b18b5f88:   79 c0 c5 7e 7f 41 a0 c4 c1 7e 7f 23 c5 f8 77 c3
0x00007f92b18b5f98:   4c 8d 14 11 4d 39 d1 0f 82 03 ff ff ff 0f 18 89 


Stack slot to memory mapping:
stack at sp + 0 slots: 0x00007f92697454e7: <offset 0x000000000014d4e7> in /usr/lib/dri/radeonsi_dri.so at 0x00007f92695f8000
stack at sp + 1 slots: 0x0000000000000438 is an unknown value
stack at sp + 2 slots: 0x00007f922ea0f010 points into unknown readable memory: 00 00 00 00 00 00 00 00
stack at sp + 3 slots: 0x0000000000001e00 is an unknown value
stack at sp + 4 slots: 0x0 is NULL
stack at sp + 5 slots: 0x0 is NULL
stack at sp + 6 slots: 0x00007f926988723b: <offset 0x000000000028f23b> in /usr/lib/dri/radeonsi_dri.so at 0x00007f92695f8000
stack at sp + 7 slots: 0x00000502a8ac39f0 is an unknown value


---------------  P R O C E S S  ---------------

Threads class SMR info:
_java_thread_list=0x00007f92a81f2d70, length=9, elements={
0x00007f92a8011000, 0x00007f92a813b800, 0x00007f92a813f800, 0x00007f92a8153000,
0x00007f92a8155800, 0x00007f92a8157800, 0x00007f92a8159800, 0x00007f92a81e0000,
0x00007f92a81f1800
}

Java Threads: ( => current thread )
=>0x00007f92a8011000 JavaThread "main" [_thread_in_native, id=14543, stack(0x00007f92aff0a000,0x00007f92b000b000)]
  0x00007f92a813b800 JavaThread "Reference Handler" daemon [_thread_blocked, id=14550, stack(0x00007f92883e7000,0x00007f92884e8000)]
  0x00007f92a813f800 JavaThread "Finalizer" daemon [_thread_blocked, id=14551, stack(0x00007f92882e6000,0x00007f92883e7000)]
  0x00007f92a8153000 JavaThread "Signal Dispatcher" daemon [_thread_blocked, id=14552, stack(0x00007f926beff000,0x00007f926c000000)]
  0x00007f92a8155800 JavaThread "C2 CompilerThread0" daemon [_thread_blocked, id=14553, stack(0x00007f926bdfe000,0x00007f926beff000)]
  0x00007f92a8157800 JavaThread "C1 CompilerThread0" daemon [_thread_blocked, id=14554, stack(0x00007f926bcfd000,0x00007f926bdfe000)]
  0x00007f92a8159800 JavaThread "Sweeper thread" daemon [_thread_blocked, id=14555, stack(0x00007f926bbfc000,0x00007f926bcfd000)]
  0x00007f92a81e0000 JavaThread "Service Thread" daemon [_thread_blocked, id=14556, stack(0x00007f926bafb000,0x00007f926bbfc000)]
  0x00007f92a81f1800 JavaThread "Common-Cleaner" daemon [_thread_blocked, id=14558, stack(0x00007f926b8f8000,0x00007f926b9f9000)]

Other Threads:
  0x00007f92a8133800 VMThread "VM Thread" [stack: 0x00007f9290057000,0x00007f9290157000] [id=14549]
  0x00007f92a81e2800 WatcherThread [stack: 0x00007f926b9fb000,0x00007f926bafb000] [id=14557]
  0x00007f92a8027000 GCTaskThread "GC Thread#0" [stack: 0x00007f92afbdd000,0x00007f92afcdd000] [id=14544]
  0x00007f92a8053000 ConcurrentGCThread "G1 Main Marker" [stack: 0x00007f92acd22000,0x00007f92ace22000] [id=14545]
  0x00007f92a8055000 ConcurrentGCThread "G1 Conc#0" [stack: 0x00007f92acc20000,0x00007f92acd20000] [id=14546]
  0x00007f92a80d1800 ConcurrentGCThread "G1 Refine#0" [stack: 0x00007f92ac316000,0x00007f92ac416000] [id=14547]
  0x00007f92a80d3800 ConcurrentGCThread "G1 Young RemSet Sampling" [stack: 0x00007f92ac214000,0x00007f92ac314000] [id=14548]

Threads with active compile tasks:

VM state:not at safepoint (normal execution)

VM Mutex/Monitor currently owned by a thread: None

Heap address: 0x0000000093a00000, size: 1734 MB, Compressed Oops mode: 32-bit
Narrow klass base: 0x0000000000000000, Narrow klass shift: 3
Compressed class space size: 1073741824 Address: 0x0000000100000000

Heap:
 garbage-first heap   total 112640K, used 11264K [0x0000000093a00000, 0x0000000100000000)
  region size 1024K, 13 young (13312K), 0 survivors (0K)
 Metaspace       used 10702K, capacity 10799K, committed 11136K, reserved 1058816K
  class space    used 737K, capacity 796K, committed 896K, reserved 1048576K
Heap Regions: E=young(eden), S=young(survivor), O=old, HS=humongous(starts), HC=humongous(continues), CS=collection set, F=free, A=archive, TAMS=top-at-mark-start (previous, next)
|   0|0x0000000093a00000, 0x0000000093a00000, 0x0000000093b00000|  0%| F|  |TAMS 0x0000000093a00000, 0x0000000093a00000| Untracked 
|   1|0x0000000093b00000, 0x0000000093b00000, 0x0000000093c00000|  0%| F|  |TAMS 0x0000000093b00000, 0x0000000093b00000| Untracked 
|   2|0x0000000093c00000, 0x0000000093c00000, 0x0000000093d00000|  0%| F|  |TAMS 0x0000000093c00000, 0x0000000093c00000| Untracked 
|   3|0x0000000093d00000, 0x0000000093d00000, 0x0000000093e00000|  0%| F|  |TAMS 0x0000000093d00000, 0x0000000093d00000| Untracked 
|   4|0x0000000093e00000, 0x0000000093e00000, 0x0000000093f00000|  0%| F|  |TAMS 0x0000000093e00000, 0x0000000093e00000| Untracked 
|   5|0x0000000093f00000, 0x0000000093f00000, 0x0000000094000000|  0%| F|  |TAMS 0x0000000093f00000, 0x0000000093f00000| Untracked 
|   6|0x0000000094000000, 0x0000000094000000, 0x0000000094100000|  0%| F|  |TAMS 0x0000000094000000, 0x0000000094000000| Untracked 
|   7|0x0000000094100000, 0x0000000094100000, 0x0000000094200000|  0%| F|  |TAMS 0x0000000094100000, 0x0000000094100000| Untracked 
|   8|0x0000000094200000, 0x0000000094200000, 0x0000000094300000|  0%| F|  |TAMS 0x0000000094200000, 0x0000000094200000| Untracked 
|   9|0x0000000094300000, 0x0000000094300000, 0x0000000094400000|  0%| F|  |TAMS 0x0000000094300000, 0x0000000094300000| Untracked 
|  10|0x0000000094400000, 0x0000000094400000, 0x0000000094500000|  0%| F|  |TAMS 0x0000000094400000, 0x0000000094400000| Untracked 
|  11|0x0000000094500000, 0x0000000094500000, 0x0000000094600000|  0%| F|  |TAMS 0x0000000094500000, 0x0000000094500000| Untracked 
|  12|0x0000000094600000, 0x0000000094600000, 0x0000000094700000|  0%| F|  |TAMS 0x0000000094600000, 0x0000000094600000| Untracked 
|  13|0x0000000094700000, 0x0000000094700000, 0x0000000094800000|  0%| F|  |TAMS 0x0000000094700000, 0x0000000094700000| Untracked 
|  14|0x0000000094800000, 0x0000000094800000, 0x0000000094900000|  0%| F|  |TAMS 0x0000000094800000, 0x0000000094800000| Untracked 
|  15|0x0000000094900000, 0x0000000094900000, 0x0000000094a00000|  0%| F|  |TAMS 0x0000000094900000, 0x0000000094900000| Untracked 
|  16|0x0000000094a00000, 0x0000000094a00000, 0x0000000094b00000|  0%| F|  |TAMS 0x0000000094a00000, 0x0000000094a00000| Untracked 
|  17|0x0000000094b00000, 0x0000000094b00000, 0x0000000094c00000|  0%| F|  |TAMS 0x0000000094b00000, 0x0000000094b00000| Untracked 
|  18|0x0000000094c00000, 0x0000000094c00000, 0x0000000094d00000|  0%| F|  |TAMS 0x0000000094c00000, 0x0000000094c00000| Untracked 
|  19|0x0000000094d00000, 0x0000000094d00000, 0x0000000094e00000|  0%| F|  |TAMS 0x0000000094d00000, 0x0000000094d00000| Untracked 
|  20|0x0000000094e00000, 0x0000000094e00000, 0x0000000094f00000|  0%| F|  |TAMS 0x0000000094e00000, 0x0000000094e00000| Untracked 
|  21|0x0000000094f00000, 0x0000000094f00000, 0x0000000095000000|  0%| F|  |TAMS 0x0000000094f00000, 0x0000000094f00000| Untracked 
|  22|0x0000000095000000, 0x0000000095000000, 0x0000000095100000|  0%| F|  |TAMS 0x0000000095000000, 0x0000000095000000| Untracked 
|  23|0x0000000095100000, 0x0000000095100000, 0x0000000095200000|  0%| F|  |TAMS 0x0000000095100000, 0x0000000095100000| Untracked 
|  24|0x0000000095200000, 0x0000000095200000, 0x0000000095300000|  0%| F|  |TAMS 0x0000000095200000, 0x0000000095200000| Untracked 
|  25|0x0000000095300000, 0x0000000095300000, 0x0000000095400000|  0%| F|  |TAMS 0x0000000095300000, 0x0000000095300000| Untracked 
|  26|0x0000000095400000, 0x0000000095400000, 0x0000000095500000|  0%| F|  |TAMS 0x0000000095400000, 0x0000000095400000| Untracked 
|  27|0x0000000095500000, 0x0000000095500000, 0x0000000095600000|  0%| F|  |TAMS 0x0000000095500000, 0x0000000095500000| Untracked 
|  28|0x0000000095600000, 0x0000000095600000, 0x0000000095700000|  0%| F|  |TAMS 0x0000000095600000, 0x0000000095600000| Untracked 
|  29|0x0000000095700000, 0x0000000095700000, 0x0000000095800000|  0%| F|  |TAMS 0x0000000095700000, 0x0000000095700000| Untracked 
|  30|0x0000000095800000, 0x0000000095800000, 0x0000000095900000|  0%| F|  |TAMS 0x0000000095800000, 0x0000000095800000| Untracked 
|  31|0x0000000095900000, 0x0000000095900000, 0x0000000095a00000|  0%| F|  |TAMS 0x0000000095900000, 0x0000000095900000| Untracked 
|  32|0x0000000095a00000, 0x0000000095a00000, 0x0000000095b00000|  0%| F|  |TAMS 0x0000000095a00000, 0x0000000095a00000| Untracked 
|  33|0x0000000095b00000, 0x0000000095b00000, 0x0000000095c00000|  0%| F|  |TAMS 0x0000000095b00000, 0x0000000095b00000| Untracked 
|  34|0x0000000095c00000, 0x0000000095c00000, 0x0000000095d00000|  0%| F|  |TAMS 0x0000000095c00000, 0x0000000095c00000| Untracked 
|  35|0x0000000095d00000, 0x0000000095d00000, 0x0000000095e00000|  0%| F|  |TAMS 0x0000000095d00000, 0x0000000095d00000| Untracked 
|  36|0x0000000095e00000, 0x0000000095e00000, 0x0000000095f00000|  0%| F|  |TAMS 0x0000000095e00000, 0x0000000095e00000| Untracked 
|  37|0x0000000095f00000, 0x0000000095f00000, 0x0000000096000000|  0%| F|  |TAMS 0x0000000095f00000, 0x0000000095f00000| Untracked 
|  38|0x0000000096000000, 0x0000000096000000, 0x0000000096100000|  0%| F|  |TAMS 0x0000000096000000, 0x0000000096000000| Untracked 
|  39|0x0000000096100000, 0x0000000096100000, 0x0000000096200000|  0%| F|  |TAMS 0x0000000096100000, 0x0000000096100000| Untracked 
|  40|0x0000000096200000, 0x0000000096200000, 0x0000000096300000|  0%| F|  |TAMS 0x0000000096200000, 0x0000000096200000| Untracked 
|  41|0x0000000096300000, 0x0000000096300000, 0x0000000096400000|  0%| F|  |TAMS 0x0000000096300000, 0x0000000096300000| Untracked 
|  42|0x0000000096400000, 0x0000000096400000, 0x0000000096500000|  0%| F|  |TAMS 0x0000000096400000, 0x0000000096400000| Untracked 
|  43|0x0000000096500000, 0x0000000096500000, 0x0000000096600000|  0%| F|  |TAMS 0x0000000096500000, 0x0000000096500000| Untracked 
|  44|0x0000000096600000, 0x0000000096600000, 0x0000000096700000|  0%| F|  |TAMS 0x0000000096600000, 0x0000000096600000| Untracked 
|  45|0x0000000096700000, 0x0000000096700000, 0x0000000096800000|  0%| F|  |TAMS 0x0000000096700000, 0x0000000096700000| Untracked 
|  46|0x0000000096800000, 0x0000000096800000, 0x0000000096900000|  0%| F|  |TAMS 0x0000000096800000, 0x0000000096800000| Untracked 
|  47|0x0000000096900000, 0x0000000096900000, 0x0000000096a00000|  0%| F|  |TAMS 0x0000000096900000, 0x0000000096900000| Untracked 
|  48|0x0000000096a00000, 0x0000000096a00000, 0x0000000096b00000|  0%| F|  |TAMS 0x0000000096a00000, 0x0000000096a00000| Untracked 
|  49|0x0000000096b00000, 0x0000000096b00000, 0x0000000096c00000|  0%| F|  |TAMS 0x0000000096b00000, 0x0000000096b00000| Untracked 
|  50|0x0000000096c00000, 0x0000000096c00000, 0x0000000096d00000|  0%| F|  |TAMS 0x0000000096c00000, 0x0000000096c00000| Untracked 
|  51|0x0000000096d00000, 0x0000000096d00000, 0x0000000096e00000|  0%| F|  |TAMS 0x0000000096d00000, 0x0000000096d00000| Untracked 
|  52|0x0000000096e00000, 0x0000000096e00000, 0x0000000096f00000|  0%| F|  |TAMS 0x0000000096e00000, 0x0000000096e00000| Untracked 
|  53|0x0000000096f00000, 0x0000000096f00000, 0x0000000097000000|  0%| F|  |TAMS 0x0000000096f00000, 0x0000000096f00000| Untracked 
|  54|0x0000000097000000, 0x0000000097000000, 0x0000000097100000|  0%| F|  |TAMS 0x0000000097000000, 0x0000000097000000| Untracked 
|  55|0x0000000097100000, 0x0000000097100000, 0x0000000097200000|  0%| F|  |TAMS 0x0000000097100000, 0x0000000097100000| Untracked 
|  56|0x0000000097200000, 0x0000000097200000, 0x0000000097300000|  0%| F|  |TAMS 0x0000000097200000, 0x0000000097200000| Untracked 
|  57|0x0000000097300000, 0x0000000097300000, 0x0000000097400000|  0%| F|  |TAMS 0x0000000097300000, 0x0000000097300000| Untracked 
|  58|0x0000000097400000, 0x0000000097400000, 0x0000000097500000|  0%| F|  |TAMS 0x0000000097400000, 0x0000000097400000| Untracked 
|  59|0x0000000097500000, 0x0000000097500000, 0x0000000097600000|  0%| F|  |TAMS 0x0000000097500000, 0x0000000097500000| Untracked 
|  60|0x0000000097600000, 0x0000000097600000, 0x0000000097700000|  0%| F|  |TAMS 0x0000000097600000, 0x0000000097600000| Untracked 
|  61|0x0000000097700000, 0x0000000097700000, 0x0000000097800000|  0%| F|  |TAMS 0x0000000097700000, 0x0000000097700000| Untracked 
|  62|0x0000000097800000, 0x0000000097800000, 0x0000000097900000|  0%| F|  |TAMS 0x0000000097800000, 0x0000000097800000| Untracked 
|  63|0x0000000097900000, 0x0000000097900000, 0x0000000097a00000|  0%| F|  |TAMS 0x0000000097900000, 0x0000000097900000| Untracked 
|  64|0x0000000097a00000, 0x0000000097a00000, 0x0000000097b00000|  0%| F|  |TAMS 0x0000000097a00000, 0x0000000097a00000| Untracked 
|  65|0x0000000097b00000, 0x0000000097b00000, 0x0000000097c00000|  0%| F|  |TAMS 0x0000000097b00000, 0x0000000097b00000| Untracked 
|  66|0x0000000097c00000, 0x0000000097c00000, 0x0000000097d00000|  0%| F|  |TAMS 0x0000000097c00000, 0x0000000097c00000| Untracked 
|  67|0x0000000097d00000, 0x0000000097d00000, 0x0000000097e00000|  0%| F|  |TAMS 0x0000000097d00000, 0x0000000097d00000| Untracked 
|  68|0x0000000097e00000, 0x0000000097e00000, 0x0000000097f00000|  0%| F|  |TAMS 0x0000000097e00000, 0x0000000097e00000| Untracked 
|  69|0x0000000097f00000, 0x0000000097f00000, 0x0000000098000000|  0%| F|  |TAMS 0x0000000097f00000, 0x0000000097f00000| Untracked 
|  70|0x0000000098000000, 0x0000000098000000, 0x0000000098100000|  0%| F|  |TAMS 0x0000000098000000, 0x0000000098000000| Untracked 
|  71|0x0000000098100000, 0x0000000098100000, 0x0000000098200000|  0%| F|  |TAMS 0x0000000098100000, 0x0000000098100000| Untracked 
|  72|0x0000000098200000, 0x0000000098200000, 0x0000000098300000|  0%| F|  |TAMS 0x0000000098200000, 0x0000000098200000| Untracked 
|  73|0x0000000098300000, 0x0000000098300000, 0x0000000098400000|  0%| F|  |TAMS 0x0000000098300000, 0x0000000098300000| Untracked 
|  74|0x0000000098400000, 0x0000000098400000, 0x0000000098500000|  0%| F|  |TAMS 0x0000000098400000, 0x0000000098400000| Untracked 
|  75|0x0000000098500000, 0x0000000098500000, 0x0000000098600000|  0%| F|  |TAMS 0x0000000098500000, 0x0000000098500000| Untracked 
|  76|0x0000000098600000, 0x0000000098600000, 0x0000000098700000|  0%| F|  |TAMS 0x0000000098600000, 0x0000000098600000| Untracked 
|  77|0x0000000098700000, 0x0000000098700000, 0x0000000098800000|  0%| F|  |TAMS 0x0000000098700000, 0x0000000098700000| Untracked 
|  78|0x0000000098800000, 0x0000000098800000, 0x0000000098900000|  0%| F|  |TAMS 0x0000000098800000, 0x0000000098800000| Untracked 
|  79|0x0000000098900000, 0x0000000098900000, 0x0000000098a00000|  0%| F|  |TAMS 0x0000000098900000, 0x0000000098900000| Untracked 
|  80|0x0000000098a00000, 0x0000000098a00000, 0x0000000098b00000|  0%| F|  |TAMS 0x0000000098a00000, 0x0000000098a00000| Untracked 
|  81|0x0000000098b00000, 0x0000000098b00000, 0x0000000098c00000|  0%| F|  |TAMS 0x0000000098b00000, 0x0000000098b00000| Untracked 
|  82|0x0000000098c00000, 0x0000000098c00000, 0x0000000098d00000|  0%| F|  |TAMS 0x0000000098c00000, 0x0000000098c00000| Untracked 
|  83|0x0000000098d00000, 0x0000000098d00000, 0x0000000098e00000|  0%| F|  |TAMS 0x0000000098d00000, 0x0000000098d00000| Untracked 
|  84|0x0000000098e00000, 0x0000000098e00000, 0x0000000098f00000|  0%| F|  |TAMS 0x0000000098e00000, 0x0000000098e00000| Untracked 
|  85|0x0000000098f00000, 0x0000000098f00000, 0x0000000099000000|  0%| F|  |TAMS 0x0000000098f00000, 0x0000000098f00000| Untracked 
|  86|0x0000000099000000, 0x0000000099000000, 0x0000000099100000|  0%| F|  |TAMS 0x0000000099000000, 0x0000000099000000| Untracked 
|  87|0x0000000099100000, 0x0000000099100000, 0x0000000099200000|  0%| F|  |TAMS 0x0000000099100000, 0x0000000099100000| Untracked 
|  88|0x0000000099200000, 0x0000000099200000, 0x0000000099300000|  0%| F|  |TAMS 0x0000000099200000, 0x0000000099200000| Untracked 
|  89|0x0000000099300000, 0x0000000099300000, 0x0000000099400000|  0%| F|  |TAMS 0x0000000099300000, 0x0000000099300000| Untracked 
|  90|0x0000000099400000, 0x0000000099400000, 0x0000000099500000|  0%| F|  |TAMS 0x0000000099400000, 0x0000000099400000| Untracked 
|  91|0x0000000099500000, 0x0000000099500000, 0x0000000099600000|  0%| F|  |TAMS 0x0000000099500000, 0x0000000099500000| Untracked 
|  92|0x0000000099600000, 0x0000000099600000, 0x0000000099700000|  0%| F|  |TAMS 0x0000000099600000, 0x0000000099600000| Untracked 
|  93|0x0000000099700000, 0x0000000099700000, 0x0000000099800000|  0%| F|  |TAMS 0x0000000099700000, 0x0000000099700000| Untracked 
|  94|0x0000000099800000, 0x0000000099800000, 0x0000000099900000|  0%| F|  |TAMS 0x0000000099800000, 0x0000000099800000| Untracked 
|  95|0x0000000099900000, 0x0000000099900000, 0x0000000099a00000|  0%| F|  |TAMS 0x0000000099900000, 0x0000000099900000| Untracked 
|  96|0x0000000099a00000, 0x0000000099a00000, 0x0000000099b00000|  0%| F|  |TAMS 0x0000000099a00000, 0x0000000099a00000| Untracked 
|  97|0x0000000099b00000, 0x0000000099bff2c8, 0x0000000099c00000| 99%| E|  |TAMS 0x0000000099b00000, 0x0000000099b00000| Complete 
|  98|0x0000000099c00000, 0x0000000099d00000, 0x0000000099d00000|100%| E|  |TAMS 0x0000000099c00000, 0x0000000099c00000| Complete 
|  99|0x0000000099d00000, 0x0000000099e00000, 0x0000000099e00000|100%| E|CS|TAMS 0x0000000099d00000, 0x0000000099d00000| Complete 
| 100|0x0000000099e00000, 0x0000000099f00000, 0x0000000099f00000|100%| E|CS|TAMS 0x0000000099e00000, 0x0000000099e00000| Complete 
| 101|0x0000000099f00000, 0x000000009a000000, 0x000000009a000000|100%| E|CS|TAMS 0x0000000099f00000, 0x0000000099f00000| Complete 
| 102|0x000000009a000000, 0x000000009a100000, 0x000000009a100000|100%| E|CS|TAMS 0x000000009a000000, 0x000000009a000000| Complete 
| 103|0x000000009a100000, 0x000000009a200000, 0x000000009a200000|100%| E|CS|TAMS 0x000000009a100000, 0x000000009a100000| Complete 
| 104|0x000000009a200000, 0x000000009a300000, 0x000000009a300000|100%| E|CS|TAMS 0x000000009a200000, 0x000000009a200000| Complete 
| 105|0x000000009a300000, 0x000000009a400000, 0x000000009a400000|100%| E|CS|TAMS 0x000000009a300000, 0x000000009a300000| Complete 
| 106|0x000000009a400000, 0x000000009a500000, 0x000000009a500000|100%| E|CS|TAMS 0x000000009a400000, 0x000000009a400000| Complete 
| 107|0x000000009a500000, 0x000000009a600000, 0x000000009a600000|100%| E|CS|TAMS 0x000000009a500000, 0x000000009a500000| Complete 
| 108|0x000000009a600000, 0x000000009a700000, 0x000000009a700000|100%| E|CS|TAMS 0x000000009a600000, 0x000000009a600000| Complete 
| 109|0x000000009a700000, 0x000000009a800000, 0x000000009a800000|100%| E|CS|TAMS 0x000000009a700000, 0x000000009a700000| Complete 

Card table byte_map: [0x00007f92aed0d000,0x00007f92af070000] _byte_map_base: 0x00007f92ae870000

Marking Bits (Prev, Next): (CMBitMap*) 0x00007f92a804b538, (CMBitMap*) 0x00007f92a804b570
 Prev Bits: [0x00007f92ace92000, 0x00007f92ae9aa000)
 Next Bits: [0x00007f928a4e8000, 0x00007f928c000000)

Polling page: 0x00007f92b1935000

Metaspace:

Usage:
  Non-class:      9.77 MB capacity,     9.73 MB (>99%) used,    26.73 KB ( <1%) free+waste,    10.69 KB ( <1%) overhead. 
      Class:    796.00 KB capacity,   737.03 KB ( 93%) used,    54.97 KB (  7%) free+waste,     4.00 KB ( <1%) overhead. 
       Both:     10.55 MB capacity,    10.45 MB (>99%) used,    81.70 KB ( <1%) free+waste,    14.69 KB ( <1%) overhead. 

Virtual space:
  Non-class space:       10.00 MB reserved,      10.00 MB (100%) committed 
      Class space:        1.00 GB reserved,     896.00 KB ( <1%) committed 
             Both:        1.01 GB reserved,      10.88 MB (  1%) committed 

Chunk freelists:
   Non-Class:  129.00 KB
       Class:  4.00 KB
        Both:  133.00 KB

CodeHeap 'non-profiled nmethods': size=120032Kb used=163Kb max_used=163Kb free=119868Kb
 bounds [0x00007f929841f000, 0x00007f929868f000, 0x00007f929f957000]
CodeHeap 'profiled nmethods': size=120028Kb used=1068Kb max_used=1068Kb free=118960Kb
 bounds [0x00007f9290ee8000, 0x00007f9291158000, 0x00007f929841f000]
CodeHeap 'non-nmethods': size=5700Kb used=1391Kb max_used=1402Kb free=4308Kb
 bounds [0x00007f9290957000, 0x00007f9290bc7000, 0x00007f9290ee8000]
 total_blobs=1675 nmethods=633 adapters=822
 compilation: enabled
              stopped_count=0, restarted_count=0
 full_count=0

Compilation events (10 events):
Event: 2.014 Thread 0x00007f92a8157800  629       3       java.util.regex.CharPredicates$$Lambda$5/0x0000000100065440::is (5 bytes)
Event: 2.015 Thread 0x00007f92a8157800 nmethod 629 0x00007f9290ff0a10 code [0x00007f9290ff0c00, 0x00007f9290ff1050]
Event: 2.015 Thread 0x00007f92a8157800  630       3       java.util.regex.CharPredicates::lambda$ASCII_WORD$16 (20 bytes)
Event: 2.016 Thread 0x00007f92a8157800 nmethod 630 0x00007f9290ff1210 code [0x00007f9290ff13e0, 0x00007f9290ff17b0]
Event: 2.016 Thread 0x00007f92a8157800  631       3       java.util.regex.ASCII::isWord (7 bytes)
Event: 2.016 Thread 0x00007f92a8157800 nmethod 631 0x00007f9290ff1910 code [0x00007f9290ff1ae0, 0x00007f9290ff1db0]
Event: 2.016 Thread 0x00007f92a8157800  632       3       java.util.regex.ASCII::isType (15 bytes)
Event: 2.016 Thread 0x00007f92a8157800 nmethod 632 0x00007f9290ff1f10 code [0x00007f9290ff20e0, 0x00007f9290ff2350]
Event: 2.016 Thread 0x00007f92a8157800  628       3       java.lang.String::<init> (74 bytes)
Event: 2.017 Thread 0x00007f92a8157800 nmethod 628 0x00007f9290ff2490 code [0x00007f9290ff26a0, 0x00007f9290ff2d58]

GC Heap History (0 events):
No events

Deoptimization events (10 events):
Event: 0.358 Thread 0x00007f92a8011000 Uncommon trap: trap_request=0xffffff4d fr.pc=0x00007f9298423c1c relative=0x00000000000001fc
Event: 0.358 Thread 0x00007f92a8011000 Uncommon trap: reason=unstable_if action=reinterpret pc=0x00007f9298423c1c method=java.lang.String.hashCode()I @ 14 c2
Event: 0.358 Thread 0x00007f92a8011000 DEOPT PACKING pc=0x00007f9298423c1c sp=0x00007f92b0008250
Event: 0.358 Thread 0x00007f92a8011000 DEOPT UNPACKING pc=0x00007f929097f6a5 sp=0x00007f92b0008208 mode 2
Event: 1.772 Thread 0x00007f92a8011000 DEOPT PACKING pc=0x00007f9290f49054 sp=0x00007f92b00079b0
Event: 1.772 Thread 0x00007f92a8011000 DEOPT UNPACKING pc=0x00007f929097f4ba sp=0x00007f92b0006e28 mode 0
Event: 1.830 Thread 0x00007f92a8011000 DEOPT PACKING pc=0x00007f9290f3f512 sp=0x00007f92b00087c0
Event: 1.830 Thread 0x00007f92a8011000 DEOPT UNPACKING pc=0x00007f929097f4ba sp=0x00007f92b0007c48 mode 0
Event: 1.842 Thread 0x00007f92a8011000 DEOPT PACKING pc=0x00007f9290f1216f sp=0x00007f92b0008870
Event: 1.842 Thread 0x00007f92a8011000 DEOPT UNPACKING pc=0x00007f929097f4ba sp=0x00007f92b0007d18 mode 0

Classes redefined (0 events):
No events

Internal exceptions (3 events):
Event: 0.480 Thread 0x00007f92a8011000 Exception <a 'java/lang/NoSuchMethodError'{0x000000009a539ec8}: 'void java.lang.invoke.DelegatingMethodHandle$Holder.delegate(java.lang.Object, java.lang.Object, int, java.lang.Object)'> (0x000000009a539ec8) thrown at [/build/java11-openjdk/src/jdk11u-jdk
Event: 0.481 Thread 0x00007f92a8011000 Exception <a 'java/lang/NoSuchMethodError'{0x000000009a5414c8}: 'java.lang.Object java.lang.invoke.DirectMethodHandle$Holder.invokeStaticInit(java.lang.Object, java.lang.Object, java.lang.Object)'> (0x000000009a5414c8) thrown at [/build/java11-openjdk/src
Event: 1.727 Thread 0x00007f92a8011000 Exception <a 'sun/nio/fs/UnixException'{0x000000009a3507b8}> (0x000000009a3507b8) thrown at [/build/java11-openjdk/src/jdk11u-jdk-11.0.4+11/src/hotspot/share/prims/jni.cpp, line 615]

Events (10 events):
Event: 1.993 loading class org/lwjgl/opengl/GL12C
Event: 1.993 loading class org/lwjgl/opengl/GL12C done
Event: 1.996 loading class base/Common
Event: 1.996 loading class base/Common done
Event: 1.997 loading class base/Texture2D
Event: 1.997 loading class base/Texture2D done
Event: 1.998 loading class org/lwjgl/stb/STBImage
Event: 1.998 loading class org/lwjgl/stb/STBImage done
Event: 2.000 loading class org/lwjgl/stb/LibSTB
Event: 2.000 loading class org/lwjgl/stb/LibSTB done


Dynamic libraries:
93a00000-9a800000 rw-p 00000000 00:00 0 
9a800000-100000000 ---p 00000000 00:00 0 
100000000-1000e0000 rw-p 00000000 00:00 0 
1000e0000-140000000 ---p 00000000 00:00 0 
5591fc0dc000-5591fc0dd000 r--p 00000000 08:06 1328649                    /usr/lib/jvm/java-11-openjdk/bin/java
5591fc0dd000-5591fc0de000 r-xp 00001000 08:06 1328649                    /usr/lib/jvm/java-11-openjdk/bin/java
5591fc0de000-5591fc0df000 r--p 00002000 08:06 1328649                    /usr/lib/jvm/java-11-openjdk/bin/java
5591fc0df000-5591fc0e0000 r--p 00002000 08:06 1328649                    /usr/lib/jvm/java-11-openjdk/bin/java
5591fc0e0000-5591fc0e1000 rw-p 00003000 08:06 1328649                    /usr/lib/jvm/java-11-openjdk/bin/java
5591fd143000-5591fd164000 rw-p 00000000 00:00 0                          [heap]
7f9204000000-7f9204021000 rw-p 00000000 00:00 0 
7f9204021000-7f9208000000 ---p 00000000 00:00 0 
7f920c000000-7f920c021000 rw-p 00000000 00:00 0 
7f920c021000-7f9210000000 ---p 00000000 00:00 0 
7f9210000000-7f9210021000 rw-p 00000000 00:00 0 
7f9210021000-7f9214000000 ---p 00000000 00:00 0 
7f9214000000-7f9214021000 rw-p 00000000 00:00 0 
7f9214021000-7f9218000000 ---p 00000000 00:00 0 
7f9218000000-7f9218021000 rw-p 00000000 00:00 0 
7f9218021000-7f921c000000 ---p 00000000 00:00 0 
7f921c000000-7f921c021000 rw-p 00000000 00:00 0 
7f921c021000-7f9220000000 ---p 00000000 00:00 0 
7f9220000000-7f9220021000 rw-p 00000000 00:00 0 
7f9220021000-7f9224000000 ---p 00000000 00:00 0 
7f9224000000-7f9224021000 rw-p 00000000 00:00 0 
7f9224021000-7f9228000000 ---p 00000000 00:00 0 
7f9228000000-7f9228021000 rw-p 00000000 00:00 0 
7f9228021000-7f922c000000 ---p 00000000 00:00 0 
7f922ea0f000-7f922effe000 rw-p 00000000 00:00 0 
7f922effe000-7f922efff000 ---p 00000000 00:00 0 
7f922efff000-7f922f7ff000 rw-p 00000000 00:00 0 
7f922f7ff000-7f922f800000 ---p 00000000 00:00 0 
7f922f800000-7f9230000000 rw-p 00000000 00:00 0 
7f9230000000-7f9230021000 rw-p 00000000 00:00 0 
7f9230021000-7f9234000000 ---p 00000000 00:00 0 
7f9234010000-7f92347f9000 rw-s 133cc8000 00:06 389                       /dev/dri/renderD128
7f92347f9000-7f92347fa000 ---p 00000000 00:00 0 
7f92347fa000-7f9234ffa000 rw-p 00000000 00:00 0 
7f9234ffa000-7f9234ffb000 ---p 00000000 00:00 0 
7f9234ffb000-7f92357fb000 rw-p 00000000 00:00 0 
7f92357fb000-7f92357fc000 ---p 00000000 00:00 0 
7f92357fc000-7f9235ffc000 rw-p 00000000 00:00 0 
7f9235ffc000-7f9235ffd000 ---p 00000000 00:00 0 
7f9235ffd000-7f92367fd000 rw-p 00000000 00:00 0 
7f92367fd000-7f92367fe000 ---p 00000000 00:00 0 
7f92367fe000-7f9236ffe000 rw-p 00000000 00:00 0 
7f9236ffe000-7f9236fff000 ---p 00000000 00:00 0 
7f9236fff000-7f92377ff000 rw-p 00000000 00:00 0 
7f92377ff000-7f9237800000 ---p 00000000 00:00 0 
7f9237800000-7f9238000000 rw-p 00000000 00:00 0 
7f9238000000-7f9238021000 rw-p 00000000 00:00 0 
7f9238021000-7f923c000000 ---p 00000000 00:00 0 
7f923c000000-7f923c021000 rw-p 00000000 00:00 0 
7f923c021000-7f9240000000 ---p 00000000 00:00 0 
7f9240000000-7f9240021000 rw-p 00000000 00:00 0 
7f9240021000-7f9244000000 ---p 00000000 00:00 0 
7f9244025000-7f9244089000 r-xp 00000000 00:2c 63                         /tmp/lwjglatri/3.2.2-build-10/liblwjgl_stb.so
7f9244089000-7f9244288000 ---p 00064000 00:2c 63                         /tmp/lwjglatri/3.2.2-build-10/liblwjgl_stb.so
7f9244288000-7f9244289000 r--p 00063000 00:2c 63                         /tmp/lwjglatri/3.2.2-build-10/liblwjgl_stb.so
7f9244289000-7f924428a000 rw-p 00064000 00:2c 63                         /tmp/lwjglatri/3.2.2-build-10/liblwjgl_stb.so
7f924428a000-7f924448b000 rw-p 00000000 00:00 0 
7f924448b000-7f92444e2000 r-xp 00000000 00:2c 62                         /tmp/lwjglatri/3.2.2-build-10/liblwjgl_opengl.so
7f92444e2000-7f92446e1000 ---p 00057000 00:2c 62                         /tmp/lwjglatri/3.2.2-build-10/liblwjgl_opengl.so
7f92446e1000-7f92446e2000 r--p 00056000 00:2c 62                         /tmp/lwjglatri/3.2.2-build-10/liblwjgl_opengl.so
7f92446e2000-7f92446e3000 rw-p 00057000 00:2c 62                         /tmp/lwjglatri/3.2.2-build-10/liblwjgl_opengl.so
7f92446e3000-7f92446e4000 ---p 00000000 00:00 0 
7f92446e4000-7f9244ee4000 rw-p 00000000 00:00 0 
7f9244ee4000-7f9244ee5000 ---p 00000000 00:00 0 
7f9244ee5000-7f92456e5000 rw-p 00000000 00:00 0 
7f92456e5000-7f92456e6000 ---p 00000000 00:00 0 
7f92456e6000-7f9245ee6000 rw-p 00000000 00:00 0 
7f9245ee6000-7f9247929000 r--p 00000000 08:06 661019                     /usr/lib/libicudata.so.64.2
7f9247929000-7f924792a000 r--p 01a42000 08:06 661019                     /usr/lib/libicudata.so.64.2
7f924792a000-7f924814a000 r--p 00000000 08:06 661082                     /usr/lib/libLLVM-8.so
7f924814a000-7f924a95d000 r-xp 00820000 08:06 661082                     /usr/lib/libLLVM-8.so
7f924a95d000-7f924bb67000 r--p 03033000 08:06 661082                     /usr/lib/libLLVM-8.so
7f924bb67000-7f924bb68000 ---p 0423d000 08:06 661082                     /usr/lib/libLLVM-8.so
7f924bb68000-7f924bf87000 r--p 0423d000 08:06 661082                     /usr/lib/libLLVM-8.so
7f924bf87000-7f924bf97000 rw-p 0465c000 08:06 661082                     /usr/lib/libLLVM-8.so
7f924bf97000-7f924c000000 rw-p 00000000 00:00 0 
7f924c000000-7f924c021000 rw-p 00000000 00:00 0 
7f924c021000-7f9250000000 ---p 00000000 00:00 0 
7f9250000000-7f9250021000 rw-p 00000000 00:00 0 
7f9250021000-7f9254000000 ---p 00000000 00:00 0 
7f9254000000-7f9254021000 rw-p 00000000 00:00 0 
7f9254021000-7f9258000000 ---p 00000000 00:00 0 
7f9258000000-7f9258021000 rw-p 00000000 00:00 0 
7f9258021000-7f925c000000 ---p 00000000 00:00 0 
7f925c000000-7f925c22f000 rw-p 00000000 00:00 0 
7f925c22f000-7f9260000000 ---p 00000000 00:00 0 
7f9260000000-7f926044d000 rw-p 00000000 00:00 0 
7f926044d000-7f9264000000 ---p 00000000 00:00 0 
7f9264000000-7f9264021000 rw-p 00000000 00:00 0 
7f9264021000-7f9268000000 ---p 00000000 00:00 0 
7f926802b000-7f926804b000 rw-s 00000000 08:05 1722894                    /home/atri/#1722894 (deleted)
7f926804b000-7f926824b000 rw-s 127c59000 00:06 389                       /dev/dri/renderD128
7f926824b000-7f926844b000 rw-s 110a9e000 00:06 389                       /dev/dri/renderD128
7f926844b000-7f926864b000 rw-s 1086d5000 00:06 389                       /dev/dri/renderD128
7f926864b000-7f926878c000 rw-s 00000000 08:05 1707317                    /home/atri/.cache/mesa_shader_cache/index
7f926878c000-7f926878d000 ---p 00000000 00:00 0 
7f926878d000-7f9268f8d000 rw-p 00000000 00:00 0 
7f9268f8d000-7f9268fb2000 r-xp 00000000 08:06 661423                     /usr/lib/liblzma.so.5.2.4
7f9268fb2000-7f92691b1000 ---p 00025000 08:06 661423                     /usr/lib/liblzma.so.5.2.4
7f92691b1000-7f92691b2000 r--p 00024000 08:06 661423                     /usr/lib/liblzma.so.5.2.4
7f92691b2000-7f92691b3000 rw-p 00025000 08:06 661423                     /usr/lib/liblzma.so.5.2.4
7f92691b3000-7f9269215000 r--p 00000000 08:06 665553                     /usr/lib/libicuuc.so.64.2
7f9269215000-7f92692f2000 r-xp 00062000 08:06 665553                     /usr/lib/libicuuc.so.64.2
7f92692f2000-7f9269375000 r--p 0013f000 08:06 665553                     /usr/lib/libicuuc.so.64.2
7f9269375000-7f9269376000 ---p 001c2000 08:06 665553                     /usr/lib/libicuuc.so.64.2
7f9269376000-7f9269388000 r--p 001c2000 08:06 665553                     /usr/lib/libicuuc.so.64.2
7f9269388000-7f9269389000 rw-p 001d4000 08:06 665553                     /usr/lib/libicuuc.so.64.2
7f9269389000-7f926938b000 rw-p 00000000 00:00 0 
7f926938b000-7f92693b9000 r--p 00000000 08:06 661643                     /usr/lib/libxml2.so.2.9.9
7f92693b9000-7f926949d000 r-xp 0002e000 08:06 661643                     /usr/lib/libxml2.so.2.9.9
7f926949d000-7f92694e6000 r--p 00112000 08:06 661643                     /usr/lib/libxml2.so.2.9.9
7f92694e6000-7f92694e7000 ---p 0015b000 08:06 661643                     /usr/lib/libxml2.so.2.9.9
7f92694e7000-7f92694f0000 r--p 0015b000 08:06 661643                     /usr/lib/libxml2.so.2.9.9
7f92694f0000-7f92694f1000 rw-p 00164000 08:06 661643                     /usr/lib/libxml2.so.2.9.9
7f92694f1000-7f92694f3000 rw-p 00000000 00:00 0 
7f92694f3000-7f926950a000 r--p 00000000 08:06 661447                     /usr/lib/libncursesw.so.6.1
7f926950a000-7f9269545000 r-xp 00017000 08:06 661447                     /usr/lib/libncursesw.so.6.1
7f9269545000-7f926955c000 r--p 00052000 08:06 661447                     /usr/lib/libncursesw.so.6.1
7f926955c000-7f9269561000 r--p 00068000 08:06 661447                     /usr/lib/libncursesw.so.6.1
7f9269561000-7f9269562000 rw-p 0006d000 08:06 661447                     /usr/lib/libncursesw.so.6.1
7f9269562000-7f926956b000 r--p 00000000 08:06 665580                     /usr/lib/libedit.so.0.0.60
7f926956b000-7f9269587000 r-xp 00009000 08:06 665580                     /usr/lib/libedit.so.0.0.60
7f9269587000-7f9269595000 r--p 00025000 08:06 665580                     /usr/lib/libedit.so.0.0.60
7f9269595000-7f9269596000 ---p 00033000 08:06 665580                     /usr/lib/libedit.so.0.0.60
7f9269596000-7f9269598000 r--p 00033000 08:06 665580                     /usr/lib/libedit.so.0.0.60
7f9269598000-7f9269599000 rw-p 00035000 08:06 665580                     /usr/lib/libedit.so.0.0.60
7f9269599000-7f926959c000 rw-p 00000000 00:00 0 
7f926959c000-7f926959e000 r--p 00000000 08:06 661349                     /usr/lib/libffi.so.6.0.4
7f926959e000-7f92695a3000 r-xp 00002000 08:06 661349                     /usr/lib/libffi.so.6.0.4
7f92695a3000-7f92695a4000 r--p 00007000 08:06 661349                     /usr/lib/libffi.so.6.0.4
7f92695a4000-7f92695a5000 ---p 00008000 08:06 661349                     /usr/lib/libffi.so.6.0.4
7f92695a5000-7f92695a6000 r--p 00008000 08:06 661349                     /usr/lib/libffi.so.6.0.4
7f92695a6000-7f92695a7000 rw-p 00009000 08:06 661349                     /usr/lib/libffi.so.6.0.4
7f92695a7000-7f92695a9000 r--p 00000000 08:06 659743                     /usr/lib/libdrm_nouveau.so.2.0.0
7f92695a9000-7f92695ad000 r-xp 00002000 08:06 659743                     /usr/lib/libdrm_nouveau.so.2.0.0
7f92695ad000-7f92695af000 r--p 00006000 08:06 659743                     /usr/lib/libdrm_nouveau.so.2.0.0
7f92695af000-7f92695b0000 r--p 00007000 08:06 659743                     /usr/lib/libdrm_nouveau.so.2.0.0
7f92695b0000-7f92695b1000 rw-p 00008000 08:06 659743                     /usr/lib/libdrm_nouveau.so.2.0.0
7f92695b1000-7f92695b4000 r--p 00000000 08:06 659595                     /usr/lib/libdrm_amdgpu.so.1.0.0
7f92695b4000-7f92695b9000 r-xp 00003000 08:06 659595                     /usr/lib/libdrm_amdgpu.so.1.0.0
7f92695b9000-7f92695bb000 r--p 00008000 08:06 659595                     /usr/lib/libdrm_amdgpu.so.1.0.0
7f92695bb000-7f92695bc000 r--p 00009000 08:06 659595                     /usr/lib/libdrm_amdgpu.so.1.0.0
7f92695bc000-7f92695bd000 rw-p 0000a000 08:06 659595                     /usr/lib/libdrm_amdgpu.so.1.0.0
7f92695bd000-7f92695c0000 r--p 00000000 08:06 661337                     /usr/lib/libelf-0.176.so
7f92695c0000-7f92695d0000 r-xp 00003000 08:06 661337                     /usr/lib/libelf-0.176.so
7f92695d0000-7f92695d5000 r--p 00013000 08:06 661337                     /usr/lib/libelf-0.176.so
7f92695d5000-7f92695d6000 r--p 00017000 08:06 661337                     /usr/lib/libelf-0.176.so
7f92695d6000-7f92695d7000 rw-p 00018000 08:06 661337                     /usr/lib/libelf-0.176.so
7f92695d7000-7f92695d9000 r--p 00000000 08:06 665573                     /usr/lib/libdrm_radeon.so.1.0.1
7f92695d9000-7f92695e0000 r-xp 00002000 08:06 665573                     /usr/lib/libdrm_radeon.so.1.0.1
7f92695e0000-7f92695e4000 r--p 00009000 08:06 665573                     /usr/lib/libdrm_radeon.so.1.0.1
7f92695e4000-7f92695e5000 r--p 0000c000 08:06 665573                     /usr/lib/libdrm_radeon.so.1.0.1
7f92695e5000-7f92695e6000 rw-p 0000d000 08:06 665573                     /usr/lib/libdrm_radeon.so.1.0.1
7f92695e6000-7f92695e9000 r--p 00000000 08:06 661527                     /usr/lib/libsensors.so.5.0.0
7f92695e9000-7f92695f0000 r-xp 00003000 08:06 661527                     /usr/lib/libsensors.so.5.0.0
7f92695f0000-7f92695f5000 r--p 0000a000 08:06 661527                     /usr/lib/libsensors.so.5.0.0
7f92695f5000-7f92695f6000 ---p 0000f000 08:06 661527                     /usr/lib/libsensors.so.5.0.0
7f92695f6000-7f92695f7000 r--p 0000f000 08:06 661527                     /usr/lib/libsensors.so.5.0.0
7f92695f7000-7f92695f8000 rw-p 00010000 08:06 661527                     /usr/lib/libsensors.so.5.0.0
7f92695f8000-7f926969e000 r--p 00000000 08:06 659461                     /usr/lib/dri/radeonsi_dri.so
7f926969e000-7f926a1d8000 r-xp 000a6000 08:06 659461                     /usr/lib/dri/radeonsi_dri.so
7f926a1d8000-7f926a52c000 r--p 00be0000 08:06 659461                     /usr/lib/dri/radeonsi_dri.so
7f926a52c000-7f926a5ce000 r--p 00f33000 08:06 659461                     /usr/lib/dri/radeonsi_dri.so
7f926a5ce000-7f926a5fe000 rw-p 00fd5000 08:06 659461                     /usr/lib/dri/radeonsi_dri.so
7f926a5fe000-7f926a813000 rw-p 00000000 00:00 0 
7f926a813000-7f926a817000 r--p 00000000 08:06 665529                     /usr/lib/libexpat.so.1.6.9
7f926a817000-7f926a832000 r-xp 00004000 08:06 665529                     /usr/lib/libexpat.so.1.6.9
7f926a832000-7f926a83c000 r--p 0001f000 08:06 665529                     /usr/lib/libexpat.so.1.6.9
7f926a83c000-7f926a83d000 ---p 00029000 08:06 665529                     /usr/lib/libexpat.so.1.6.9
7f926a83d000-7f926a83f000 r--p 00029000 08:06 665529                     /usr/lib/libexpat.so.1.6.9
7f926a83f000-7f926a840000 rw-p 0002b000 08:06 665529                     /usr/lib/libexpat.so.1.6.9
7f926a840000-7f926a841000 r-xp 00000000 08:06 661593                     /usr/lib/libxshmfence.so.1.0.0
7f926a841000-7f926aa40000 ---p 00001000 08:06 661593                     /usr/lib/libxshmfence.so.1.0.0
7f926aa40000-7f926aa41000 r--p 00000000 08:06 661593                     /usr/lib/libxshmfence.so.1.0.0
7f926aa41000-7f926aa42000 rw-p 00001000 08:06 661593                     /usr/lib/libxshmfence.so.1.0.0
7f926aa42000-7f926aa45000 r--p 00000000 08:06 661582                     /usr/lib/libxcb-sync.so.1.0.0
7f926aa45000-7f926aa48000 r-xp 00003000 08:06 661582                     /usr/lib/libxcb-sync.so.1.0.0
7f926aa48000-7f926aa49000 r--p 00006000 08:06 661582                     /usr/lib/libxcb-sync.so.1.0.0
7f926aa49000-7f926aa4a000 ---p 00007000 08:06 661582                     /usr/lib/libxcb-sync.so.1.0.0
7f926aa4a000-7f926aa4b000 r--p 00007000 08:06 661582                     /usr/lib/libxcb-sync.so.1.0.0
7f926aa4b000-7f926aa4c000 rw-p 00008000 08:06 661582                     /usr/lib/libxcb-sync.so.1.0.0
7f926aa4c000-7f926aa4d000 r--p 00000000 08:06 661574                     /usr/lib/libxcb-present.so.0.0.0
7f926aa4d000-7f926aa4e000 r-xp 00001000 08:06 661574                     /usr/lib/libxcb-present.so.0.0.0
7f926aa4e000-7f926aa4f000 r--p 00002000 08:06 661574                     /usr/lib/libxcb-present.so.0.0.0
7f926aa4f000-7f926aa50000 r--p 00002000 08:06 661574                     /usr/lib/libxcb-present.so.0.0.0
7f926aa50000-7f926aa51000 rw-p 00003000 08:06 661574                     /usr/lib/libxcb-present.so.0.0.0
7f926aa51000-7f926aa53000 r--p 00000000 08:06 661572                     /usr/lib/libxcb-dri3.so.0.0.0
7f926aa53000-7f926aa54000 r-xp 00002000 08:06 661572                     /usr/lib/libxcb-dri3.so.0.0.0
7f926aa54000-7f926aa55000 r--p 00003000 08:06 661572                     /usr/lib/libxcb-dri3.so.0.0.0
7f926aa55000-7f926aa56000 r--p 00003000 08:06 661572                     /usr/lib/libxcb-dri3.so.0.0.0
7f926aa56000-7f926aa57000 rw-p 00004000 08:06 661572                     /usr/lib/libxcb-dri3.so.0.0.0
7f926aa57000-7f926aa58000 r--p 00000000 08:06 661269                     /usr/lib/libXdamage.so.1.1.0
7f926aa58000-7f926aa59000 r-xp 00001000 08:06 661269                     /usr/lib/libXdamage.so.1.1.0
7f926aa59000-7f926aa5a000 r--p 00002000 08:06 661269                     /usr/lib/libXdamage.so.1.1.0
7f926aa5a000-7f926aa5b000 r--p 00002000 08:06 661269                     /usr/lib/libXdamage.so.1.1.0
7f926aa5b000-7f926aa5c000 rw-p 00003000 08:06 661269                     /usr/lib/libXdamage.so.1.1.0
7f926aa5c000-7f926aa68000 r--p 00000000 08:06 661573                     /usr/lib/libxcb-glx.so.0.0.0
7f926aa68000-7f926aa71000 r-xp 0000c000 08:06 661573                     /usr/lib/libxcb-glx.so.0.0.0
7f926aa71000-7f926aa76000 r--p 00015000 08:06 661573                     /usr/lib/libxcb-glx.so.0.0.0
7f926aa76000-7f926aa77000 ---p 0001a000 08:06 661573                     /usr/lib/libxcb-glx.so.0.0.0
7f926aa77000-7f926aa79000 r--p 0001a000 08:06 661573                     /usr/lib/libxcb-glx.so.0.0.0
7f926aa79000-7f926aa7a000 rw-p 0001c000 08:06 661573                     /usr/lib/libxcb-glx.so.0.0.0
7f926aa7a000-7f926aa7f000 r--p 00000000 08:06 659592                     /usr/lib/libdrm.so.2.4.0
7f926aa7f000-7f926aa89000 r-xp 00005000 08:06 659592                     /usr/lib/libdrm.so.2.4.0
7f926aa89000-7f926aa8d000 r--p 0000f000 08:06 659592                     /usr/lib/libdrm.so.2.4.0
7f926aa8d000-7f926aa8e000 r--p 00012000 08:06 659592                     /usr/lib/libdrm.so.2.4.0
7f926aa8e000-7f926aa8f000 rw-p 00013000 08:06 659592                     /usr/lib/libdrm.so.2.4.0
7f926aa8f000-7f926aa9a000 r--p 00000000 08:06 661567                     /usr/lib/libglapi.so.0.0.0
7f926aa9a000-7f926aaa6000 r-xp 0000b000 08:06 661567                     /usr/lib/libglapi.so.0.0.0
7f926aaa6000-7f926aabc000 r--p 00017000 08:06 661567                     /usr/lib/libglapi.so.0.0.0
7f926aabc000-7f926aabd000 ---p 0002d000 08:06 661567                     /usr/lib/libglapi.so.0.0.0
7f926aabd000-7f926aac1000 r--p 0002d000 08:06 661567                     /usr/lib/libglapi.so.0.0.0
7f926aac1000-7f926aac2000 rw-p 00031000 08:06 661567                     /usr/lib/libglapi.so.0.0.0
7f926aac2000-7f926aac3000 rw-p 00000000 00:00 0 
7f926aac3000-7f926aadc000 r--p 00000000 08:06 659640                     /usr/lib/libGLX_mesa.so.0.0.0
7f926aadc000-7f926ab1e000 r-xp 00019000 08:06 659640                     /usr/lib/libGLX_mesa.so.0.0.0
7f926ab1e000-7f926ab37000 r--p 0005b000 08:06 659640                     /usr/lib/libGLX_mesa.so.0.0.0
7f926ab37000-7f926ab3a000 r--p 00073000 08:06 659640                     /usr/lib/libGLX_mesa.so.0.0.0
7f926ab3a000-7f926ab3b000 rw-p 00076000 08:06 659640                     /usr/lib/libGLX_mesa.so.0.0.0
7f926ab3b000-7f926ab7b000 r--p 00000000 08:06 672294                     /usr/lib/libGLdispatch.so.0.0.0
7f926ab7b000-7f926ab99000 r-xp 00040000 08:06 672294                     /usr/lib/libGLdispatch.so.0.0.0
7f926ab99000-7f926abac000 r--p 0005e000 08:06 672294                     /usr/lib/libGLdispatch.so.0.0.0
7f926abac000-7f926abad000 ---p 00071000 08:06 672294                     /usr/lib/libGLdispatch.so.0.0.0
7f926abad000-7f926abd6000 r--p 00071000 08:06 672294                     /usr/lib/libGLdispatch.so.0.0.0
7f926abd6000-7f926abd7000 rw-p 0009a000 08:06 672294                     /usr/lib/libGLdispatch.so.0.0.0
7f926abd7000-7f926abf7000 rw-p 00000000 00:00 0 
7f926abf7000-7f926abfa000 r--p 00000000 08:06 661256                     /usr/lib/libGLX.so.0.0.0
7f926abfa000-7f926ac04000 r-xp 00003000 08:06 661256                     /usr/lib/libGLX.so.0.0.0
7f926ac04000-7f926ac07000 r--p 0000d000 08:06 661256                     /usr/lib/libGLX.so.0.0.0
7f926ac07000-7f926ac08000 ---p 00010000 08:06 661256                     /usr/lib/libGLX.so.0.0.0
7f926ac08000-7f926ac09000 r--p 00010000 08:06 661256                     /usr/lib/libGLX.so.0.0.0
7f926ac09000-7f926ac0a000 rw-p 00011000 08:06 661256                     /usr/lib/libGLX.so.0.0.0
7f926ac0a000-7f926ac2a000 rw-p 00000000 00:00 0 
7f926ac2a000-7f926ac6c000 r--p 00000000 08:06 659467                     /usr/lib/libGL.so.1.7.0
7f926ac6c000-7f926ac8b000 r-xp 00042000 08:06 659467                     /usr/lib/libGL.so.1.7.0
7f926ac8b000-7f926aca0000 r--p 00061000 08:06 659467                     /usr/lib/libGL.so.1.7.0
7f926aca0000-7f926acbb000 r--p 00075000 08:06 659467                     /usr/lib/libGL.so.1.7.0
7f926acbb000-7f926acbc000 rw-p 00090000 08:06 659467                     /usr/lib/libGL.so.1.7.0
7f926acbc000-7f926acbd000 rw-p 00000000 00:00 0 
7f926acbd000-7f926acbf000 r-xp 00000000 08:06 669912                     /usr/lib/libXinerama.so.1.0.0
7f926acbf000-7f926aebe000 ---p 00002000 08:06 669912                     /usr/lib/libXinerama.so.1.0.0
7f926aebe000-7f926aebf000 r--p 00001000 08:06 669912                     /usr/lib/libXinerama.so.1.0.0
7f926aebf000-7f926aec0000 rw-p 00002000 08:06 669912                     /usr/lib/libXinerama.so.1.0.0
7f926aec0000-7f926aec5000 r-xp 00000000 08:06 661272                     /usr/lib/libXfixes.so.3.1.0
7f926aec5000-7f926b0c4000 ---p 00005000 08:06 661272                     /usr/lib/libXfixes.so.3.1.0
7f926b0c4000-7f926b0c5000 r--p 00004000 08:06 661272                     /usr/lib/libXfixes.so.3.1.0
7f926b0c5000-7f926b0c6000 rw-p 00005000 08:06 661272                     /usr/lib/libXfixes.so.3.1.0
7f926b0c6000-7f926b0ca000 r-xp 00000000 08:06 661273                     /usr/lib/libXxf86vm.so.1.0.0
7f926b0ca000-7f926b2ca000 ---p 00004000 08:06 661273                     /usr/lib/libXxf86vm.so.1.0.0
7f926b2ca000-7f926b2cb000 r--p 00004000 08:06 661273                     /usr/lib/libXxf86vm.so.1.0.0
7f926b2cb000-7f926b2cc000 rw-p 00005000 08:06 661273                     /usr/lib/libXxf86vm.so.1.0.0
7f926b2cc000-7f926b2e8000 r--p 00000000 08:06 665681                     /usr/lib/libX11.so.6.3.0
7f926b2e8000-7f926b370000 r-xp 0001c000 08:06 665681                     /usr/lib/libX11.so.6.3.0
7f926b370000-7f926b403000 r--p 000a4000 08:06 665681                     /usr/lib/libX11.so.6.3.0
7f926b403000-7f926b404000 ---p 00137000 08:06 665681                     /usr/lib/libX11.so.6.3.0
7f926b404000-7f926b407000 r--p 00137000 08:06 665681                     /usr/lib/libX11.so.6.3.0
7f926b407000-7f926b40b000 rw-p 0013a000 08:06 665681                     /usr/lib/libX11.so.6.3.0
7f926b40b000-7f926b44e000 r-xp 00000000 00:2c 61                         /tmp/lwjglatri/3.2.2-build-10/libglfw.so
7f926b44e000-7f926b64d000 ---p 00043000 00:2c 61                         /tmp/lwjglatri/3.2.2-build-10/libglfw.so
7f926b64d000-7f926b64e000 r--p 00042000 00:2c 61                         /tmp/lwjglatri/3.2.2-build-10/libglfw.so
7f926b64e000-7f926b650000 rw-p 00043000 00:2c 61                         /tmp/lwjglatri/3.2.2-build-10/libglfw.so
7f926b650000-7f926b671000 rw-p 00000000 00:00 0 
7f926b671000-7f926b6f4000 r-xp 00000000 00:2c 60                         /tmp/lwjglatri/3.2.2-build-10/liblwjgl.so
7f926b6f4000-7f926b8f4000 ---p 00083000 00:2c 60                         /tmp/lwjglatri/3.2.2-build-10/liblwjgl.so
7f926b8f4000-7f926b8f5000 r--p 00083000 00:2c 60                         /tmp/lwjglatri/3.2.2-build-10/liblwjgl.so
7f926b8f5000-7f926b8f7000 rw-p 00084000 00:2c 60                         /tmp/lwjglatri/3.2.2-build-10/liblwjgl.so
7f926b8f7000-7f926b8f8000 rw-p 00000000 00:00 0 
7f926b8f8000-7f926b8fc000 ---p 00000000 00:00 0 
7f926b8fc000-7f926b9f9000 rw-p 00000000 00:00 0 
7f926b9f9000-7f926b9fa000 ---p 00000000 00:00 0 
7f926b9fa000-7f926bafb000 rw-p 00000000 00:00 0 
7f926bafb000-7f926baff000 ---p 00000000 00:00 0 
7f926baff000-7f926bbfc000 rw-p 00000000 00:00 0 
7f926bbfc000-7f926bc00000 ---p 00000000 00:00 0 
7f926bc00000-7f926bcfd000 rw-p 00000000 00:00 0 
7f926bcfd000-7f926bd01000 ---p 00000000 00:00 0 
7f926bd01000-7f926bdfe000 rw-p 00000000 00:00 0 
7f926bdfe000-7f926be02000 ---p 00000000 00:00 0 
7f926be02000-7f926beff000 rw-p 00000000 00:00 0 
7f926beff000-7f926bf03000 ---p 00000000 00:00 0 
7f926bf03000-7f926c000000 rw-p 00000000 00:00 0 
7f926c000000-7f926c021000 rw-p 00000000 00:00 0 
7f926c021000-7f9270000000 ---p 00000000 00:00 0 
7f9270000000-7f9270021000 rw-p 00000000 00:00 0 
7f9270021000-7f9274000000 ---p 00000000 00:00 0 
7f9274000000-7f9274021000 rw-p 00000000 00:00 0 
7f9274021000-7f9278000000 ---p 00000000 00:00 0 
7f9278000000-7f9278021000 rw-p 00000000 00:00 0 
7f9278021000-7f927c000000 ---p 00000000 00:00 0 
7f927c000000-7f927c021000 rw-p 00000000 00:00 0 
7f927c021000-7f9280000000 ---p 00000000 00:00 0 
7f9280000000-7f9280021000 rw-p 00000000 00:00 0 
7f9280021000-7f9284000000 ---p 00000000 00:00 0 
7f9284000000-7f9284021000 rw-p 00000000 00:00 0 
7f9284021000-7f9288000000 ---p 00000000 00:00 0 
7f9288000000-7f92882e6000 r--p 00000000 08:06 672187                     /usr/lib/locale/locale-archive
7f92882e6000-7f92882ea000 ---p 00000000 00:00 0 
7f92882ea000-7f92883e7000 rw-p 00000000 00:00 0 
7f92883e7000-7f92883eb000 ---p 00000000 00:00 0 
7f92883eb000-7f928a6a0000 rw-p 00000000 00:00 0 
7f928a6a0000-7f928c000000 ---p 00000000 00:00 0 
7f928c000000-7f928c021000 rw-p 00000000 00:00 0 
7f928c021000-7f9290000000 ---p 00000000 00:00 0 
7f9290000000-7f9290002000 r--p 00000000 08:06 661571                     /usr/lib/libxcb-dri2.so.0.0.0
7f9290002000-7f9290004000 r-xp 00002000 08:06 661571                     /usr/lib/libxcb-dri2.so.0.0.0
7f9290004000-7f9290005000 r--p 00004000 08:06 661571                     /usr/lib/libxcb-dri2.so.0.0.0
7f9290005000-7f9290006000 r--p 00004000 08:06 661571                     /usr/lib/libxcb-dri2.so.0.0.0
7f9290006000-7f9290007000 rw-p 00005000 08:06 661571                     /usr/lib/libxcb-dri2.so.0.0.0
7f9290007000-7f929000a000 r--p 00000000 08:06 669908                     /usr/lib/libXcursor.so.1.0.2
7f929000a000-7f929000f000 r-xp 00003000 08:06 669908                     /usr/lib/libXcursor.so.1.0.2
7f929000f000-7f9290011000 r--p 00008000 08:06 669908                     /usr/lib/libXcursor.so.1.0.2
7f9290011000-7f9290012000 r--p 00009000 08:06 669908                     /usr/lib/libXcursor.so.1.0.2
7f9290012000-7f9290013000 rw-p 0000a000 08:06 669908                     /usr/lib/libXcursor.so.1.0.2
7f9290013000-7f9290015000 r--p 00000000 08:06 669917                     /usr/lib/libXrender.so.1.3.0
7f9290015000-7f929001c000 r-xp 00002000 08:06 669917                     /usr/lib/libXrender.so.1.3.0
7f929001c000-7f929001e000 r--p 00009000 08:06 669917                     /usr/lib/libXrender.so.1.3.0
7f929001e000-7f929001f000 r--p 0000a000 08:06 669917                     /usr/lib/libXrender.so.1.3.0
7f929001f000-7f9290020000 rw-p 0000b000 08:06 669917                     /usr/lib/libXrender.so.1.3.0
7f9290020000-7f9290022000 r--p 00000000 08:06 671436                     /usr/lib/libXrandr.so.2.2.0
7f9290022000-7f9290029000 r-xp 00002000 08:06 671436                     /usr/lib/libXrandr.so.2.2.0
7f9290029000-7f929002b000 r--p 00009000 08:06 671436                     /usr/lib/libXrandr.so.2.2.0
7f929002b000-7f929002c000 r--p 0000a000 08:06 671436                     /usr/lib/libXrandr.so.2.2.0
7f929002c000-7f929002d000 rw-p 0000b000 08:06 671436                     /usr/lib/libXrandr.so.2.2.0
7f929002d000-7f9290030000 r--p 00000000 08:06 671418                     /usr/lib/libXi.so.6.1.0
7f9290030000-7f929003b000 r-xp 00003000 08:06 671418                     /usr/lib/libXi.so.6.1.0
7f929003b000-7f929003e000 r--p 0000e000 08:06 671418                     /usr/lib/libXi.so.6.1.0
7f929003e000-7f929003f000 r--p 00010000 08:06 671418                     /usr/lib/libXi.so.6.1.0
7f929003f000-7f9290040000 rw-p 00011000 08:06 671418                     /usr/lib/libXi.so.6.1.0
7f9290040000-7f9290044000 r--p 00000000 08:06 665711                     /usr/lib/libXext.so.6.4.0
7f9290044000-7f929004f000 r-xp 00004000 08:06 665711                     /usr/lib/libXext.so.6.4.0
7f929004f000-7f9290053000 r--p 0000f000 08:06 665711                     /usr/lib/libXext.so.6.4.0
7f9290053000-7f9290054000 r--p 00012000 08:06 665711                     /usr/lib/libXext.so.6.4.0
7f9290054000-7f9290055000 rw-p 00013000 08:06 665711                     /usr/lib/libXext.so.6.4.0
7f9290055000-7f9290056000 ---p 00000000 00:00 0 
7f9290056000-7f9290957000 rw-p 00000000 00:00 0 
7f9290957000-7f9290bc7000 rwxp 00000000 00:00 0 
7f9290bc7000-7f9290ee8000 ---p 00000000 00:00 0 
7f9290ee8000-7f9291158000 rwxp 00000000 00:00 0 
7f9291158000-7f929841f000 ---p 00000000 00:00 0 
7f929841f000-7f929868f000 rwxp 00000000 00:00 0 
7f929868f000-7f929f957000 ---p 00000000 00:00 0 
7f929f957000-7f92a8000000 r--s 00000000 08:06 1328731                    /usr/lib/jvm/java-11-openjdk/lib/modules
7f92a8000000-7f92a8b50000 rw-p 00000000 00:00 0 
7f92a8b50000-7f92ac000000 ---p 00000000 00:00 0 
7f92ac001000-7f92ac002000 r--p 00000000 08:06 659488                     /usr/lib/libX11-xcb.so.1.0.0
7f92ac002000-7f92ac003000 r-xp 00001000 08:06 659488                     /usr/lib/libX11-xcb.so.1.0.0
7f92ac003000-7f92ac004000 r--p 00002000 08:06 659488                     /usr/lib/libX11-xcb.so.1.0.0
7f92ac004000-7f92ac005000 r--p 00002000 08:06 659488                     /usr/lib/libX11-xcb.so.1.0.0
7f92ac005000-7f92ac006000 rw-p 00003000 08:06 659488                     /usr/lib/libX11-xcb.so.1.0.0
7f92ac006000-7f92ac008000 r--p 00000000 08:06 665710                     /usr/lib/libXdmcp.so.6.0.0
7f92ac008000-7f92ac00a000 r-xp 00002000 08:06 665710                     /usr/lib/libXdmcp.so.6.0.0
7f92ac00a000-7f92ac00c000 r--p 00004000 08:06 665710                     /usr/lib/libXdmcp.so.6.0.0
7f92ac00c000-7f92ac00d000 r--p 00005000 08:06 665710                     /usr/lib/libXdmcp.so.6.0.0
7f92ac00d000-7f92ac00e000 rw-p 00006000 08:06 665710                     /usr/lib/libXdmcp.so.6.0.0
7f92ac00e000-7f92ac00f000 r--p 00000000 08:06 661268                     /usr/lib/libXau.so.6.0.0
7f92ac00f000-7f92ac010000 r-xp 00001000 08:06 661268                     /usr/lib/libXau.so.6.0.0
7f92ac010000-7f92ac011000 r--p 00002000 08:06 661268                     /usr/lib/libXau.so.6.0.0
7f92ac011000-7f92ac012000 r--p 00002000 08:06 661268                     /usr/lib/libXau.so.6.0.0
7f92ac012000-7f92ac013000 rw-p 00003000 08:06 661268                     /usr/lib/libXau.so.6.0.0
7f92ac013000-7f92ac01f000 r--p 00000000 08:06 661591                     /usr/lib/libxcb.so.1.1.0
7f92ac01f000-7f92ac032000 r-xp 0000c000 08:06 661591                     /usr/lib/libxcb.so.1.1.0
7f92ac032000-7f92ac03b000 r--p 0001f000 08:06 661591                     /usr/lib/libxcb.so.1.1.0
7f92ac03b000-7f92ac03c000 r--p 00027000 08:06 661591                     /usr/lib/libxcb.so.1.1.0
7f92ac03c000-7f92ac03d000 rw-p 00028000 08:06 661591                     /usr/lib/libxcb.so.1.1.0
7f92ac04d000-7f92ac04e000 r-xp 00000000 00:00 0 
7f92ac04e000-7f92ac06e000 r-xs 00000000 08:05 1722894                    /home/atri/#1722894 (deleted)
7f92ac06e000-7f92ac06f000 rw-s 00000000 00:05 274893                     /memfd:xshmfence (deleted)
7f92ac06f000-7f92ac0a0000 rw-p 00000000 00:00 0 
7f92ac0a0000-7f92ac0a4000 r--p 00000000 08:06 1328714                    /usr/lib/jvm/java-11-openjdk/lib/libnet.so
7f92ac0a4000-7f92ac0b3000 r-xp 00004000 08:06 1328714                    /usr/lib/jvm/java-11-openjdk/lib/libnet.so
7f92ac0b3000-7f92ac0b7000 r--p 00013000 08:06 1328714                    /usr/lib/jvm/java-11-openjdk/lib/libnet.so
7f92ac0b7000-7f92ac0b8000 r--p 00016000 08:06 1328714                    /usr/lib/jvm/java-11-openjdk/lib/libnet.so
7f92ac0b8000-7f92ac0b9000 rw-p 00017000 08:06 1328714                    /usr/lib/jvm/java-11-openjdk/lib/libnet.so
7f92ac0b9000-7f92ac0c0000 r--p 00000000 08:06 1328716                    /usr/lib/jvm/java-11-openjdk/lib/libnio.so
7f92ac0c0000-7f92ac0c7000 r-xp 00007000 08:06 1328716                    /usr/lib/jvm/java-11-openjdk/lib/libnio.so
7f92ac0c7000-7f92ac0ca000 r--p 0000e000 08:06 1328716                    /usr/lib/jvm/java-11-openjdk/lib/libnio.so
7f92ac0ca000-7f92ac0cb000 r--p 00010000 08:06 1328716                    /usr/lib/jvm/java-11-openjdk/lib/libnio.so
7f92ac0cb000-7f92ac0cc000 rw-p 00011000 08:06 1328716                    /usr/lib/jvm/java-11-openjdk/lib/libnio.so
7f92ac0cc000-7f92ac212000 rw-p 00000000 00:00 0 
7f92ac212000-7f92ac213000 ---p 00000000 00:00 0 
7f92ac213000-7f92ac314000 rw-p 00000000 00:00 0 
7f92ac314000-7f92ac315000 ---p 00000000 00:00 0 
7f92ac315000-7f92acc1e000 rw-p 00000000 00:00 0 
7f92acc1e000-7f92acc1f000 ---p 00000000 00:00 0 
7f92acc1f000-7f92acd20000 rw-p 00000000 00:00 0 
7f92acd20000-7f92acd21000 ---p 00000000 00:00 0 
7f92acd21000-7f92ad04a000 rw-p 00000000 00:00 0 
7f92ad04a000-7f92ae9aa000 ---p 00000000 00:00 0 
7f92ae9aa000-7f92ae9e1000 rw-p 00000000 00:00 0 
7f92ae9e1000-7f92aed0d000 ---p 00000000 00:00 0 
7f92aed0d000-7f92aed44000 rw-p 00000000 00:00 0 
7f92aed44000-7f92af070000 ---p 00000000 00:00 0 
7f92af070000-7f92af0a7000 rw-p 00000000 00:00 0 
7f92af0a7000-7f92af3d3000 ---p 00000000 00:00 0 
7f92af3d3000-7f92afbdb000 rw-p 00000000 00:00 0 
7f92afbdb000-7f92afbdc000 ---p 00000000 00:00 0 
7f92afbdc000-7f92afce2000 rw-p 00000000 00:00 0 
7f92afce2000-7f92afdc8000 ---p 00000000 00:00 0 
7f92afdc8000-7f92afdcd000 rw-p 00000000 00:00 0 
7f92afdcd000-7f92afeb3000 ---p 00000000 00:00 0 
7f92afeb3000-7f92afeb8000 rw-p 00000000 00:00 0 
7f92afeb8000-7f92afebf000 ---p 00000000 00:00 0 
7f92afebf000-7f92afec1000 r--p 00000000 08:06 1328700                    /usr/lib/jvm/java-11-openjdk/lib/libjimage.so
7f92afec1000-7f92afec4000 r-xp 00002000 08:06 1328700                    /usr/lib/jvm/java-11-openjdk/lib/libjimage.so
7f92afec4000-7f92afec5000 r--p 00005000 08:06 1328700                    /usr/lib/jvm/java-11-openjdk/lib/libjimage.so
7f92afec5000-7f92afec6000 ---p 00006000 08:06 1328700                    /usr/lib/jvm/java-11-openjdk/lib/libjimage.so
7f92afec6000-7f92afec7000 r--p 00006000 08:06 1328700                    /usr/lib/jvm/java-11-openjdk/lib/libjimage.so
7f92afec7000-7f92afec8000 rw-p 00007000 08:06 1328700                    /usr/lib/jvm/java-11-openjdk/lib/libjimage.so
7f92afec8000-7f92afeca000 r--p 00000000 08:06 1328730                    /usr/lib/jvm/java-11-openjdk/lib/libzip.so
7f92afeca000-7f92afece000 r-xp 00002000 08:06 1328730                    /usr/lib/jvm/java-11-openjdk/lib/libzip.so
7f92afece000-7f92afed0000 r--p 00006000 08:06 1328730                    /usr/lib/jvm/java-11-openjdk/lib/libzip.so
7f92afed0000-7f92afed1000 r--p 00007000 08:06 1328730                    /usr/lib/jvm/java-11-openjdk/lib/libzip.so
7f92afed1000-7f92afed2000 rw-p 00008000 08:06 1328730                    /usr/lib/jvm/java-11-openjdk/lib/libzip.so
7f92afed2000-7f92afee0000 r--p 00000000 08:06 1328694                    /usr/lib/jvm/java-11-openjdk/lib/libjava.so
7f92afee0000-7f92afef5000 r-xp 0000e000 08:06 1328694                    /usr/lib/jvm/java-11-openjdk/lib/libjava.so
7f92afef5000-7f92afefc000 r--p 00023000 08:06 1328694                    /usr/lib/jvm/java-11-openjdk/lib/libjava.so
7f92afefc000-7f92afefd000 r--p 00029000 08:06 1328694                    /usr/lib/jvm/java-11-openjdk/lib/libjava.so
7f92afefd000-7f92afefe000 rw-p 0002a000 08:06 1328694                    /usr/lib/jvm/java-11-openjdk/lib/libjava.so
7f92afefe000-7f92afeff000 rw-p 00000000 00:00 0 
7f92afeff000-7f92aff02000 r--p 00000000 08:06 672174                     /usr/lib/librt-2.29.so
7f92aff02000-7f92aff06000 r-xp 00003000 08:06 672174                     /usr/lib/librt-2.29.so
7f92aff06000-7f92aff08000 r--p 00007000 08:06 672174                     /usr/lib/librt-2.29.so
7f92aff08000-7f92aff09000 r--p 00008000 08:06 672174                     /usr/lib/librt-2.29.so
7f92aff09000-7f92aff0a000 rw-p 00009000 08:06 672174                     /usr/lib/librt-2.29.so
7f92aff0a000-7f92aff0e000 ---p 00000000 00:00 0 
7f92aff0e000-7f92b000b000 rw-p 00000000 00:00 0 
7f92b000b000-7f92b000e000 r--p 00000000 08:06 659671                     /usr/lib/libgcc_s.so.1
7f92b000e000-7f92b001f000 r-xp 00003000 08:06 659671                     /usr/lib/libgcc_s.so.1
7f92b001f000-7f92b0023000 r--p 00014000 08:06 659671                     /usr/lib/libgcc_s.so.1
7f92b0023000-7f92b0024000 r--p 00017000 08:06 659671                     /usr/lib/libgcc_s.so.1
7f92b0024000-7f92b0025000 rw-p 00018000 08:06 659671                     /usr/lib/libgcc_s.so.1
7f92b0025000-7f92b0034000 r--p 00000000 08:06 664296                     /usr/lib/libm-2.29.so
7f92b0034000-7f92b00d0000 r-xp 0000f000 08:06 664296                     /usr/lib/libm-2.29.so
7f92b00d0000-7f92b0169000 r--p 000ab000 08:06 664296                     /usr/lib/libm-2.29.so
7f92b0169000-7f92b016a000 r--p 00143000 08:06 664296                     /usr/lib/libm-2.29.so
7f92b016a000-7f92b016b000 rw-p 00144000 08:06 664296                     /usr/lib/libm-2.29.so
7f92b016b000-7f92b0200000 r--p 00000000 08:06 661367                     /usr/lib/libstdc++.so.6.0.26
7f92b0200000-7f92b02f8000 r-xp 00095000 08:06 661367                     /usr/lib/libstdc++.so.6.0.26
7f92b02f8000-7f92b0341000 r--p 0018d000 08:06 661367                     /usr/lib/libstdc++.so.6.0.26
7f92b0341000-7f92b0342000 ---p 001d6000 08:06 661367                     /usr/lib/libstdc++.so.6.0.26
7f92b0342000-7f92b034f000 r--p 001d6000 08:06 661367                     /usr/lib/libstdc++.so.6.0.26
7f92b034f000-7f92b0350000 rw-p 001e3000 08:06 661367                     /usr/lib/libstdc++.so.6.0.26
7f92b0350000-7f92b0353000 rw-p 00000000 00:00 0 
7f92b0353000-7f92b05c4000 r--p 00000000 08:06 1328743                    /usr/lib/jvm/java-11-openjdk/lib/server/libjvm.so
7f92b05c4000-7f92b1187000 r-xp 00271000 08:06 1328743                    /usr/lib/jvm/java-11-openjdk/lib/server/libjvm.so
7f92b1187000-7f92b13c6000 r--p 00e34000 08:06 1328743                    /usr/lib/jvm/java-11-openjdk/lib/server/libjvm.so
7f92b13c6000-7f92b13c7000 ---p 01073000 08:06 1328743                    /usr/lib/jvm/java-11-openjdk/lib/server/libjvm.so
7f92b13c7000-7f92b1486000 r--p 01073000 08:06 1328743                    /usr/lib/jvm/java-11-openjdk/lib/server/libjvm.so
7f92b1486000-7f92b14bf000 rw-p 01132000 08:06 1328743                    /usr/lib/jvm/java-11-openjdk/lib/server/libjvm.so
7f92b14bf000-7f92b1517000 rw-p 00000000 00:00 0 
7f92b1517000-7f92b151e000 r--p 00000000 08:06 670821                     /usr/lib/libpthread-2.29.so
7f92b151e000-7f92b152d000 r-xp 00007000 08:06 670821                     /usr/lib/libpthread-2.29.so
7f92b152d000-7f92b1532000 r--p 00016000 08:06 670821                     /usr/lib/libpthread-2.29.so
7f92b1532000-7f92b1533000 r--p 0001a000 08:06 670821                     /usr/lib/libpthread-2.29.so
7f92b1533000-7f92b1534000 rw-p 0001b000 08:06 670821                     /usr/lib/libpthread-2.29.so
7f92b1534000-7f92b1538000 rw-p 00000000 00:00 0 
7f92b1538000-7f92b1539000 r--p 00000000 08:06 664290                     /usr/lib/libdl-2.29.so
7f92b1539000-7f92b153a000 r-xp 00001000 08:06 664290                     /usr/lib/libdl-2.29.so
7f92b153a000-7f92b153b000 r--p 00002000 08:06 664290                     /usr/lib/libdl-2.29.so
7f92b153b000-7f92b153c000 r--p 00002000 08:06 664290                     /usr/lib/libdl-2.29.so
7f92b153c000-7f92b153d000 rw-p 00003000 08:06 664290                     /usr/lib/libdl-2.29.so
7f92b153d000-7f92b1553000 r-xp 00000000 08:06 661596                     /usr/lib/libz.so.1.2.11
7f92b1553000-7f92b1752000 ---p 00016000 08:06 661596                     /usr/lib/libz.so.1.2.11
7f92b1752000-7f92b1753000 r--p 00015000 08:06 661596                     /usr/lib/libz.so.1.2.11
7f92b1753000-7f92b1754000 rw-p 00016000 08:06 661596                     /usr/lib/libz.so.1.2.11
7f92b1754000-7f92b1779000 r--p 00000000 08:06 664281                     /usr/lib/libc-2.29.so
7f92b1779000-7f92b18c3000 r-xp 00025000 08:06 664281                     /usr/lib/libc-2.29.so
7f92b18c3000-7f92b190c000 r--p 0016f000 08:06 664281                     /usr/lib/libc-2.29.so
7f92b190c000-7f92b190d000 ---p 001b8000 08:06 664281                     /usr/lib/libc-2.29.so
7f92b190d000-7f92b1910000 r--p 001b8000 08:06 664281                     /usr/lib/libc-2.29.so
7f92b1910000-7f92b1913000 rw-p 001bb000 08:06 664281                     /usr/lib/libc-2.29.so
7f92b1913000-7f92b1917000 rw-p 00000000 00:00 0 
7f92b1917000-7f92b1918000 rwxp 00000000 00:00 0 
7f92b1918000-7f92b1919000 rw-s 125569000 00:06 389                       /dev/dri/renderD128
7f92b1919000-7f92b1921000 rw-s 00000000 00:2c 66                         /tmp/hsperfdata_atri/14537
7f92b1921000-7f92b1924000 r--p 00000000 08:06 669830                     /usr/lib/libnss_files-2.29.so
7f92b1924000-7f92b192b000 r-xp 00003000 08:06 669830                     /usr/lib/libnss_files-2.29.so
7f92b192b000-7f92b192d000 r--p 0000a000 08:06 669830                     /usr/lib/libnss_files-2.29.so
7f92b192d000-7f92b192e000 r--p 0000b000 08:06 669830                     /usr/lib/libnss_files-2.29.so
7f92b192e000-7f92b192f000 rw-p 0000c000 08:06 669830                     /usr/lib/libnss_files-2.29.so
7f92b192f000-7f92b1935000 rw-p 00000000 00:00 0 
7f92b1935000-7f92b1936000 ---p 00000000 00:00 0 
7f92b1936000-7f92b1937000 r--p 00000000 00:00 0 
7f92b1937000-7f92b193c000 r--p 00000000 08:06 1328728                    /usr/lib/jvm/java-11-openjdk/lib/libverify.so
7f92b193c000-7f92b1943000 r-xp 00005000 08:06 1328728                    /usr/lib/jvm/java-11-openjdk/lib/libverify.so
7f92b1943000-7f92b1945000 r--p 0000c000 08:06 1328728                    /usr/lib/jvm/java-11-openjdk/lib/libverify.so
7f92b1945000-7f92b1946000 ---p 0000e000 08:06 1328728                    /usr/lib/jvm/java-11-openjdk/lib/libverify.so
7f92b1946000-7f92b1948000 r--p 0000e000 08:06 1328728                    /usr/lib/jvm/java-11-openjdk/lib/libverify.so
7f92b1948000-7f92b1949000 rw-p 00010000 08:06 1328728                    /usr/lib/jvm/java-11-openjdk/lib/libverify.so
7f92b1949000-7f92b194c000 r--p 00000000 08:06 1328668                    /usr/lib/jvm/java-11-openjdk/lib/jli/libjli.so
7f92b194c000-7f92b1956000 r-xp 00003000 08:06 1328668                    /usr/lib/jvm/java-11-openjdk/lib/jli/libjli.so
7f92b1956000-7f92b1959000 r--p 0000d000 08:06 1328668                    /usr/lib/jvm/java-11-openjdk/lib/jli/libjli.so
7f92b1959000-7f92b195a000 ---p 00010000 08:06 1328668                    /usr/lib/jvm/java-11-openjdk/lib/jli/libjli.so
7f92b195a000-7f92b195b000 r--p 00010000 08:06 1328668                    /usr/lib/jvm/java-11-openjdk/lib/jli/libjli.so
7f92b195b000-7f92b195c000 rw-p 00011000 08:06 1328668                    /usr/lib/jvm/java-11-openjdk/lib/jli/libjli.so
7f92b195c000-7f92b195e000 rw-p 00000000 00:00 0 
7f92b195e000-7f92b1960000 r--p 00000000 08:06 664270                     /usr/lib/ld-2.29.so
7f92b1960000-7f92b197f000 r-xp 00002000 08:06 664270                     /usr/lib/ld-2.29.so
7f92b197f000-7f92b1987000 r--p 00021000 08:06 664270                     /usr/lib/ld-2.29.so
7f92b1987000-7f92b1988000 rw-s 125568000 00:06 389                       /dev/dri/renderD128
7f92b1988000-7f92b1989000 r--p 00029000 08:06 664270                     /usr/lib/ld-2.29.so
7f92b1989000-7f92b198a000 rw-p 0002a000 08:06 664270                     /usr/lib/ld-2.29.so
7f92b198a000-7f92b198b000 rw-p 00000000 00:00 0 
7ffc49498000-7ffc494b9000 rw-p 00000000 00:00 0                          [stack]
7ffc494d4000-7ffc494d7000 r--p 00000000 00:00 0                          [vvar]
7ffc494d7000-7ffc494d9000 r-xp 00000000 00:00 0                          [vdso]


VM Arguments:
jvm_args: -Dfile.encoding=UTF-8 
java_command: base.Main
java_class_path (initial): /home/atri/eclipse-workspace/ASDF/bin:/home/atri/eclipse-workspace/ASDF/jars/joml-1.9.17.jar:/home/atri/eclipse-workspace/ASDF/jars/joml-1.9.17-javadoc.jar:/home/atri/eclipse-workspace/ASDF/jars/lwjgl.jar:/home/atri/eclipse-workspace/ASDF/jars/lwjgl-glfw.jar:/home/atri/eclipse-workspace/ASDF/jars/lwjgl-glfw-javadoc.jar:/home/atri/eclipse-workspace/ASDF/jars/lwjgl-glfw-natives-linux.jar:/home/atri/eclipse-workspace/ASDF/jars/lwjgl-javadoc.jar:/home/atri/eclipse-workspace/ASDF/jars/lwjgl-natives-linux.jar:/home/atri/eclipse-workspace/ASDF/jars/lwjgl-openal.jar:/home/atri/eclipse-workspace/ASDF/jars/lwjgl-openal-javadoc.jar:/home/atri/eclipse-workspace/ASDF/jars/lwjgl-openal-natives-linux.jar:/home/atri/eclipse-workspace/ASDF/jars/lwjgl-opengl.jar:/home/atri/eclipse-workspace/ASDF/jars/lwjgl-opengl-javadoc.jar:/home/atri/eclipse-workspace/ASDF/jars/lwjgl-opengl-natives-linux.jar:/home/atri/eclipse-workspace/ASDF/jars/lwjgl-stb.jar:/home/atri/eclipse-workspace/ASDF/jars/lwjgl-stb-javadoc.jar:/home/atri/eclipse-workspace/ASDF/jars/lwjgl-stb-natives-linux.jar
Launcher Type: SUN_STANDARD

[Global flags]
     intx CICompilerCount                          = 4                                         {product} {ergonomic}
     uint ConcGCThreads                            = 2                                         {product} {ergonomic}
     uint G1ConcRefinementThreads                  = 8                                         {product} {ergonomic}
   size_t G1HeapRegionSize                         = 1048576                                   {product} {ergonomic}
    uintx GCDrainStackTargetSize                   = 64                                        {product} {ergonomic}
   size_t InitialHeapSize                          = 115343360                                 {product} {ergonomic}
   size_t MarkStackSize                            = 4194304                                   {product} {ergonomic}
   size_t MaxHeapSize                              = 1818230784                                {product} {ergonomic}
   size_t MaxNewSize                               = 1090519040                                {product} {ergonomic}
   size_t MinHeapDeltaBytes                        = 1048576                                   {product} {ergonomic}
    uintx NonNMethodCodeHeapSize                   = 5835340                                {pd product} {ergonomic}
    uintx NonProfiledCodeHeapSize                  = 122911450                              {pd product} {ergonomic}
    uintx ProfiledCodeHeapSize                     = 122911450                              {pd product} {ergonomic}
    uintx ReservedCodeCacheSize                    = 251658240                              {pd product} {ergonomic}
     bool SegmentedCodeCache                       = true                                      {product} {ergonomic}
     bool UseCompressedClassPointers               = true                                 {lp64_product} {ergonomic}
     bool UseCompressedOops                        = true                                 {lp64_product} {ergonomic}
     bool UseG1GC                                  = true                                      {product} {ergonomic}

Logging:
Log output configuration:
 #0: stdout all=warning uptime,level,tags
 #1: stderr all=off uptime,level,tags

Environment Variables:
PATH=/usr/local/bin:/usr/local/sbin:/usr/bin:/usr/lib/jvm/default/bin:/usr/bin/site_perl:/usr/bin/vendor_perl:/usr/bin/core_perl
USERNAME=atri
SHELL=/bin/bash
DISPLAY=:1

Signal Handlers:
SIGSEGV: [libjvm.so+0xdc05b0], sa_mask[0]=11111111011111111101111111111110, sa_flags=SA_RESTART|SA_SIGINFO
SIGBUS: [libjvm.so+0xdc05b0], sa_mask[0]=11111111011111111101111111111110, sa_flags=SA_RESTART|SA_SIGINFO
SIGFPE: [libjvm.so+0xdc05b0], sa_mask[0]=11111111011111111101111111111110, sa_flags=SA_RESTART|SA_SIGINFO
SIGPIPE: [libjvm.so+0xbb7680], sa_mask[0]=11111111011111111101111111111110, sa_flags=SA_RESTART|SA_SIGINFO
SIGXFSZ: [libjvm.so+0xbb7680], sa_mask[0]=11111111011111111101111111111110, sa_flags=SA_RESTART|SA_SIGINFO
SIGILL: [libjvm.so+0xdc05b0], sa_mask[0]=11111111011111111101111111111110, sa_flags=SA_RESTART|SA_SIGINFO
SIGUSR2: [libjvm.so+0xbb7510], sa_mask[0]=00100000000000000000000000000000, sa_flags=SA_RESTART|SA_SIGINFO
SIGHUP: [libjvm.so+0xbb7a00], sa_mask[0]=11111111011111111101111111111110, sa_flags=SA_RESTART|SA_SIGINFO
SIGINT: [libjvm.so+0xbb7a00], sa_mask[0]=11111111011111111101111111111110, sa_flags=SA_RESTART|SA_SIGINFO
SIGTERM: [libjvm.so+0xbb7a00], sa_mask[0]=11111111011111111101111111111110, sa_flags=SA_RESTART|SA_SIGINFO
SIGQUIT: [libjvm.so+0xbb7a00], sa_mask[0]=11111111011111111101111111111110, sa_flags=SA_RESTART|SA_SIGINFO


---------------  S Y S T E M  ---------------

OS:DISTRIB_ID=ManjaroLinux
DISTRIB_RELEASE=18.0.4
DISTRIB_CODENAME=Illyria
DISTRIB_DESCRIPTION="Manjaro Linux"
uname:Linux 4.19.66-1-MANJARO #1 SMP PREEMPT Fri Aug 9 18:01:53 UTC 2019 x86_64
libc:glibc 2.29 NPTL 2.29 
rlimit: STACK 8192k, CORE infinity, NPROC 27247, NOFILE 1048576, AS infinity, DATA infinity, FSIZE infinity
load average:7.85 2.35 1.23

/proc/meminfo:
MemTotal:        7096816 kB
MemFree:          142472 kB
MemAvailable:    2636004 kB
Buffers:          117808 kB
Cached:          2628272 kB
SwapCached:          692 kB
Active:          4570748 kB
Inactive:        1868712 kB
Active(anon):    3502560 kB
Inactive(anon):   296152 kB
Active(file):    1068188 kB
Inactive(file):  1572560 kB
Unevictable:          80 kB
Mlocked:              80 kB
SwapTotal:      12582908 kB
SwapFree:       12578544 kB
Dirty:            228132 kB
Writeback:         22664 kB
AnonPages:       3693208 kB
Mapped:           840740 kB
Shmem:            139644 kB
Slab:             253620 kB
SReclaimable:     145652 kB
SUnreclaim:       107968 kB
KernelStack:       18960 kB
PageTables:        49596 kB
NFS_Unstable:          0 kB
Bounce:                0 kB
WritebackTmp:          0 kB
CommitLimit:    16131316 kB
Committed_AS:   13127248 kB
VmallocTotal:   34359738367 kB
VmallocUsed:           0 kB
VmallocChunk:          0 kB
Percpu:             6912 kB
HardwareCorrupted:     0 kB
AnonHugePages:         0 kB
ShmemHugePages:        0 kB
ShmemPmdMapped:        0 kB
HugePages_Total:       0
HugePages_Free:        0
HugePages_Rsvd:        0
HugePages_Surp:        0
Hugepagesize:       2048 kB
Hugetlb:               0 kB
DirectMap4k:      377816 kB
DirectMap2M:     6860800 kB
DirectMap1G:           0 kB


/proc/sys/kernel/threads-max (system-wide limit on the number of threads):
54494


/proc/sys/vm/max_map_count (maximum number of memory map areas a process may have):
65530


/proc/sys/kernel/pid_max (system-wide limit on number of process identifiers):
32768



container (cgroup) information:
container_type: cgroupv1
cpu_cpuset_cpus: 0-7
cpu_memory_nodes: 0
active_processor_count: 8
cpu_quota: -1
cpu_period: 100000
cpu_shares: -1
memory_limit_in_bytes: -1
memory_and_swap_limit_in_bytes: -1
memory_soft_limit_in_bytes: -1
memory_usage_in_bytes: 2063437824
memory_max_usage_in_bytes: 2137874432

Steal ticks since vm start: 0
Steal ticks percentage since vm start:  0.000

CPU:total 8 (initial active 8) (8 cores per cpu, 2 threads per core) family 23 model 17 stepping 0, cmov, cx8, fxsr, mmx, sse, sse2, sse3, ssse3, sse4.1, sse4.2, popcnt, avx, avx2, aes, clmul, mmxext, 3dnowpref, lzcnt, sse4a, ht, tsc, tscinvbit, tscinv, bmi1, bmi2, adx, sha, fma
CPU Model and flags from /proc/cpuinfo:
model name	: AMD Ryzen 5 2500U with Radeon Vega Mobile Gfx
flags		: fpu vme de pse tsc msr pae mce cx8 apic sep mtrr pge mca cmov pat pse36 clflush mmx fxsr sse sse2 ht syscall nx mmxext fxsr_opt pdpe1gb rdtscp lm constant_tsc rep_good nopl nonstop_tsc cpuid extd_apicid aperfmperf pni pclmulqdq monitor ssse3 fma cx16 sse4_1 sse4_2 movbe popcnt aes xsave avx f16c rdrand lahf_lm cmp_legacy svm extapic cr8_legacy abm sse4a misalignsse 3dnowprefetch osvw skinit wdt tce topoext perfctr_core perfctr_nb bpext perfctr_llc mwaitx cpb hw_pstate sme ssbd sev ibpb vmmcall fsgsbase bmi1 avx2 smep bmi2 rdseed adx smap clflushopt sha_ni xsaveopt xsavec xgetbv1 xsaves clzero irperf xsaveerptr arat npt lbrv svm_lock nrip_save tsc_scale vmcb_clean flushbyasid decodeassists pausefilter pfthreshold avic v_vmsave_vmload vgif overflow_recov succor smca

Memory: 4k page, physical 7096816k(142740k free), swap 12582908k(12578544k free)

vm_info: OpenJDK 64-Bit Server VM (11.0.4+11) for linux-amd64 JRE (11.0.4+11), built on Jul 24 2019 22:42:35 by "builduser" with gcc 9.1.0

END.
