#
# A fatal error has been detected by the Java Runtime Environment:
#
#  SIGSEGV (0xb) at pc=0x00007fdf8682bdc4, pid=14488, tid=14493
#
# JRE version: OpenJDK Runtime Environment (11.0.4+11) (build 11.0.4+11)
# Java VM: OpenJDK 64-Bit Server VM (11.0.4+11, mixed mode, tiered, compressed oops, g1 gc, linux-amd64)
# Problematic frame:
# C  [libc.so.6+0x161dc4]  __memmove_avx_unaligned_erms+0x174
#
# Core dump will be written. Default location: Core dumps may be processed with "/usr/lib/systemd/systemd-coredump %P %u %g %s %t %c %h %e" (or dumping to /home/atri/eclipse-workspace/ASDF/core.14488)
#
# If you would like to submit a bug report, please visit:
#   http://bugreport.java.com/bugreport/crash.jsp
# The crash happened outside the Java Virtual Machine in native code.
# See problematic frame for where to report the bug.
#

---------------  S U M M A R Y ------------

Command Line: -Dfile.encoding=UTF-8 base.Main

Host: AMD Ryzen 5 2500U with Radeon Vega Mobile Gfx, 8 cores, 6G, Manjaro Linux
Time: Fri Sep  6 15:31:21 2019 IST elapsed time: 1 seconds (0d 0h 0m 1s)

---------------  T H R E A D  ---------------

Current thread (0x00007fdf80011000):  JavaThread "main" [_thread_in_native, id=14493, stack(0x00007fdf84e80000,0x00007fdf84f81000)]

Stack: [0x00007fdf84e80000,0x00007fdf84f81000],  sp=0x00007fdf84f7ec68,  free space=1019k
Native frames: (J=compiled Java code, A=aot compiled Java code, j=interpreted, Vv=VM code, C=native code)
C  [libc.so.6+0x161dc4]  __memmove_avx_unaligned_erms+0x174

Java frames: (J=compiled Java code, j=interpreted, Vv=VM code)
j  org.lwjgl.opengl.GL11C.nglTexImage2D(IIIIIIIIJ)V+0
j  org.lwjgl.opengl.GL11C.glTexImage2D(IIIIIIIILjava/nio/ByteBuffer;)V+17
j  org.lwjgl.opengl.GL11.glTexImage2D(IIIIIIIILjava/nio/ByteBuffer;)V+14
j  base.Texture2D.<init>(Ljava/lang/String;)V+154
j  base.Game.<clinit>()V+138
v  ~StubRoutines::call_stub
j  base.Main.main([Ljava/lang/String;)V+3
v  ~StubRoutines::call_stub

siginfo: si_signo: 11 (SIGSEGV), si_code: 1 (SEGV_MAPERR), si_addr: 0x00007fdee3c09ff0

Register to memory mapping:

RAX=0x00007fdee2c38000 points into unknown readable memory: 00 00 00 00 00 00 00 00
RBX=0x00007fdee2c38000 points into unknown readable memory: 00 00 00 00 00 00 00 00
RCX=0x0000000000000438 is an unknown value
RDX=0x00000000007e9000 is an unknown value
RSP=0x00007fdf84f7ec68 is pointing into the stack for thread: 0x00007fdf80011000
RBP=0x00007fdee3421010 points into unknown readable memory: 00 00 00 00 00 00 00 00
RSI=0x00007fdee3421010 points into unknown readable memory: 00 00 00 00 00 00 00 00
RDI=0x00007fdee2c38000 points into unknown readable memory: 00 00 00 00 00 00 00 00
R8 =0x0 is NULL
R9 =0x0000000000000780 is an unknown value
R10=0x0000000000000001 is an unknown value
R11=0x0000000000000001 is an unknown value
R12=0x0 is NULL
R13=0x0000000000001e00 is an unknown value
R14=0x0000000000000001 is an unknown value
R15=0x0000000000000043 is an unknown value


Registers:
RAX=0x00007fdee2c38000, RBX=0x00007fdee2c38000, RCX=0x0000000000000438, RDX=0x00000000007e9000
RSP=0x00007fdf84f7ec68, RBP=0x00007fdee3421010, RSI=0x00007fdee3421010, RDI=0x00007fdee2c38000
R8 =0x0000000000000000, R9 =0x0000000000000780, R10=0x0000000000000001, R11=0x0000000000000001
R12=0x0000000000000000, R13=0x0000000000001e00, R14=0x0000000000000001, R15=0x0000000000000043
RIP=0x00007fdf8682bdc4, EFLAGS=0x0000000000010287, CSGSFS=0x002b000000000033, ERR=0x0000000000000004
  TRAPNO=0x000000000000000e

Top of Stack: (sp=0x00007fdf84f7ec68)
0x00007fdf84f7ec68:   00007fdf266b74e7 0000000000000438
0x00007fdf84f7ec78:   00007fdee3421010 0000000000001e00
0x00007fdf84f7ec88:   0000000000000000 0000000000000000
0x00007fdf84f7ec98:   00007fdf267f923b 0000050280afc4b0 

Instructions: (pc=0x00007fdf8682bdc4)
0x00007fdf8682bcc4:   6f 06 c5 fa 6f 4c 16 f0 c5 fa 7f 07 c5 fa 7f 4c
0x00007fdf8682bcd4:   17 f0 c3 48 8b 4c 16 f8 48 8b 36 48 89 4c 17 f8
0x00007fdf8682bce4:   48 89 37 c3 8b 4c 16 fc 8b 36 89 4c 17 fc 89 37
0x00007fdf8682bcf4:   c3 0f b7 4c 16 fe 0f b7 36 66 89 4c 17 fe 66 89
0x00007fdf8682bd04:   37 c3 48 81 fa 00 10 00 00 0f 87 6c ff ff ff 48
0x00007fdf8682bd14:   81 fa 00 01 00 00 0f 87 91 00 00 00 48 81 fa 80
0x00007fdf8682bd24:   00 00 00 72 5a c5 fe 6f 06 c5 fe 6f 4e 20 c5 fe
0x00007fdf8682bd34:   6f 56 40 c5 fe 6f 5e 60 c5 fe 6f 64 16 e0 c5 fe
0x00007fdf8682bd44:   6f 6c 16 c0 c5 fe 6f 74 16 a0 c5 fe 6f 7c 16 80
0x00007fdf8682bd54:   c5 fe 7f 07 c5 fe 7f 4f 20 c5 fe 7f 57 40 c5 fe
0x00007fdf8682bd64:   7f 5f 60 c5 fe 7f 64 17 e0 c5 fe 7f 6c 17 c0 c5
0x00007fdf8682bd74:   fe 7f 74 17 a0 c5 fe 7f 7c 17 80 c5 f8 77 c3 c5
0x00007fdf8682bd84:   fe 6f 06 c5 fe 6f 4e 20 c5 fe 6f 54 16 e0 c5 fe
0x00007fdf8682bd94:   6f 5c 16 c0 c5 fe 7f 07 c5 fe 7f 4f 20 c5 fe 7f
0x00007fdf8682bda4:   54 17 e0 c5 fe 7f 5c 17 c0 c5 f8 77 c3 48 39 f7
0x00007fdf8682bdb4:   0f 87 ab 00 00 00 0f 84 e5 fe ff ff c5 fe 6f 26
0x00007fdf8682bdc4:   c5 fe 6f 6c 16 e0 c5 fe 6f 74 16 c0 c5 fe 6f 7c
0x00007fdf8682bdd4:   16 a0 c5 7e 6f 44 16 80 49 89 fb 48 8d 4c 17 e0
0x00007fdf8682bde4:   49 89 f8 49 83 e0 1f 49 83 e8 20 4c 29 c6 4c 29
0x00007fdf8682bdf4:   c7 4c 01 c2 48 3b 15 b9 01 06 00 0f 87 07 01 00
0x00007fdf8682be04:   00 c5 fe 6f 06 c5 fe 6f 4e 20 c5 fe 6f 56 40 c5
0x00007fdf8682be14:   fe 6f 5e 60 48 81 c6 80 00 00 00 48 81 ea 80 00
0x00007fdf8682be24:   00 00 c5 fd 7f 07 c5 fd 7f 4f 20 c5 fd 7f 57 40
0x00007fdf8682be34:   c5 fd 7f 5f 60 48 81 c7 80 00 00 00 48 81 fa 80
0x00007fdf8682be44:   00 00 00 77 bc c5 fe 7f 29 c5 fe 7f 71 e0 c5 fe
0x00007fdf8682be54:   7f 79 c0 c5 7e 7f 41 a0 c4 c1 7e 7f 23 c5 f8 77
0x00007fdf8682be64:   c3 c5 fe 6f 26 c5 fe 6f 6e 20 c5 fe 6f 76 40 c5
0x00007fdf8682be74:   fe 6f 7e 60 c5 7e 6f 44 16 e0 4c 8d 5c 17 e0 48
0x00007fdf8682be84:   8d 4c 16 e0 4d 89 d9 4d 89 d8 49 83 e0 1f 4c 29
0x00007fdf8682be94:   c1 4d 29 c1 4c 29 c2 48 3b 15 16 01 06 00 0f 87
0x00007fdf8682bea4:   f0 00 00 00 c5 fe 6f 01 c5 fe 6f 49 e0 c5 fe 6f
0x00007fdf8682beb4:   51 c0 c5 fe 6f 59 a0 48 81 e9 80 00 00 00 48 81 


Stack slot to memory mapping:
stack at sp + 0 slots: 0x00007fdf266b74e7: <offset 0x000000000014d4e7> in /usr/lib/dri/radeonsi_dri.so at 0x00007fdf2656a000
stack at sp + 1 slots: 0x0000000000000438 is an unknown value
stack at sp + 2 slots: 0x00007fdee3421010 points into unknown readable memory: 00 00 00 00 00 00 00 00
stack at sp + 3 slots: 0x0000000000001e00 is an unknown value
stack at sp + 4 slots: 0x0 is NULL
stack at sp + 5 slots: 0x0 is NULL
stack at sp + 6 slots: 0x00007fdf267f923b: <offset 0x000000000028f23b> in /usr/lib/dri/radeonsi_dri.so at 0x00007fdf2656a000
stack at sp + 7 slots: 0x0000050280afc4b0 is an unknown value


---------------  P R O C E S S  ---------------

Threads class SMR info:
_java_thread_list=0x00007fdf801fad40, length=9, elements={
0x00007fdf80011000, 0x00007fdf8013b800, 0x00007fdf8013f800, 0x00007fdf80153000,
0x00007fdf80155800, 0x00007fdf80157800, 0x00007fdf80159800, 0x00007fdf801e8000,
0x00007fdf801f9800
}

Java Threads: ( => current thread )
=>0x00007fdf80011000 JavaThread "main" [_thread_in_native, id=14493, stack(0x00007fdf84e80000,0x00007fdf84f81000)]
  0x00007fdf8013b800 JavaThread "Reference Handler" daemon [_thread_blocked, id=14500, stack(0x00007fdf593f9000,0x00007fdf594fa000)]
  0x00007fdf8013f800 JavaThread "Finalizer" daemon [_thread_blocked, id=14501, stack(0x00007fdf592f8000,0x00007fdf593f9000)]
  0x00007fdf80153000 JavaThread "Signal Dispatcher" daemon [_thread_blocked, id=14502, stack(0x00007fdf58f11000,0x00007fdf59012000)]
  0x00007fdf80155800 JavaThread "C2 CompilerThread0" daemon [_thread_blocked, id=14503, stack(0x00007fdf58e10000,0x00007fdf58f11000)]
  0x00007fdf80157800 JavaThread "C1 CompilerThread0" daemon [_thread_blocked, id=14504, stack(0x00007fdf58d0f000,0x00007fdf58e10000)]
  0x00007fdf80159800 JavaThread "Sweeper thread" daemon [_thread_blocked, id=14505, stack(0x00007fdf58c0e000,0x00007fdf58d0f000)]
  0x00007fdf801e8000 JavaThread "Service Thread" daemon [_thread_blocked, id=14506, stack(0x00007fdf58b0d000,0x00007fdf58c0e000)]
  0x00007fdf801f9800 JavaThread "Common-Cleaner" daemon [_thread_blocked, id=14508, stack(0x00007fdf5890a000,0x00007fdf58a0b000)]

Other Threads:
  0x00007fdf80133800 VMThread "VM Thread" [stack: 0x00007fdf594fc000,0x00007fdf595fc000] [id=14499]
  0x00007fdf801ea800 WatcherThread [stack: 0x00007fdf58a0d000,0x00007fdf58b0d000] [id=14507]
  0x00007fdf80027000 GCTaskThread "GC Thread#0" [stack: 0x00007fdf84b53000,0x00007fdf84c53000] [id=14494]
  0x00007fdf80053000 ConcurrentGCThread "G1 Main Marker" [stack: 0x00007fdf841d9000,0x00007fdf842d9000] [id=14495]
  0x00007fdf80055000 ConcurrentGCThread "G1 Conc#0" [stack: 0x00007fdf840d7000,0x00007fdf841d7000] [id=14496]
  0x00007fdf800d1800 ConcurrentGCThread "G1 Refine#0" [stack: 0x00007fdf59f00000,0x00007fdf5a000000] [id=14497]
  0x00007fdf800d3800 ConcurrentGCThread "G1 Young RemSet Sampling" [stack: 0x00007fdf59dfe000,0x00007fdf59efe000] [id=14498]

Threads with active compile tasks:

VM state:not at safepoint (normal execution)

VM Mutex/Monitor currently owned by a thread: None

Heap address: 0x0000000093a00000, size: 1734 MB, Compressed Oops mode: 32-bit
Narrow klass base: 0x0000000000000000, Narrow klass shift: 3
Compressed class space size: 1073741824 Address: 0x0000000100000000

Heap:
 garbage-first heap   total 112640K, used 11264K [0x0000000093a00000, 0x0000000100000000)
  region size 1024K, 13 young (13312K), 0 survivors (0K)
 Metaspace       used 10702K, capacity 10798K, committed 11136K, reserved 1058816K
  class space    used 737K, capacity 796K, committed 896K, reserved 1048576K
Heap Regions: E=young(eden), S=young(survivor), O=old, HS=humongous(starts), HC=humongous(continues), CS=collection set, F=free, A=archive, TAMS=top-at-mark-start (previous, next)
|   0|0x0000000093a00000, 0x0000000093a00000, 0x0000000093b00000|  0%| F|  |TAMS 0x0000000093a00000, 0x0000000093a00000| Untracked 
|   1|0x0000000093b00000, 0x0000000093b00000, 0x0000000093c00000|  0%| F|  |TAMS 0x0000000093b00000, 0x0000000093b00000| Untracked 
|   2|0x0000000093c00000, 0x0000000093c00000, 0x0000000093d00000|  0%| F|  |TAMS 0x0000000093c00000, 0x0000000093c00000| Untracked 
|   3|0x0000000093d00000, 0x0000000093d00000, 0x0000000093e00000|  0%| F|  |TAMS 0x0000000093d00000, 0x0000000093d00000| Untracked 
|   4|0x0000000093e00000, 0x0000000093e00000, 0x0000000093f00000|  0%| F|  |TAMS 0x0000000093e00000, 0x0000000093e00000| Untracked 
|   5|0x0000000093f00000, 0x0000000093f00000, 0x0000000094000000|  0%| F|  |TAMS 0x0000000093f00000, 0x0000000093f00000| Untracked 
|   6|0x0000000094000000, 0x0000000094000000, 0x0000000094100000|  0%| F|  |TAMS 0x0000000094000000, 0x0000000094000000| Untracked 
|   7|0x0000000094100000, 0x0000000094100000, 0x0000000094200000|  0%| F|  |TAMS 0x0000000094100000, 0x0000000094100000| Untracked 
|   8|0x0000000094200000, 0x0000000094200000, 0x0000000094300000|  0%| F|  |TAMS 0x0000000094200000, 0x0000000094200000| Untracked 
|   9|0x0000000094300000, 0x0000000094300000, 0x0000000094400000|  0%| F|  |TAMS 0x0000000094300000, 0x0000000094300000| Untracked 
|  10|0x0000000094400000, 0x0000000094400000, 0x0000000094500000|  0%| F|  |TAMS 0x0000000094400000, 0x0000000094400000| Untracked 
|  11|0x0000000094500000, 0x0000000094500000, 0x0000000094600000|  0%| F|  |TAMS 0x0000000094500000, 0x0000000094500000| Untracked 
|  12|0x0000000094600000, 0x0000000094600000, 0x0000000094700000|  0%| F|  |TAMS 0x0000000094600000, 0x0000000094600000| Untracked 
|  13|0x0000000094700000, 0x0000000094700000, 0x0000000094800000|  0%| F|  |TAMS 0x0000000094700000, 0x0000000094700000| Untracked 
|  14|0x0000000094800000, 0x0000000094800000, 0x0000000094900000|  0%| F|  |TAMS 0x0000000094800000, 0x0000000094800000| Untracked 
|  15|0x0000000094900000, 0x0000000094900000, 0x0000000094a00000|  0%| F|  |TAMS 0x0000000094900000, 0x0000000094900000| Untracked 
|  16|0x0000000094a00000, 0x0000000094a00000, 0x0000000094b00000|  0%| F|  |TAMS 0x0000000094a00000, 0x0000000094a00000| Untracked 
|  17|0x0000000094b00000, 0x0000000094b00000, 0x0000000094c00000|  0%| F|  |TAMS 0x0000000094b00000, 0x0000000094b00000| Untracked 
|  18|0x0000000094c00000, 0x0000000094c00000, 0x0000000094d00000|  0%| F|  |TAMS 0x0000000094c00000, 0x0000000094c00000| Untracked 
|  19|0x0000000094d00000, 0x0000000094d00000, 0x0000000094e00000|  0%| F|  |TAMS 0x0000000094d00000, 0x0000000094d00000| Untracked 
|  20|0x0000000094e00000, 0x0000000094e00000, 0x0000000094f00000|  0%| F|  |TAMS 0x0000000094e00000, 0x0000000094e00000| Untracked 
|  21|0x0000000094f00000, 0x0000000094f00000, 0x0000000095000000|  0%| F|  |TAMS 0x0000000094f00000, 0x0000000094f00000| Untracked 
|  22|0x0000000095000000, 0x0000000095000000, 0x0000000095100000|  0%| F|  |TAMS 0x0000000095000000, 0x0000000095000000| Untracked 
|  23|0x0000000095100000, 0x0000000095100000, 0x0000000095200000|  0%| F|  |TAMS 0x0000000095100000, 0x0000000095100000| Untracked 
|  24|0x0000000095200000, 0x0000000095200000, 0x0000000095300000|  0%| F|  |TAMS 0x0000000095200000, 0x0000000095200000| Untracked 
|  25|0x0000000095300000, 0x0000000095300000, 0x0000000095400000|  0%| F|  |TAMS 0x0000000095300000, 0x0000000095300000| Untracked 
|  26|0x0000000095400000, 0x0000000095400000, 0x0000000095500000|  0%| F|  |TAMS 0x0000000095400000, 0x0000000095400000| Untracked 
|  27|0x0000000095500000, 0x0000000095500000, 0x0000000095600000|  0%| F|  |TAMS 0x0000000095500000, 0x0000000095500000| Untracked 
|  28|0x0000000095600000, 0x0000000095600000, 0x0000000095700000|  0%| F|  |TAMS 0x0000000095600000, 0x0000000095600000| Untracked 
|  29|0x0000000095700000, 0x0000000095700000, 0x0000000095800000|  0%| F|  |TAMS 0x0000000095700000, 0x0000000095700000| Untracked 
|  30|0x0000000095800000, 0x0000000095800000, 0x0000000095900000|  0%| F|  |TAMS 0x0000000095800000, 0x0000000095800000| Untracked 
|  31|0x0000000095900000, 0x0000000095900000, 0x0000000095a00000|  0%| F|  |TAMS 0x0000000095900000, 0x0000000095900000| Untracked 
|  32|0x0000000095a00000, 0x0000000095a00000, 0x0000000095b00000|  0%| F|  |TAMS 0x0000000095a00000, 0x0000000095a00000| Untracked 
|  33|0x0000000095b00000, 0x0000000095b00000, 0x0000000095c00000|  0%| F|  |TAMS 0x0000000095b00000, 0x0000000095b00000| Untracked 
|  34|0x0000000095c00000, 0x0000000095c00000, 0x0000000095d00000|  0%| F|  |TAMS 0x0000000095c00000, 0x0000000095c00000| Untracked 
|  35|0x0000000095d00000, 0x0000000095d00000, 0x0000000095e00000|  0%| F|  |TAMS 0x0000000095d00000, 0x0000000095d00000| Untracked 
|  36|0x0000000095e00000, 0x0000000095e00000, 0x0000000095f00000|  0%| F|  |TAMS 0x0000000095e00000, 0x0000000095e00000| Untracked 
|  37|0x0000000095f00000, 0x0000000095f00000, 0x0000000096000000|  0%| F|  |TAMS 0x0000000095f00000, 0x0000000095f00000| Untracked 
|  38|0x0000000096000000, 0x0000000096000000, 0x0000000096100000|  0%| F|  |TAMS 0x0000000096000000, 0x0000000096000000| Untracked 
|  39|0x0000000096100000, 0x0000000096100000, 0x0000000096200000|  0%| F|  |TAMS 0x0000000096100000, 0x0000000096100000| Untracked 
|  40|0x0000000096200000, 0x0000000096200000, 0x0000000096300000|  0%| F|  |TAMS 0x0000000096200000, 0x0000000096200000| Untracked 
|  41|0x0000000096300000, 0x0000000096300000, 0x0000000096400000|  0%| F|  |TAMS 0x0000000096300000, 0x0000000096300000| Untracked 
|  42|0x0000000096400000, 0x0000000096400000, 0x0000000096500000|  0%| F|  |TAMS 0x0000000096400000, 0x0000000096400000| Untracked 
|  43|0x0000000096500000, 0x0000000096500000, 0x0000000096600000|  0%| F|  |TAMS 0x0000000096500000, 0x0000000096500000| Untracked 
|  44|0x0000000096600000, 0x0000000096600000, 0x0000000096700000|  0%| F|  |TAMS 0x0000000096600000, 0x0000000096600000| Untracked 
|  45|0x0000000096700000, 0x0000000096700000, 0x0000000096800000|  0%| F|  |TAMS 0x0000000096700000, 0x0000000096700000| Untracked 
|  46|0x0000000096800000, 0x0000000096800000, 0x0000000096900000|  0%| F|  |TAMS 0x0000000096800000, 0x0000000096800000| Untracked 
|  47|0x0000000096900000, 0x0000000096900000, 0x0000000096a00000|  0%| F|  |TAMS 0x0000000096900000, 0x0000000096900000| Untracked 
|  48|0x0000000096a00000, 0x0000000096a00000, 0x0000000096b00000|  0%| F|  |TAMS 0x0000000096a00000, 0x0000000096a00000| Untracked 
|  49|0x0000000096b00000, 0x0000000096b00000, 0x0000000096c00000|  0%| F|  |TAMS 0x0000000096b00000, 0x0000000096b00000| Untracked 
|  50|0x0000000096c00000, 0x0000000096c00000, 0x0000000096d00000|  0%| F|  |TAMS 0x0000000096c00000, 0x0000000096c00000| Untracked 
|  51|0x0000000096d00000, 0x0000000096d00000, 0x0000000096e00000|  0%| F|  |TAMS 0x0000000096d00000, 0x0000000096d00000| Untracked 
|  52|0x0000000096e00000, 0x0000000096e00000, 0x0000000096f00000|  0%| F|  |TAMS 0x0000000096e00000, 0x0000000096e00000| Untracked 
|  53|0x0000000096f00000, 0x0000000096f00000, 0x0000000097000000|  0%| F|  |TAMS 0x0000000096f00000, 0x0000000096f00000| Untracked 
|  54|0x0000000097000000, 0x0000000097000000, 0x0000000097100000|  0%| F|  |TAMS 0x0000000097000000, 0x0000000097000000| Untracked 
|  55|0x0000000097100000, 0x0000000097100000, 0x0000000097200000|  0%| F|  |TAMS 0x0000000097100000, 0x0000000097100000| Untracked 
|  56|0x0000000097200000, 0x0000000097200000, 0x0000000097300000|  0%| F|  |TAMS 0x0000000097200000, 0x0000000097200000| Untracked 
|  57|0x0000000097300000, 0x0000000097300000, 0x0000000097400000|  0%| F|  |TAMS 0x0000000097300000, 0x0000000097300000| Untracked 
|  58|0x0000000097400000, 0x0000000097400000, 0x0000000097500000|  0%| F|  |TAMS 0x0000000097400000, 0x0000000097400000| Untracked 
|  59|0x0000000097500000, 0x0000000097500000, 0x0000000097600000|  0%| F|  |TAMS 0x0000000097500000, 0x0000000097500000| Untracked 
|  60|0x0000000097600000, 0x0000000097600000, 0x0000000097700000|  0%| F|  |TAMS 0x0000000097600000, 0x0000000097600000| Untracked 
|  61|0x0000000097700000, 0x0000000097700000, 0x0000000097800000|  0%| F|  |TAMS 0x0000000097700000, 0x0000000097700000| Untracked 
|  62|0x0000000097800000, 0x0000000097800000, 0x0000000097900000|  0%| F|  |TAMS 0x0000000097800000, 0x0000000097800000| Untracked 
|  63|0x0000000097900000, 0x0000000097900000, 0x0000000097a00000|  0%| F|  |TAMS 0x0000000097900000, 0x0000000097900000| Untracked 
|  64|0x0000000097a00000, 0x0000000097a00000, 0x0000000097b00000|  0%| F|  |TAMS 0x0000000097a00000, 0x0000000097a00000| Untracked 
|  65|0x0000000097b00000, 0x0000000097b00000, 0x0000000097c00000|  0%| F|  |TAMS 0x0000000097b00000, 0x0000000097b00000| Untracked 
|  66|0x0000000097c00000, 0x0000000097c00000, 0x0000000097d00000|  0%| F|  |TAMS 0x0000000097c00000, 0x0000000097c00000| Untracked 
|  67|0x0000000097d00000, 0x0000000097d00000, 0x0000000097e00000|  0%| F|  |TAMS 0x0000000097d00000, 0x0000000097d00000| Untracked 
|  68|0x0000000097e00000, 0x0000000097e00000, 0x0000000097f00000|  0%| F|  |TAMS 0x0000000097e00000, 0x0000000097e00000| Untracked 
|  69|0x0000000097f00000, 0x0000000097f00000, 0x0000000098000000|  0%| F|  |TAMS 0x0000000097f00000, 0x0000000097f00000| Untracked 
|  70|0x0000000098000000, 0x0000000098000000, 0x0000000098100000|  0%| F|  |TAMS 0x0000000098000000, 0x0000000098000000| Untracked 
|  71|0x0000000098100000, 0x0000000098100000, 0x0000000098200000|  0%| F|  |TAMS 0x0000000098100000, 0x0000000098100000| Untracked 
|  72|0x0000000098200000, 0x0000000098200000, 0x0000000098300000|  0%| F|  |TAMS 0x0000000098200000, 0x0000000098200000| Untracked 
|  73|0x0000000098300000, 0x0000000098300000, 0x0000000098400000|  0%| F|  |TAMS 0x0000000098300000, 0x0000000098300000| Untracked 
|  74|0x0000000098400000, 0x0000000098400000, 0x0000000098500000|  0%| F|  |TAMS 0x0000000098400000, 0x0000000098400000| Untracked 
|  75|0x0000000098500000, 0x0000000098500000, 0x0000000098600000|  0%| F|  |TAMS 0x0000000098500000, 0x0000000098500000| Untracked 
|  76|0x0000000098600000, 0x0000000098600000, 0x0000000098700000|  0%| F|  |TAMS 0x0000000098600000, 0x0000000098600000| Untracked 
|  77|0x0000000098700000, 0x0000000098700000, 0x0000000098800000|  0%| F|  |TAMS 0x0000000098700000, 0x0000000098700000| Untracked 
|  78|0x0000000098800000, 0x0000000098800000, 0x0000000098900000|  0%| F|  |TAMS 0x0000000098800000, 0x0000000098800000| Untracked 
|  79|0x0000000098900000, 0x0000000098900000, 0x0000000098a00000|  0%| F|  |TAMS 0x0000000098900000, 0x0000000098900000| Untracked 
|  80|0x0000000098a00000, 0x0000000098a00000, 0x0000000098b00000|  0%| F|  |TAMS 0x0000000098a00000, 0x0000000098a00000| Untracked 
|  81|0x0000000098b00000, 0x0000000098b00000, 0x0000000098c00000|  0%| F|  |TAMS 0x0000000098b00000, 0x0000000098b00000| Untracked 
|  82|0x0000000098c00000, 0x0000000098c00000, 0x0000000098d00000|  0%| F|  |TAMS 0x0000000098c00000, 0x0000000098c00000| Untracked 
|  83|0x0000000098d00000, 0x0000000098d00000, 0x0000000098e00000|  0%| F|  |TAMS 0x0000000098d00000, 0x0000000098d00000| Untracked 
|  84|0x0000000098e00000, 0x0000000098e00000, 0x0000000098f00000|  0%| F|  |TAMS 0x0000000098e00000, 0x0000000098e00000| Untracked 
|  85|0x0000000098f00000, 0x0000000098f00000, 0x0000000099000000|  0%| F|  |TAMS 0x0000000098f00000, 0x0000000098f00000| Untracked 
|  86|0x0000000099000000, 0x0000000099000000, 0x0000000099100000|  0%| F|  |TAMS 0x0000000099000000, 0x0000000099000000| Untracked 
|  87|0x0000000099100000, 0x0000000099100000, 0x0000000099200000|  0%| F|  |TAMS 0x0000000099100000, 0x0000000099100000| Untracked 
|  88|0x0000000099200000, 0x0000000099200000, 0x0000000099300000|  0%| F|  |TAMS 0x0000000099200000, 0x0000000099200000| Untracked 
|  89|0x0000000099300000, 0x0000000099300000, 0x0000000099400000|  0%| F|  |TAMS 0x0000000099300000, 0x0000000099300000| Untracked 
|  90|0x0000000099400000, 0x0000000099400000, 0x0000000099500000|  0%| F|  |TAMS 0x0000000099400000, 0x0000000099400000| Untracked 
|  91|0x0000000099500000, 0x0000000099500000, 0x0000000099600000|  0%| F|  |TAMS 0x0000000099500000, 0x0000000099500000| Untracked 
|  92|0x0000000099600000, 0x0000000099600000, 0x0000000099700000|  0%| F|  |TAMS 0x0000000099600000, 0x0000000099600000| Untracked 
|  93|0x0000000099700000, 0x0000000099700000, 0x0000000099800000|  0%| F|  |TAMS 0x0000000099700000, 0x0000000099700000| Untracked 
|  94|0x0000000099800000, 0x0000000099800000, 0x0000000099900000|  0%| F|  |TAMS 0x0000000099800000, 0x0000000099800000| Untracked 
|  95|0x0000000099900000, 0x0000000099900000, 0x0000000099a00000|  0%| F|  |TAMS 0x0000000099900000, 0x0000000099900000| Untracked 
|  96|0x0000000099a00000, 0x0000000099a00000, 0x0000000099b00000|  0%| F|  |TAMS 0x0000000099a00000, 0x0000000099a00000| Untracked 
|  97|0x0000000099b00000, 0x0000000099bffa08, 0x0000000099c00000| 99%| E|  |TAMS 0x0000000099b00000, 0x0000000099b00000| Complete 
|  98|0x0000000099c00000, 0x0000000099d00000, 0x0000000099d00000|100%| E|  |TAMS 0x0000000099c00000, 0x0000000099c00000| Complete 
|  99|0x0000000099d00000, 0x0000000099e00000, 0x0000000099e00000|100%| E|CS|TAMS 0x0000000099d00000, 0x0000000099d00000| Complete 
| 100|0x0000000099e00000, 0x0000000099f00000, 0x0000000099f00000|100%| E|CS|TAMS 0x0000000099e00000, 0x0000000099e00000| Complete 
| 101|0x0000000099f00000, 0x000000009a000000, 0x000000009a000000|100%| E|CS|TAMS 0x0000000099f00000, 0x0000000099f00000| Complete 
| 102|0x000000009a000000, 0x000000009a100000, 0x000000009a100000|100%| E|CS|TAMS 0x000000009a000000, 0x000000009a000000| Complete 
| 103|0x000000009a100000, 0x000000009a200000, 0x000000009a200000|100%| E|CS|TAMS 0x000000009a100000, 0x000000009a100000| Complete 
| 104|0x000000009a200000, 0x000000009a300000, 0x000000009a300000|100%| E|CS|TAMS 0x000000009a200000, 0x000000009a200000| Complete 
| 105|0x000000009a300000, 0x000000009a400000, 0x000000009a400000|100%| E|CS|TAMS 0x000000009a300000, 0x000000009a300000| Complete 
| 106|0x000000009a400000, 0x000000009a500000, 0x000000009a500000|100%| E|CS|TAMS 0x000000009a400000, 0x000000009a400000| Complete 
| 107|0x000000009a500000, 0x000000009a600000, 0x000000009a600000|100%| E|CS|TAMS 0x000000009a500000, 0x000000009a500000| Complete 
| 108|0x000000009a600000, 0x000000009a700000, 0x000000009a700000|100%| E|CS|TAMS 0x000000009a600000, 0x000000009a600000| Complete 
| 109|0x000000009a700000, 0x000000009a800000, 0x000000009a800000|100%| E|CS|TAMS 0x000000009a700000, 0x000000009a700000| Complete 

Card table byte_map: [0x00007fdf68291000,0x00007fdf685f4000] _byte_map_base: 0x00007fdf67df4000

Marking Bits (Prev, Next): (CMBitMap*) 0x00007fdf8004b538, (CMBitMap*) 0x00007fdf8004b570
 Prev Bits: [0x00007fdf62185000, 0x00007fdf63c9d000)
 Next Bits: [0x00007fdf6066d000, 0x00007fdf62185000)

Polling page: 0x00007fdf868ab000

Metaspace:

Usage:
  Non-class:      9.77 MB capacity,     9.73 MB (>99%) used,    25.65 KB ( <1%) free+waste,    10.62 KB ( <1%) overhead. 
      Class:    796.00 KB capacity,   737.03 KB ( 93%) used,    54.97 KB (  7%) free+waste,     4.00 KB ( <1%) overhead. 
       Both:     10.54 MB capacity,    10.45 MB (>99%) used,    80.62 KB ( <1%) free+waste,    14.62 KB ( <1%) overhead. 

Virtual space:
  Non-class space:       10.00 MB reserved,      10.00 MB (100%) committed 
      Class space:        1.00 GB reserved,     896.00 KB ( <1%) committed 
             Both:        1.01 GB reserved,      10.88 MB (  1%) committed 

Chunk freelists:
   Non-Class:  230.00 KB
       Class:  4.00 KB
        Both:  234.00 KB

CodeHeap 'non-profiled nmethods': size=120032Kb used=160Kb max_used=160Kb free=119872Kb
 bounds [0x00007fdf7041f000, 0x00007fdf7068f000, 0x00007fdf77957000]
CodeHeap 'profiled nmethods': size=120028Kb used=1077Kb max_used=1077Kb free=118950Kb
 bounds [0x00007fdf68ee8000, 0x00007fdf69158000, 0x00007fdf7041f000]
CodeHeap 'non-nmethods': size=5700Kb used=1390Kb max_used=1395Kb free=4309Kb
 bounds [0x00007fdf68957000, 0x00007fdf68bc7000, 0x00007fdf68ee8000]
 total_blobs=1668 nmethods=632 adapters=822
 compilation: enabled
              stopped_count=0, restarted_count=0
 full_count=0

Compilation events (10 events):
Event: 1.217 Thread 0x00007fdf80157800  628       3       java.util.regex.CharPredicates$$Lambda$5/0x0000000100065440::is (5 bytes)
Event: 1.217 Thread 0x00007fdf80157800 nmethod 628 0x00007fdf68ff3890 code [0x00007fdf68ff3a80, 0x00007fdf68ff3ed0]
Event: 1.217 Thread 0x00007fdf80157800  629       3       java.util.regex.CharPredicates::lambda$ASCII_WORD$16 (20 bytes)
Event: 1.217 Thread 0x00007fdf80157800 nmethod 629 0x00007fdf68ff4090 code [0x00007fdf68ff4260, 0x00007fdf68ff4630]
Event: 1.217 Thread 0x00007fdf80157800  630       3       java.util.regex.ASCII::isWord (7 bytes)
Event: 1.218 Thread 0x00007fdf80157800 nmethod 630 0x00007fdf68ff4790 code [0x00007fdf68ff4960, 0x00007fdf68ff4c30]
Event: 1.218 Thread 0x00007fdf80157800  631       3       java.util.regex.ASCII::isType (15 bytes)
Event: 1.218 Thread 0x00007fdf80157800 nmethod 631 0x00007fdf68ff4d90 code [0x00007fdf68ff4f60, 0x00007fdf68ff51d0]
Event: 1.218 Thread 0x00007fdf80157800  632       3       java.util.regex.ASCII::getType (17 bytes)
Event: 1.218 Thread 0x00007fdf80157800 nmethod 632 0x00007fdf68ff5310 code [0x00007fdf68ff54c0, 0x00007fdf68ff5690]

GC Heap History (0 events):
No events

Deoptimization events (10 events):
Event: 0.098 Thread 0x00007fdf80011000 Uncommon trap: trap_request=0xffffff4d fr.pc=0x00007fdf7042361c relative=0x00000000000001fc
Event: 0.098 Thread 0x00007fdf80011000 Uncommon trap: reason=unstable_if action=reinterpret pc=0x00007fdf7042361c method=java.lang.String.hashCode()I @ 14 c2
Event: 0.098 Thread 0x00007fdf80011000 DEOPT PACKING pc=0x00007fdf7042361c sp=0x00007fdf84f7e250
Event: 0.098 Thread 0x00007fdf80011000 DEOPT UNPACKING pc=0x00007fdf6897f6a5 sp=0x00007fdf84f7e208 mode 2
Event: 0.960 Thread 0x00007fdf80011000 DEOPT PACKING pc=0x00007fdf68f47054 sp=0x00007fdf84f7d9b0
Event: 0.960 Thread 0x00007fdf80011000 DEOPT UNPACKING pc=0x00007fdf6897f4ba sp=0x00007fdf84f7ce28 mode 0
Event: 1.031 Thread 0x00007fdf80011000 DEOPT PACKING pc=0x00007fdf68f3ef12 sp=0x00007fdf84f7e7c0
Event: 1.031 Thread 0x00007fdf80011000 DEOPT UNPACKING pc=0x00007fdf6897f4ba sp=0x00007fdf84f7dc48 mode 0
Event: 1.047 Thread 0x00007fdf80011000 DEOPT PACKING pc=0x00007fdf68f110ef sp=0x00007fdf84f7e870
Event: 1.048 Thread 0x00007fdf80011000 DEOPT UNPACKING pc=0x00007fdf6897f4ba sp=0x00007fdf84f7dd18 mode 0

Classes redefined (0 events):
No events

Internal exceptions (3 events):
Event: 0.198 Thread 0x00007fdf80011000 Exception <a 'java/lang/NoSuchMethodError'{0x000000009a539ec8}: 'void java.lang.invoke.DelegatingMethodHandle$Holder.delegate(java.lang.Object, java.lang.Object, int, java.lang.Object)'> (0x000000009a539ec8) thrown at [/build/java11-openjdk/src/jdk11u-jdk
Event: 0.199 Thread 0x00007fdf80011000 Exception <a 'java/lang/NoSuchMethodError'{0x000000009a5414c8}: 'java.lang.Object java.lang.invoke.DirectMethodHandle$Holder.invokeStaticInit(java.lang.Object, java.lang.Object, java.lang.Object)'> (0x000000009a5414c8) thrown at [/build/java11-openjdk/src
Event: 0.917 Thread 0x00007fdf80011000 Exception <a 'sun/nio/fs/UnixException'{0x000000009a34ffb8}> (0x000000009a34ffb8) thrown at [/build/java11-openjdk/src/jdk11u-jdk-11.0.4+11/src/hotspot/share/prims/jni.cpp, line 615]

Events (10 events):
Event: 1.199 loading class org/lwjgl/opengl/GL12C
Event: 1.199 loading class org/lwjgl/opengl/GL12C done
Event: 1.202 loading class base/Common
Event: 1.202 loading class base/Common done
Event: 1.203 loading class base/Texture2D
Event: 1.203 loading class base/Texture2D done
Event: 1.203 loading class org/lwjgl/stb/STBImage
Event: 1.203 loading class org/lwjgl/stb/STBImage done
Event: 1.206 loading class org/lwjgl/stb/LibSTB
Event: 1.206 loading class org/lwjgl/stb/LibSTB done


Dynamic libraries:
93a00000-9a800000 rw-p 00000000 00:00 0 
9a800000-100000000 ---p 00000000 00:00 0 
100000000-1000e0000 rw-p 00000000 00:00 0 
1000e0000-140000000 ---p 00000000 00:00 0 
557dd7d9e000-557dd7d9f000 r--p 00000000 08:06 1328649                    /usr/lib/jvm/java-11-openjdk/bin/java
557dd7d9f000-557dd7da0000 r-xp 00001000 08:06 1328649                    /usr/lib/jvm/java-11-openjdk/bin/java
557dd7da0000-557dd7da1000 r--p 00002000 08:06 1328649                    /usr/lib/jvm/java-11-openjdk/bin/java
557dd7da1000-557dd7da2000 r--p 00002000 08:06 1328649                    /usr/lib/jvm/java-11-openjdk/bin/java
557dd7da2000-557dd7da3000 rw-p 00003000 08:06 1328649                    /usr/lib/jvm/java-11-openjdk/bin/java
557dd90a9000-557dd90ca000 rw-p 00000000 00:00 0                          [heap]
7fdedc000000-7fdedc021000 rw-p 00000000 00:00 0 
7fdedc021000-7fdee0000000 ---p 00000000 00:00 0 
7fdee2c38000-7fdee3421000 rw-s 133cc8000 00:06 389                       /dev/dri/renderD128
7fdee3421000-7fdee3a10000 rw-p 00000000 00:00 0 
7fdee4000000-7fdee4021000 rw-p 00000000 00:00 0 
7fdee4021000-7fdee8000000 ---p 00000000 00:00 0 
7fdee8000000-7fdee8021000 rw-p 00000000 00:00 0 
7fdee8021000-7fdeec000000 ---p 00000000 00:00 0 
7fdeec000000-7fdeec021000 rw-p 00000000 00:00 0 
7fdeec021000-7fdef0000000 ---p 00000000 00:00 0 
7fdef0000000-7fdef0021000 rw-p 00000000 00:00 0 
7fdef0021000-7fdef4000000 ---p 00000000 00:00 0 
7fdef4000000-7fdef4021000 rw-p 00000000 00:00 0 
7fdef4021000-7fdef8000000 ---p 00000000 00:00 0 
7fdef8000000-7fdef8021000 rw-p 00000000 00:00 0 
7fdef8021000-7fdefc000000 ---p 00000000 00:00 0 
7fdefc000000-7fdefc021000 rw-p 00000000 00:00 0 
7fdefc021000-7fdf00000000 ---p 00000000 00:00 0 
7fdf0053c000-7fdf005a0000 r-xp 00000000 00:2c 63                         /tmp/lwjglatri/3.2.2-build-10/liblwjgl_stb.so
7fdf005a0000-7fdf0079f000 ---p 00064000 00:2c 63                         /tmp/lwjglatri/3.2.2-build-10/liblwjgl_stb.so
7fdf0079f000-7fdf007a0000 r--p 00063000 00:2c 63                         /tmp/lwjglatri/3.2.2-build-10/liblwjgl_stb.so
7fdf007a0000-7fdf007a1000 rw-p 00064000 00:2c 63                         /tmp/lwjglatri/3.2.2-build-10/liblwjgl_stb.so
7fdf007a1000-7fdf009a2000 rw-p 00000000 00:00 0 
7fdf009a2000-7fdf009f9000 r-xp 00000000 00:2c 62                         /tmp/lwjglatri/3.2.2-build-10/liblwjgl_opengl.so
7fdf009f9000-7fdf00bf8000 ---p 00057000 00:2c 62                         /tmp/lwjglatri/3.2.2-build-10/liblwjgl_opengl.so
7fdf00bf8000-7fdf00bf9000 r--p 00056000 00:2c 62                         /tmp/lwjglatri/3.2.2-build-10/liblwjgl_opengl.so
7fdf00bf9000-7fdf00bfa000 rw-p 00057000 00:2c 62                         /tmp/lwjglatri/3.2.2-build-10/liblwjgl_opengl.so
7fdf00bfa000-7fdf00dfa000 rw-s 12da02000 00:06 389                       /dev/dri/renderD128
7fdf00dfa000-7fdf00dfb000 ---p 00000000 00:00 0 
7fdf00dfb000-7fdf015fb000 rw-p 00000000 00:00 0 
7fdf015fb000-7fdf017fb000 rw-s 129efe000 00:06 389                       /dev/dri/renderD128
7fdf017fb000-7fdf017fc000 ---p 00000000 00:00 0 
7fdf017fc000-7fdf01ffc000 rw-p 00000000 00:00 0 
7fdf01ffc000-7fdf01ffd000 ---p 00000000 00:00 0 
7fdf01ffd000-7fdf027fd000 rw-p 00000000 00:00 0 
7fdf027fd000-7fdf027fe000 ---p 00000000 00:00 0 
7fdf027fe000-7fdf02ffe000 rw-p 00000000 00:00 0 
7fdf02ffe000-7fdf02fff000 ---p 00000000 00:00 0 
7fdf02fff000-7fdf037ff000 rw-p 00000000 00:00 0 
7fdf037ff000-7fdf03800000 ---p 00000000 00:00 0 
7fdf03800000-7fdf04000000 rw-p 00000000 00:00 0 
7fdf04000000-7fdf04021000 rw-p 00000000 00:00 0 
7fdf04021000-7fdf08000000 ---p 00000000 00:00 0 
7fdf08000000-7fdf08021000 rw-p 00000000 00:00 0 
7fdf08021000-7fdf0c000000 ---p 00000000 00:00 0 
7fdf0c000000-7fdf0c021000 rw-p 00000000 00:00 0 
7fdf0c021000-7fdf10000000 ---p 00000000 00:00 0 
7fdf10000000-7fdf10021000 rw-p 00000000 00:00 0 
7fdf10021000-7fdf14000000 ---p 00000000 00:00 0 
7fdf14000000-7fdf14021000 rw-p 00000000 00:00 0 
7fdf14021000-7fdf18000000 ---p 00000000 00:00 0 
7fdf18123000-7fdf18124000 ---p 00000000 00:00 0 
7fdf18124000-7fdf18924000 rw-p 00000000 00:00 0 
7fdf18924000-7fdf18925000 ---p 00000000 00:00 0 
7fdf18925000-7fdf19125000 rw-p 00000000 00:00 0 
7fdf19125000-7fdf19126000 ---p 00000000 00:00 0 
7fdf19126000-7fdf19926000 rw-p 00000000 00:00 0 
7fdf19926000-7fdf19927000 ---p 00000000 00:00 0 
7fdf19927000-7fdf1a127000 rw-p 00000000 00:00 0 
7fdf1a127000-7fdf1a128000 ---p 00000000 00:00 0 
7fdf1a128000-7fdf1a928000 rw-p 00000000 00:00 0 
7fdf1a928000-7fdf1a929000 ---p 00000000 00:00 0 
7fdf1a929000-7fdf1b129000 rw-p 00000000 00:00 0 
7fdf1b129000-7fdf1b12a000 ---p 00000000 00:00 0 
7fdf1b12a000-7fdf1b92a000 rw-p 00000000 00:00 0 
7fdf1b92a000-7fdf1c14a000 r--p 00000000 08:06 661082                     /usr/lib/libLLVM-8.so
7fdf1c14a000-7fdf1e95d000 r-xp 00820000 08:06 661082                     /usr/lib/libLLVM-8.so
7fdf1e95d000-7fdf1fb67000 r--p 03033000 08:06 661082                     /usr/lib/libLLVM-8.so
7fdf1fb67000-7fdf1fb68000 ---p 0423d000 08:06 661082                     /usr/lib/libLLVM-8.so
7fdf1fb68000-7fdf1ff87000 r--p 0423d000 08:06 661082                     /usr/lib/libLLVM-8.so
7fdf1ff87000-7fdf1ff97000 rw-p 0465c000 08:06 661082                     /usr/lib/libLLVM-8.so
7fdf1ff97000-7fdf20000000 rw-p 00000000 00:00 0 
7fdf20000000-7fdf20021000 rw-p 00000000 00:00 0 
7fdf20021000-7fdf24000000 ---p 00000000 00:00 0 
7fdf2415a000-7fdf2417a000 rw-s 00000000 08:05 1722894                    /home/atri/#1722894 (deleted)
7fdf2417a000-7fdf2437a000 rw-s 119437000 00:06 389                       /dev/dri/renderD128
7fdf2437a000-7fdf244bb000 rw-s 00000000 08:05 1707317                    /home/atri/.cache/mesa_shader_cache/index
7fdf244bb000-7fdf25efe000 r--p 00000000 08:06 661019                     /usr/lib/libicudata.so.64.2
7fdf25efe000-7fdf25eff000 r--p 01a42000 08:06 661019                     /usr/lib/libicudata.so.64.2
7fdf25eff000-7fdf25f24000 r-xp 00000000 08:06 661423                     /usr/lib/liblzma.so.5.2.4
7fdf25f24000-7fdf26123000 ---p 00025000 08:06 661423                     /usr/lib/liblzma.so.5.2.4
7fdf26123000-7fdf26124000 r--p 00024000 08:06 661423                     /usr/lib/liblzma.so.5.2.4
7fdf26124000-7fdf26125000 rw-p 00025000 08:06 661423                     /usr/lib/liblzma.so.5.2.4
7fdf26125000-7fdf26187000 r--p 00000000 08:06 665553                     /usr/lib/libicuuc.so.64.2
7fdf26187000-7fdf26264000 r-xp 00062000 08:06 665553                     /usr/lib/libicuuc.so.64.2
7fdf26264000-7fdf262e7000 r--p 0013f000 08:06 665553                     /usr/lib/libicuuc.so.64.2
7fdf262e7000-7fdf262e8000 ---p 001c2000 08:06 665553                     /usr/lib/libicuuc.so.64.2
7fdf262e8000-7fdf262fa000 r--p 001c2000 08:06 665553                     /usr/lib/libicuuc.so.64.2
7fdf262fa000-7fdf262fb000 rw-p 001d4000 08:06 665553                     /usr/lib/libicuuc.so.64.2
7fdf262fb000-7fdf262fd000 rw-p 00000000 00:00 0 
7fdf262fd000-7fdf2632b000 r--p 00000000 08:06 661643                     /usr/lib/libxml2.so.2.9.9
7fdf2632b000-7fdf2640f000 r-xp 0002e000 08:06 661643                     /usr/lib/libxml2.so.2.9.9
7fdf2640f000-7fdf26458000 r--p 00112000 08:06 661643                     /usr/lib/libxml2.so.2.9.9
7fdf26458000-7fdf26459000 ---p 0015b000 08:06 661643                     /usr/lib/libxml2.so.2.9.9
7fdf26459000-7fdf26462000 r--p 0015b000 08:06 661643                     /usr/lib/libxml2.so.2.9.9
7fdf26462000-7fdf26463000 rw-p 00164000 08:06 661643                     /usr/lib/libxml2.so.2.9.9
7fdf26463000-7fdf26465000 rw-p 00000000 00:00 0 
7fdf26465000-7fdf2647c000 r--p 00000000 08:06 661447                     /usr/lib/libncursesw.so.6.1
7fdf2647c000-7fdf264b7000 r-xp 00017000 08:06 661447                     /usr/lib/libncursesw.so.6.1
7fdf264b7000-7fdf264ce000 r--p 00052000 08:06 661447                     /usr/lib/libncursesw.so.6.1
7fdf264ce000-7fdf264d3000 r--p 00068000 08:06 661447                     /usr/lib/libncursesw.so.6.1
7fdf264d3000-7fdf264d4000 rw-p 0006d000 08:06 661447                     /usr/lib/libncursesw.so.6.1
7fdf264d4000-7fdf264dd000 r--p 00000000 08:06 665580                     /usr/lib/libedit.so.0.0.60
7fdf264dd000-7fdf264f9000 r-xp 00009000 08:06 665580                     /usr/lib/libedit.so.0.0.60
7fdf264f9000-7fdf26507000 r--p 00025000 08:06 665580                     /usr/lib/libedit.so.0.0.60
7fdf26507000-7fdf26508000 ---p 00033000 08:06 665580                     /usr/lib/libedit.so.0.0.60
7fdf26508000-7fdf2650a000 r--p 00033000 08:06 665580                     /usr/lib/libedit.so.0.0.60
7fdf2650a000-7fdf2650b000 rw-p 00035000 08:06 665580                     /usr/lib/libedit.so.0.0.60
7fdf2650b000-7fdf2650e000 rw-p 00000000 00:00 0 
7fdf2650e000-7fdf26510000 r--p 00000000 08:06 661349                     /usr/lib/libffi.so.6.0.4
7fdf26510000-7fdf26515000 r-xp 00002000 08:06 661349                     /usr/lib/libffi.so.6.0.4
7fdf26515000-7fdf26516000 r--p 00007000 08:06 661349                     /usr/lib/libffi.so.6.0.4
7fdf26516000-7fdf26517000 ---p 00008000 08:06 661349                     /usr/lib/libffi.so.6.0.4
7fdf26517000-7fdf26518000 r--p 00008000 08:06 661349                     /usr/lib/libffi.so.6.0.4
7fdf26518000-7fdf26519000 rw-p 00009000 08:06 661349                     /usr/lib/libffi.so.6.0.4
7fdf26519000-7fdf2651b000 r--p 00000000 08:06 659743                     /usr/lib/libdrm_nouveau.so.2.0.0
7fdf2651b000-7fdf2651f000 r-xp 00002000 08:06 659743                     /usr/lib/libdrm_nouveau.so.2.0.0
7fdf2651f000-7fdf26521000 r--p 00006000 08:06 659743                     /usr/lib/libdrm_nouveau.so.2.0.0
7fdf26521000-7fdf26522000 r--p 00007000 08:06 659743                     /usr/lib/libdrm_nouveau.so.2.0.0
7fdf26522000-7fdf26523000 rw-p 00008000 08:06 659743                     /usr/lib/libdrm_nouveau.so.2.0.0
7fdf26523000-7fdf26526000 r--p 00000000 08:06 659595                     /usr/lib/libdrm_amdgpu.so.1.0.0
7fdf26526000-7fdf2652b000 r-xp 00003000 08:06 659595                     /usr/lib/libdrm_amdgpu.so.1.0.0
7fdf2652b000-7fdf2652d000 r--p 00008000 08:06 659595                     /usr/lib/libdrm_amdgpu.so.1.0.0
7fdf2652d000-7fdf2652e000 r--p 00009000 08:06 659595                     /usr/lib/libdrm_amdgpu.so.1.0.0
7fdf2652e000-7fdf2652f000 rw-p 0000a000 08:06 659595                     /usr/lib/libdrm_amdgpu.so.1.0.0
7fdf2652f000-7fdf26532000 r--p 00000000 08:06 661337                     /usr/lib/libelf-0.176.so
7fdf26532000-7fdf26542000 r-xp 00003000 08:06 661337                     /usr/lib/libelf-0.176.so
7fdf26542000-7fdf26547000 r--p 00013000 08:06 661337                     /usr/lib/libelf-0.176.so
7fdf26547000-7fdf26548000 r--p 00017000 08:06 661337                     /usr/lib/libelf-0.176.so
7fdf26548000-7fdf26549000 rw-p 00018000 08:06 661337                     /usr/lib/libelf-0.176.so
7fdf26549000-7fdf2654b000 r--p 00000000 08:06 665573                     /usr/lib/libdrm_radeon.so.1.0.1
7fdf2654b000-7fdf26552000 r-xp 00002000 08:06 665573                     /usr/lib/libdrm_radeon.so.1.0.1
7fdf26552000-7fdf26556000 r--p 00009000 08:06 665573                     /usr/lib/libdrm_radeon.so.1.0.1
7fdf26556000-7fdf26557000 r--p 0000c000 08:06 665573                     /usr/lib/libdrm_radeon.so.1.0.1
7fdf26557000-7fdf26558000 rw-p 0000d000 08:06 665573                     /usr/lib/libdrm_radeon.so.1.0.1
7fdf26558000-7fdf2655b000 r--p 00000000 08:06 661527                     /usr/lib/libsensors.so.5.0.0
7fdf2655b000-7fdf26562000 r-xp 00003000 08:06 661527                     /usr/lib/libsensors.so.5.0.0
7fdf26562000-7fdf26567000 r--p 0000a000 08:06 661527                     /usr/lib/libsensors.so.5.0.0
7fdf26567000-7fdf26568000 ---p 0000f000 08:06 661527                     /usr/lib/libsensors.so.5.0.0
7fdf26568000-7fdf26569000 r--p 0000f000 08:06 661527                     /usr/lib/libsensors.so.5.0.0
7fdf26569000-7fdf2656a000 rw-p 00010000 08:06 661527                     /usr/lib/libsensors.so.5.0.0
7fdf2656a000-7fdf26610000 r--p 00000000 08:06 659461                     /usr/lib/dri/radeonsi_dri.so
7fdf26610000-7fdf2714a000 r-xp 000a6000 08:06 659461                     /usr/lib/dri/radeonsi_dri.so
7fdf2714a000-7fdf2749e000 r--p 00be0000 08:06 659461                     /usr/lib/dri/radeonsi_dri.so
7fdf2749e000-7fdf27540000 r--p 00f33000 08:06 659461                     /usr/lib/dri/radeonsi_dri.so
7fdf27540000-7fdf27570000 rw-p 00fd5000 08:06 659461                     /usr/lib/dri/radeonsi_dri.so
7fdf27570000-7fdf27785000 rw-p 00000000 00:00 0 
7fdf27785000-7fdf27789000 r--p 00000000 08:06 665529                     /usr/lib/libexpat.so.1.6.9
7fdf27789000-7fdf277a4000 r-xp 00004000 08:06 665529                     /usr/lib/libexpat.so.1.6.9
7fdf277a4000-7fdf277ae000 r--p 0001f000 08:06 665529                     /usr/lib/libexpat.so.1.6.9
7fdf277ae000-7fdf277af000 ---p 00029000 08:06 665529                     /usr/lib/libexpat.so.1.6.9
7fdf277af000-7fdf277b1000 r--p 00029000 08:06 665529                     /usr/lib/libexpat.so.1.6.9
7fdf277b1000-7fdf277b2000 rw-p 0002b000 08:06 665529                     /usr/lib/libexpat.so.1.6.9
7fdf277b2000-7fdf277b3000 r-xp 00000000 08:06 661593                     /usr/lib/libxshmfence.so.1.0.0
7fdf277b3000-7fdf279b2000 ---p 00001000 08:06 661593                     /usr/lib/libxshmfence.so.1.0.0
7fdf279b2000-7fdf279b3000 r--p 00000000 08:06 661593                     /usr/lib/libxshmfence.so.1.0.0
7fdf279b3000-7fdf279b4000 rw-p 00001000 08:06 661593                     /usr/lib/libxshmfence.so.1.0.0
7fdf279b4000-7fdf279b7000 r--p 00000000 08:06 661582                     /usr/lib/libxcb-sync.so.1.0.0
7fdf279b7000-7fdf279ba000 r-xp 00003000 08:06 661582                     /usr/lib/libxcb-sync.so.1.0.0
7fdf279ba000-7fdf279bb000 r--p 00006000 08:06 661582                     /usr/lib/libxcb-sync.so.1.0.0
7fdf279bb000-7fdf279bc000 ---p 00007000 08:06 661582                     /usr/lib/libxcb-sync.so.1.0.0
7fdf279bc000-7fdf279bd000 r--p 00007000 08:06 661582                     /usr/lib/libxcb-sync.so.1.0.0
7fdf279bd000-7fdf279be000 rw-p 00008000 08:06 661582                     /usr/lib/libxcb-sync.so.1.0.0
7fdf279be000-7fdf279bf000 r--p 00000000 08:06 661574                     /usr/lib/libxcb-present.so.0.0.0
7fdf279bf000-7fdf279c0000 r-xp 00001000 08:06 661574                     /usr/lib/libxcb-present.so.0.0.0
7fdf279c0000-7fdf279c1000 r--p 00002000 08:06 661574                     /usr/lib/libxcb-present.so.0.0.0
7fdf279c1000-7fdf279c2000 r--p 00002000 08:06 661574                     /usr/lib/libxcb-present.so.0.0.0
7fdf279c2000-7fdf279c3000 rw-p 00003000 08:06 661574                     /usr/lib/libxcb-present.so.0.0.0
7fdf279c3000-7fdf279c5000 r--p 00000000 08:06 661572                     /usr/lib/libxcb-dri3.so.0.0.0
7fdf279c5000-7fdf279c6000 r-xp 00002000 08:06 661572                     /usr/lib/libxcb-dri3.so.0.0.0
7fdf279c6000-7fdf279c7000 r--p 00003000 08:06 661572                     /usr/lib/libxcb-dri3.so.0.0.0
7fdf279c7000-7fdf279c8000 r--p 00003000 08:06 661572                     /usr/lib/libxcb-dri3.so.0.0.0
7fdf279c8000-7fdf279c9000 rw-p 00004000 08:06 661572                     /usr/lib/libxcb-dri3.so.0.0.0
7fdf279c9000-7fdf279d5000 r--p 00000000 08:06 661573                     /usr/lib/libxcb-glx.so.0.0.0
7fdf279d5000-7fdf279de000 r-xp 0000c000 08:06 661573                     /usr/lib/libxcb-glx.so.0.0.0
7fdf279de000-7fdf279e3000 r--p 00015000 08:06 661573                     /usr/lib/libxcb-glx.so.0.0.0
7fdf279e3000-7fdf279e4000 ---p 0001a000 08:06 661573                     /usr/lib/libxcb-glx.so.0.0.0
7fdf279e4000-7fdf279e6000 r--p 0001a000 08:06 661573                     /usr/lib/libxcb-glx.so.0.0.0
7fdf279e6000-7fdf279e7000 rw-p 0001c000 08:06 661573                     /usr/lib/libxcb-glx.so.0.0.0
7fdf279e7000-7fdf279ec000 r--p 00000000 08:06 659592                     /usr/lib/libdrm.so.2.4.0
7fdf279ec000-7fdf279f6000 r-xp 00005000 08:06 659592                     /usr/lib/libdrm.so.2.4.0
7fdf279f6000-7fdf279fa000 r--p 0000f000 08:06 659592                     /usr/lib/libdrm.so.2.4.0
7fdf279fa000-7fdf279fb000 r--p 00012000 08:06 659592                     /usr/lib/libdrm.so.2.4.0
7fdf279fb000-7fdf279fc000 rw-p 00013000 08:06 659592                     /usr/lib/libdrm.so.2.4.0
7fdf279fc000-7fdf27a07000 r--p 00000000 08:06 661567                     /usr/lib/libglapi.so.0.0.0
7fdf27a07000-7fdf27a13000 r-xp 0000b000 08:06 661567                     /usr/lib/libglapi.so.0.0.0
7fdf27a13000-7fdf27a29000 r--p 00017000 08:06 661567                     /usr/lib/libglapi.so.0.0.0
7fdf27a29000-7fdf27a2a000 ---p 0002d000 08:06 661567                     /usr/lib/libglapi.so.0.0.0
7fdf27a2a000-7fdf27a2e000 r--p 0002d000 08:06 661567                     /usr/lib/libglapi.so.0.0.0
7fdf27a2e000-7fdf27a2f000 rw-p 00031000 08:06 661567                     /usr/lib/libglapi.so.0.0.0
7fdf27a2f000-7fdf27a30000 rw-p 00000000 00:00 0 
7fdf27a30000-7fdf27a49000 r--p 00000000 08:06 659640                     /usr/lib/libGLX_mesa.so.0.0.0
7fdf27a49000-7fdf27a8b000 r-xp 00019000 08:06 659640                     /usr/lib/libGLX_mesa.so.0.0.0
7fdf27a8b000-7fdf27aa4000 r--p 0005b000 08:06 659640                     /usr/lib/libGLX_mesa.so.0.0.0
7fdf27aa4000-7fdf27aa7000 r--p 00073000 08:06 659640                     /usr/lib/libGLX_mesa.so.0.0.0
7fdf27aa7000-7fdf27aa8000 rw-p 00076000 08:06 659640                     /usr/lib/libGLX_mesa.so.0.0.0
7fdf27aa8000-7fdf27ae8000 r--p 00000000 08:06 672294                     /usr/lib/libGLdispatch.so.0.0.0
7fdf27ae8000-7fdf27b06000 r-xp 00040000 08:06 672294                     /usr/lib/libGLdispatch.so.0.0.0
7fdf27b06000-7fdf27b19000 r--p 0005e000 08:06 672294                     /usr/lib/libGLdispatch.so.0.0.0
7fdf27b19000-7fdf27b1a000 ---p 00071000 08:06 672294                     /usr/lib/libGLdispatch.so.0.0.0
7fdf27b1a000-7fdf27b43000 r--p 00071000 08:06 672294                     /usr/lib/libGLdispatch.so.0.0.0
7fdf27b43000-7fdf27b44000 rw-p 0009a000 08:06 672294                     /usr/lib/libGLdispatch.so.0.0.0
7fdf27b44000-7fdf27b64000 rw-p 00000000 00:00 0 
7fdf27b64000-7fdf27ba6000 r--p 00000000 08:06 659467                     /usr/lib/libGL.so.1.7.0
7fdf27ba6000-7fdf27bc5000 r-xp 00042000 08:06 659467                     /usr/lib/libGL.so.1.7.0
7fdf27bc5000-7fdf27bda000 r--p 00061000 08:06 659467                     /usr/lib/libGL.so.1.7.0
7fdf27bda000-7fdf27bf5000 r--p 00075000 08:06 659467                     /usr/lib/libGL.so.1.7.0
7fdf27bf5000-7fdf27bf6000 rw-p 00090000 08:06 659467                     /usr/lib/libGL.so.1.7.0
7fdf27bf6000-7fdf27bf7000 rw-p 00000000 00:00 0 
7fdf27bf7000-7fdf27bf9000 r-xp 00000000 08:06 669912                     /usr/lib/libXinerama.so.1.0.0
7fdf27bf9000-7fdf27df8000 ---p 00002000 08:06 669912                     /usr/lib/libXinerama.so.1.0.0
7fdf27df8000-7fdf27df9000 r--p 00001000 08:06 669912                     /usr/lib/libXinerama.so.1.0.0
7fdf27df9000-7fdf27dfa000 rw-p 00002000 08:06 669912                     /usr/lib/libXinerama.so.1.0.0
7fdf27dfa000-7fdf27dff000 r-xp 00000000 08:06 661272                     /usr/lib/libXfixes.so.3.1.0
7fdf27dff000-7fdf27ffe000 ---p 00005000 08:06 661272                     /usr/lib/libXfixes.so.3.1.0
7fdf27ffe000-7fdf27fff000 r--p 00004000 08:06 661272                     /usr/lib/libXfixes.so.3.1.0
7fdf27fff000-7fdf28000000 rw-p 00005000 08:06 661272                     /usr/lib/libXfixes.so.3.1.0
7fdf28000000-7fdf28021000 rw-p 00000000 00:00 0 
7fdf28021000-7fdf2c000000 ---p 00000000 00:00 0 
7fdf2c000000-7fdf2c021000 rw-p 00000000 00:00 0 
7fdf2c021000-7fdf30000000 ---p 00000000 00:00 0 
7fdf30000000-7fdf3046d000 rw-p 00000000 00:00 0 
7fdf3046d000-7fdf34000000 ---p 00000000 00:00 0 
7fdf34000000-7fdf34021000 rw-p 00000000 00:00 0 
7fdf34021000-7fdf38000000 ---p 00000000 00:00 0 
7fdf38000000-7fdf38021000 rw-p 00000000 00:00 0 
7fdf38021000-7fdf3c000000 ---p 00000000 00:00 0 
7fdf3c000000-7fdf3c20e000 rw-p 00000000 00:00 0 
7fdf3c20e000-7fdf40000000 ---p 00000000 00:00 0 
7fdf40000000-7fdf40021000 rw-p 00000000 00:00 0 
7fdf40021000-7fdf44000000 ---p 00000000 00:00 0 
7fdf44000000-7fdf44021000 rw-p 00000000 00:00 0 
7fdf44021000-7fdf48000000 ---p 00000000 00:00 0 
7fdf48000000-7fdf48021000 rw-p 00000000 00:00 0 
7fdf48021000-7fdf4c000000 ---p 00000000 00:00 0 
7fdf4c000000-7fdf4c021000 rw-p 00000000 00:00 0 
7fdf4c021000-7fdf50000000 ---p 00000000 00:00 0 
7fdf50000000-7fdf50021000 rw-p 00000000 00:00 0 
7fdf50021000-7fdf54000000 ---p 00000000 00:00 0 
7fdf54000000-7fdf54021000 rw-p 00000000 00:00 0 
7fdf54021000-7fdf58000000 ---p 00000000 00:00 0 
7fdf58001000-7fdf58003000 r--p 00000000 08:06 661571                     /usr/lib/libxcb-dri2.so.0.0.0
7fdf58003000-7fdf58005000 r-xp 00002000 08:06 661571                     /usr/lib/libxcb-dri2.so.0.0.0
7fdf58005000-7fdf58006000 r--p 00004000 08:06 661571                     /usr/lib/libxcb-dri2.so.0.0.0
7fdf58006000-7fdf58007000 r--p 00004000 08:06 661571                     /usr/lib/libxcb-dri2.so.0.0.0
7fdf58007000-7fdf58008000 rw-p 00005000 08:06 661571                     /usr/lib/libxcb-dri2.so.0.0.0
7fdf58008000-7fdf5800b000 r--p 00000000 08:06 661256                     /usr/lib/libGLX.so.0.0.0
7fdf5800b000-7fdf58015000 r-xp 00003000 08:06 661256                     /usr/lib/libGLX.so.0.0.0
7fdf58015000-7fdf58018000 r--p 0000d000 08:06 661256                     /usr/lib/libGLX.so.0.0.0
7fdf58018000-7fdf58019000 ---p 00010000 08:06 661256                     /usr/lib/libGLX.so.0.0.0
7fdf58019000-7fdf5801a000 r--p 00010000 08:06 661256                     /usr/lib/libGLX.so.0.0.0
7fdf5801a000-7fdf5801b000 rw-p 00011000 08:06 661256                     /usr/lib/libGLX.so.0.0.0
7fdf5801b000-7fdf5803b000 rw-p 00000000 00:00 0 
7fdf5803b000-7fdf5803e000 r--p 00000000 08:06 669908                     /usr/lib/libXcursor.so.1.0.2
7fdf5803e000-7fdf58043000 r-xp 00003000 08:06 669908                     /usr/lib/libXcursor.so.1.0.2
7fdf58043000-7fdf58045000 r--p 00008000 08:06 669908                     /usr/lib/libXcursor.so.1.0.2
7fdf58045000-7fdf58046000 r--p 00009000 08:06 669908                     /usr/lib/libXcursor.so.1.0.2
7fdf58046000-7fdf58047000 rw-p 0000a000 08:06 669908                     /usr/lib/libXcursor.so.1.0.2
7fdf58047000-7fdf58049000 r--p 00000000 08:06 669917                     /usr/lib/libXrender.so.1.3.0
7fdf58049000-7fdf58050000 r-xp 00002000 08:06 669917                     /usr/lib/libXrender.so.1.3.0
7fdf58050000-7fdf58052000 r--p 00009000 08:06 669917                     /usr/lib/libXrender.so.1.3.0
7fdf58052000-7fdf58053000 r--p 0000a000 08:06 669917                     /usr/lib/libXrender.so.1.3.0
7fdf58053000-7fdf58054000 rw-p 0000b000 08:06 669917                     /usr/lib/libXrender.so.1.3.0
7fdf58054000-7fdf58057000 r--p 00000000 08:06 671418                     /usr/lib/libXi.so.6.1.0
7fdf58057000-7fdf58062000 r-xp 00003000 08:06 671418                     /usr/lib/libXi.so.6.1.0
7fdf58062000-7fdf58065000 r--p 0000e000 08:06 671418                     /usr/lib/libXi.so.6.1.0
7fdf58065000-7fdf58066000 r--p 00010000 08:06 671418                     /usr/lib/libXi.so.6.1.0
7fdf58066000-7fdf58067000 rw-p 00011000 08:06 671418                     /usr/lib/libXi.so.6.1.0
7fdf58067000-7fdf5806b000 r--p 00000000 08:06 665711                     /usr/lib/libXext.so.6.4.0
7fdf5806b000-7fdf58076000 r-xp 00004000 08:06 665711                     /usr/lib/libXext.so.6.4.0
7fdf58076000-7fdf5807a000 r--p 0000f000 08:06 665711                     /usr/lib/libXext.so.6.4.0
7fdf5807a000-7fdf5807b000 r--p 00012000 08:06 665711                     /usr/lib/libXext.so.6.4.0
7fdf5807b000-7fdf5807c000 rw-p 00013000 08:06 665711                     /usr/lib/libXext.so.6.4.0
7fdf5807c000-7fdf58080000 r-xp 00000000 08:06 661273                     /usr/lib/libXxf86vm.so.1.0.0
7fdf58080000-7fdf58280000 ---p 00004000 08:06 661273                     /usr/lib/libXxf86vm.so.1.0.0
7fdf58280000-7fdf58281000 r--p 00004000 08:06 661273                     /usr/lib/libXxf86vm.so.1.0.0
7fdf58281000-7fdf58282000 rw-p 00005000 08:06 661273                     /usr/lib/libXxf86vm.so.1.0.0
7fdf58282000-7fdf5828e000 r--p 00000000 08:06 661591                     /usr/lib/libxcb.so.1.1.0
7fdf5828e000-7fdf582a1000 r-xp 0000c000 08:06 661591                     /usr/lib/libxcb.so.1.1.0
7fdf582a1000-7fdf582aa000 r--p 0001f000 08:06 661591                     /usr/lib/libxcb.so.1.1.0
7fdf582aa000-7fdf582ab000 r--p 00027000 08:06 661591                     /usr/lib/libxcb.so.1.1.0
7fdf582ab000-7fdf582ac000 rw-p 00028000 08:06 661591                     /usr/lib/libxcb.so.1.1.0
7fdf582ac000-7fdf582c8000 r--p 00000000 08:06 665681                     /usr/lib/libX11.so.6.3.0
7fdf582c8000-7fdf58350000 r-xp 0001c000 08:06 665681                     /usr/lib/libX11.so.6.3.0
7fdf58350000-7fdf583e3000 r--p 000a4000 08:06 665681                     /usr/lib/libX11.so.6.3.0
7fdf583e3000-7fdf583e4000 ---p 00137000 08:06 665681                     /usr/lib/libX11.so.6.3.0
7fdf583e4000-7fdf583e7000 r--p 00137000 08:06 665681                     /usr/lib/libX11.so.6.3.0
7fdf583e7000-7fdf583eb000 rw-p 0013a000 08:06 665681                     /usr/lib/libX11.so.6.3.0
7fdf583fd000-7fdf5841d000 r-xs 00000000 08:05 1722894                    /home/atri/#1722894 (deleted)
7fdf5841d000-7fdf58460000 r-xp 00000000 00:2c 61                         /tmp/lwjglatri/3.2.2-build-10/libglfw.so
7fdf58460000-7fdf5865f000 ---p 00043000 00:2c 61                         /tmp/lwjglatri/3.2.2-build-10/libglfw.so
7fdf5865f000-7fdf58660000 r--p 00042000 00:2c 61                         /tmp/lwjglatri/3.2.2-build-10/libglfw.so
7fdf58660000-7fdf58662000 rw-p 00043000 00:2c 61                         /tmp/lwjglatri/3.2.2-build-10/libglfw.so
7fdf58662000-7fdf58683000 rw-p 00000000 00:00 0 
7fdf58683000-7fdf58706000 r-xp 00000000 00:2c 60                         /tmp/lwjglatri/3.2.2-build-10/liblwjgl.so
7fdf58706000-7fdf58906000 ---p 00083000 00:2c 60                         /tmp/lwjglatri/3.2.2-build-10/liblwjgl.so
7fdf58906000-7fdf58907000 r--p 00083000 00:2c 60                         /tmp/lwjglatri/3.2.2-build-10/liblwjgl.so
7fdf58907000-7fdf58909000 rw-p 00084000 00:2c 60                         /tmp/lwjglatri/3.2.2-build-10/liblwjgl.so
7fdf58909000-7fdf5890a000 rw-p 00000000 00:00 0 
7fdf5890a000-7fdf5890e000 ---p 00000000 00:00 0 
7fdf5890e000-7fdf58a0b000 rw-p 00000000 00:00 0 
7fdf58a0b000-7fdf58a0c000 ---p 00000000 00:00 0 
7fdf58a0c000-7fdf58b0d000 rw-p 00000000 00:00 0 
7fdf58b0d000-7fdf58b11000 ---p 00000000 00:00 0 
7fdf58b11000-7fdf58c0e000 rw-p 00000000 00:00 0 
7fdf58c0e000-7fdf58c12000 ---p 00000000 00:00 0 
7fdf58c12000-7fdf58d0f000 rw-p 00000000 00:00 0 
7fdf58d0f000-7fdf58d13000 ---p 00000000 00:00 0 
7fdf58d13000-7fdf58e10000 rw-p 00000000 00:00 0 
7fdf58e10000-7fdf58e14000 ---p 00000000 00:00 0 
7fdf58e14000-7fdf58f11000 rw-p 00000000 00:00 0 
7fdf58f11000-7fdf58f15000 ---p 00000000 00:00 0 
7fdf58f15000-7fdf59012000 rw-p 00000000 00:00 0 
7fdf59012000-7fdf592f8000 r--p 00000000 08:06 672187                     /usr/lib/locale/locale-archive
7fdf592f8000-7fdf592fc000 ---p 00000000 00:00 0 
7fdf592fc000-7fdf593f9000 rw-p 00000000 00:00 0 
7fdf593f9000-7fdf593fd000 ---p 00000000 00:00 0 
7fdf593fd000-7fdf594fa000 rw-p 00000000 00:00 0 
7fdf594fa000-7fdf594fb000 ---p 00000000 00:00 0 
7fdf594fb000-7fdf59dfc000 rw-p 00000000 00:00 0 
7fdf59dfc000-7fdf59dfd000 ---p 00000000 00:00 0 
7fdf59dfd000-7fdf59efe000 rw-p 00000000 00:00 0 
7fdf59efe000-7fdf59eff000 ---p 00000000 00:00 0 
7fdf59eff000-7fdf5c000000 rw-p 00000000 00:00 0 
7fdf5c000000-7fdf5c021000 rw-p 00000000 00:00 0 
7fdf5c021000-7fdf60000000 ---p 00000000 00:00 0 
7fdf60000000-7fdf60001000 r--p 00000000 08:06 661269                     /usr/lib/libXdamage.so.1.1.0
7fdf60001000-7fdf60002000 r-xp 00001000 08:06 661269                     /usr/lib/libXdamage.so.1.1.0
7fdf60002000-7fdf60003000 r--p 00002000 08:06 661269                     /usr/lib/libXdamage.so.1.1.0
7fdf60003000-7fdf60004000 r--p 00002000 08:06 661269                     /usr/lib/libXdamage.so.1.1.0
7fdf60004000-7fdf60005000 rw-p 00003000 08:06 661269                     /usr/lib/libXdamage.so.1.1.0
7fdf60005000-7fdf60006000 r--p 00000000 08:06 659488                     /usr/lib/libX11-xcb.so.1.0.0
7fdf60006000-7fdf60007000 r-xp 00001000 08:06 659488                     /usr/lib/libX11-xcb.so.1.0.0
7fdf60007000-7fdf60008000 r--p 00002000 08:06 659488                     /usr/lib/libX11-xcb.so.1.0.0
7fdf60008000-7fdf60009000 r--p 00002000 08:06 659488                     /usr/lib/libX11-xcb.so.1.0.0
7fdf60009000-7fdf6000a000 rw-p 00003000 08:06 659488                     /usr/lib/libX11-xcb.so.1.0.0
7fdf6000a000-7fdf6003b000 rw-p 00000000 00:00 0 
7fdf6003b000-7fdf6003f000 r--p 00000000 08:06 1328714                    /usr/lib/jvm/java-11-openjdk/lib/libnet.so
7fdf6003f000-7fdf6004e000 r-xp 00004000 08:06 1328714                    /usr/lib/jvm/java-11-openjdk/lib/libnet.so
7fdf6004e000-7fdf60052000 r--p 00013000 08:06 1328714                    /usr/lib/jvm/java-11-openjdk/lib/libnet.so
7fdf60052000-7fdf60053000 r--p 00016000 08:06 1328714                    /usr/lib/jvm/java-11-openjdk/lib/libnet.so
7fdf60053000-7fdf60054000 rw-p 00017000 08:06 1328714                    /usr/lib/jvm/java-11-openjdk/lib/libnet.so
7fdf60054000-7fdf6005b000 r--p 00000000 08:06 1328716                    /usr/lib/jvm/java-11-openjdk/lib/libnio.so
7fdf6005b000-7fdf60062000 r-xp 00007000 08:06 1328716                    /usr/lib/jvm/java-11-openjdk/lib/libnio.so
7fdf60062000-7fdf60065000 r--p 0000e000 08:06 1328716                    /usr/lib/jvm/java-11-openjdk/lib/libnio.so
7fdf60065000-7fdf60066000 r--p 00010000 08:06 1328716                    /usr/lib/jvm/java-11-openjdk/lib/libnio.so
7fdf60066000-7fdf60067000 rw-p 00011000 08:06 1328716                    /usr/lib/jvm/java-11-openjdk/lib/libnio.so
7fdf60067000-7fdf60825000 rw-p 00000000 00:00 0 
7fdf60825000-7fdf62185000 ---p 00000000 00:00 0 
7fdf62185000-7fdf6233d000 rw-p 00000000 00:00 0 
7fdf6233d000-7fdf63c9d000 ---p 00000000 00:00 0 
7fdf63c9d000-7fdf63cd4000 rw-p 00000000 00:00 0 
7fdf63cd4000-7fdf64000000 ---p 00000000 00:00 0 
7fdf64000000-7fdf64021000 rw-p 00000000 00:00 0 
7fdf64021000-7fdf68000000 ---p 00000000 00:00 0 
7fdf68001000-7fdf68003000 r--p 00000000 08:06 671436                     /usr/lib/libXrandr.so.2.2.0
7fdf68003000-7fdf6800a000 r-xp 00002000 08:06 671436                     /usr/lib/libXrandr.so.2.2.0
7fdf6800a000-7fdf6800c000 r--p 00009000 08:06 671436                     /usr/lib/libXrandr.so.2.2.0
7fdf6800c000-7fdf6800d000 r--p 0000a000 08:06 671436                     /usr/lib/libXrandr.so.2.2.0
7fdf6800d000-7fdf6800e000 rw-p 0000b000 08:06 671436                     /usr/lib/libXrandr.so.2.2.0
7fdf6800e000-7fdf682c8000 rw-p 00000000 00:00 0 
7fdf682c8000-7fdf685f4000 ---p 00000000 00:00 0 
7fdf685f4000-7fdf6862b000 rw-p 00000000 00:00 0 
7fdf6862b000-7fdf68957000 ---p 00000000 00:00 0 
7fdf68957000-7fdf68bc7000 rwxp 00000000 00:00 0 
7fdf68bc7000-7fdf68ee8000 ---p 00000000 00:00 0 
7fdf68ee8000-7fdf69158000 rwxp 00000000 00:00 0 
7fdf69158000-7fdf7041f000 ---p 00000000 00:00 0 
7fdf7041f000-7fdf7068f000 rwxp 00000000 00:00 0 
7fdf7068f000-7fdf77957000 ---p 00000000 00:00 0 
7fdf77957000-7fdf80000000 r--s 00000000 08:06 1328731                    /usr/lib/jvm/java-11-openjdk/lib/modules
7fdf80000000-7fdf80b88000 rw-p 00000000 00:00 0 
7fdf80b88000-7fdf84000000 ---p 00000000 00:00 0 
7fdf84001000-7fdf84002000 r-xp 00000000 00:00 0 
7fdf84002000-7fdf84003000 rw-s 00000000 00:05 277632                     /memfd:xshmfence (deleted)
7fdf84003000-7fdf84005000 r--p 00000000 08:06 665710                     /usr/lib/libXdmcp.so.6.0.0
7fdf84005000-7fdf84007000 r-xp 00002000 08:06 665710                     /usr/lib/libXdmcp.so.6.0.0
7fdf84007000-7fdf84009000 r--p 00004000 08:06 665710                     /usr/lib/libXdmcp.so.6.0.0
7fdf84009000-7fdf8400a000 r--p 00005000 08:06 665710                     /usr/lib/libXdmcp.so.6.0.0
7fdf8400a000-7fdf8400b000 rw-p 00006000 08:06 665710                     /usr/lib/libXdmcp.so.6.0.0
7fdf8400b000-7fdf8400c000 r--p 00000000 08:06 661268                     /usr/lib/libXau.so.6.0.0
7fdf8400c000-7fdf8400d000 r-xp 00001000 08:06 661268                     /usr/lib/libXau.so.6.0.0
7fdf8400d000-7fdf8400e000 r--p 00002000 08:06 661268                     /usr/lib/libXau.so.6.0.0
7fdf8400e000-7fdf8400f000 r--p 00002000 08:06 661268                     /usr/lib/libXau.so.6.0.0
7fdf8400f000-7fdf84010000 rw-p 00003000 08:06 661268                     /usr/lib/libXau.so.6.0.0
7fdf84010000-7fdf840d5000 rw-p 00000000 00:00 0 
7fdf840d5000-7fdf840d6000 ---p 00000000 00:00 0 
7fdf840d6000-7fdf841d7000 rw-p 00000000 00:00 0 
7fdf841d7000-7fdf841d8000 ---p 00000000 00:00 0 
7fdf841d8000-7fdf84b51000 rw-p 00000000 00:00 0 
7fdf84b51000-7fdf84b52000 ---p 00000000 00:00 0 
7fdf84b52000-7fdf84c58000 rw-p 00000000 00:00 0 
7fdf84c58000-7fdf84d3e000 ---p 00000000 00:00 0 
7fdf84d3e000-7fdf84d43000 rw-p 00000000 00:00 0 
7fdf84d43000-7fdf84e29000 ---p 00000000 00:00 0 
7fdf84e29000-7fdf84e2e000 rw-p 00000000 00:00 0 
7fdf84e2e000-7fdf84e35000 ---p 00000000 00:00 0 
7fdf84e35000-7fdf84e37000 r--p 00000000 08:06 1328700                    /usr/lib/jvm/java-11-openjdk/lib/libjimage.so
7fdf84e37000-7fdf84e3a000 r-xp 00002000 08:06 1328700                    /usr/lib/jvm/java-11-openjdk/lib/libjimage.so
7fdf84e3a000-7fdf84e3b000 r--p 00005000 08:06 1328700                    /usr/lib/jvm/java-11-openjdk/lib/libjimage.so
7fdf84e3b000-7fdf84e3c000 ---p 00006000 08:06 1328700                    /usr/lib/jvm/java-11-openjdk/lib/libjimage.so
7fdf84e3c000-7fdf84e3d000 r--p 00006000 08:06 1328700                    /usr/lib/jvm/java-11-openjdk/lib/libjimage.so
7fdf84e3d000-7fdf84e3e000 rw-p 00007000 08:06 1328700                    /usr/lib/jvm/java-11-openjdk/lib/libjimage.so
7fdf84e3e000-7fdf84e40000 r--p 00000000 08:06 1328730                    /usr/lib/jvm/java-11-openjdk/lib/libzip.so
7fdf84e40000-7fdf84e44000 r-xp 00002000 08:06 1328730                    /usr/lib/jvm/java-11-openjdk/lib/libzip.so
7fdf84e44000-7fdf84e46000 r--p 00006000 08:06 1328730                    /usr/lib/jvm/java-11-openjdk/lib/libzip.so
7fdf84e46000-7fdf84e47000 r--p 00007000 08:06 1328730                    /usr/lib/jvm/java-11-openjdk/lib/libzip.so
7fdf84e47000-7fdf84e48000 rw-p 00008000 08:06 1328730                    /usr/lib/jvm/java-11-openjdk/lib/libzip.so
7fdf84e48000-7fdf84e56000 r--p 00000000 08:06 1328694                    /usr/lib/jvm/java-11-openjdk/lib/libjava.so
7fdf84e56000-7fdf84e6b000 r-xp 0000e000 08:06 1328694                    /usr/lib/jvm/java-11-openjdk/lib/libjava.so
7fdf84e6b000-7fdf84e72000 r--p 00023000 08:06 1328694                    /usr/lib/jvm/java-11-openjdk/lib/libjava.so
7fdf84e72000-7fdf84e73000 r--p 00029000 08:06 1328694                    /usr/lib/jvm/java-11-openjdk/lib/libjava.so
7fdf84e73000-7fdf84e74000 rw-p 0002a000 08:06 1328694                    /usr/lib/jvm/java-11-openjdk/lib/libjava.so
7fdf84e74000-7fdf84e75000 rw-p 00000000 00:00 0 
7fdf84e75000-7fdf84e78000 r--p 00000000 08:06 672174                     /usr/lib/librt-2.29.so
7fdf84e78000-7fdf84e7c000 r-xp 00003000 08:06 672174                     /usr/lib/librt-2.29.so
7fdf84e7c000-7fdf84e7e000 r--p 00007000 08:06 672174                     /usr/lib/librt-2.29.so
7fdf84e7e000-7fdf84e7f000 r--p 00008000 08:06 672174                     /usr/lib/librt-2.29.so
7fdf84e7f000-7fdf84e80000 rw-p 00009000 08:06 672174                     /usr/lib/librt-2.29.so
7fdf84e80000-7fdf84e84000 ---p 00000000 00:00 0 
7fdf84e84000-7fdf84f81000 rw-p 00000000 00:00 0 
7fdf84f81000-7fdf84f84000 r--p 00000000 08:06 659671                     /usr/lib/libgcc_s.so.1
7fdf84f84000-7fdf84f95000 r-xp 00003000 08:06 659671                     /usr/lib/libgcc_s.so.1
7fdf84f95000-7fdf84f99000 r--p 00014000 08:06 659671                     /usr/lib/libgcc_s.so.1
7fdf84f99000-7fdf84f9a000 r--p 00017000 08:06 659671                     /usr/lib/libgcc_s.so.1
7fdf84f9a000-7fdf84f9b000 rw-p 00018000 08:06 659671                     /usr/lib/libgcc_s.so.1
7fdf84f9b000-7fdf84faa000 r--p 00000000 08:06 664296                     /usr/lib/libm-2.29.so
7fdf84faa000-7fdf85046000 r-xp 0000f000 08:06 664296                     /usr/lib/libm-2.29.so
7fdf85046000-7fdf850df000 r--p 000ab000 08:06 664296                     /usr/lib/libm-2.29.so
7fdf850df000-7fdf850e0000 r--p 00143000 08:06 664296                     /usr/lib/libm-2.29.so
7fdf850e0000-7fdf850e1000 rw-p 00144000 08:06 664296                     /usr/lib/libm-2.29.so
7fdf850e1000-7fdf85176000 r--p 00000000 08:06 661367                     /usr/lib/libstdc++.so.6.0.26
7fdf85176000-7fdf8526e000 r-xp 00095000 08:06 661367                     /usr/lib/libstdc++.so.6.0.26
7fdf8526e000-7fdf852b7000 r--p 0018d000 08:06 661367                     /usr/lib/libstdc++.so.6.0.26
7fdf852b7000-7fdf852b8000 ---p 001d6000 08:06 661367                     /usr/lib/libstdc++.so.6.0.26
7fdf852b8000-7fdf852c5000 r--p 001d6000 08:06 661367                     /usr/lib/libstdc++.so.6.0.26
7fdf852c5000-7fdf852c6000 rw-p 001e3000 08:06 661367                     /usr/lib/libstdc++.so.6.0.26
7fdf852c6000-7fdf852c9000 rw-p 00000000 00:00 0 
7fdf852c9000-7fdf8553a000 r--p 00000000 08:06 1328743                    /usr/lib/jvm/java-11-openjdk/lib/server/libjvm.so
7fdf8553a000-7fdf860fd000 r-xp 00271000 08:06 1328743                    /usr/lib/jvm/java-11-openjdk/lib/server/libjvm.so
7fdf860fd000-7fdf8633c000 r--p 00e34000 08:06 1328743                    /usr/lib/jvm/java-11-openjdk/lib/server/libjvm.so
7fdf8633c000-7fdf8633d000 ---p 01073000 08:06 1328743                    /usr/lib/jvm/java-11-openjdk/lib/server/libjvm.so
7fdf8633d000-7fdf863fc000 r--p 01073000 08:06 1328743                    /usr/lib/jvm/java-11-openjdk/lib/server/libjvm.so
7fdf863fc000-7fdf86435000 rw-p 01132000 08:06 1328743                    /usr/lib/jvm/java-11-openjdk/lib/server/libjvm.so
7fdf86435000-7fdf8648d000 rw-p 00000000 00:00 0 
7fdf8648d000-7fdf86494000 r--p 00000000 08:06 670821                     /usr/lib/libpthread-2.29.so
7fdf86494000-7fdf864a3000 r-xp 00007000 08:06 670821                     /usr/lib/libpthread-2.29.so
7fdf864a3000-7fdf864a8000 r--p 00016000 08:06 670821                     /usr/lib/libpthread-2.29.so
7fdf864a8000-7fdf864a9000 r--p 0001a000 08:06 670821                     /usr/lib/libpthread-2.29.so
7fdf864a9000-7fdf864aa000 rw-p 0001b000 08:06 670821                     /usr/lib/libpthread-2.29.so
7fdf864aa000-7fdf864ae000 rw-p 00000000 00:00 0 
7fdf864ae000-7fdf864af000 r--p 00000000 08:06 664290                     /usr/lib/libdl-2.29.so
7fdf864af000-7fdf864b0000 r-xp 00001000 08:06 664290                     /usr/lib/libdl-2.29.so
7fdf864b0000-7fdf864b1000 r--p 00002000 08:06 664290                     /usr/lib/libdl-2.29.so
7fdf864b1000-7fdf864b2000 r--p 00002000 08:06 664290                     /usr/lib/libdl-2.29.so
7fdf864b2000-7fdf864b3000 rw-p 00003000 08:06 664290                     /usr/lib/libdl-2.29.so
7fdf864b3000-7fdf864c9000 r-xp 00000000 08:06 661596                     /usr/lib/libz.so.1.2.11
7fdf864c9000-7fdf866c8000 ---p 00016000 08:06 661596                     /usr/lib/libz.so.1.2.11
7fdf866c8000-7fdf866c9000 r--p 00015000 08:06 661596                     /usr/lib/libz.so.1.2.11
7fdf866c9000-7fdf866ca000 rw-p 00016000 08:06 661596                     /usr/lib/libz.so.1.2.11
7fdf866ca000-7fdf866ef000 r--p 00000000 08:06 664281                     /usr/lib/libc-2.29.so
7fdf866ef000-7fdf86839000 r-xp 00025000 08:06 664281                     /usr/lib/libc-2.29.so
7fdf86839000-7fdf86882000 r--p 0016f000 08:06 664281                     /usr/lib/libc-2.29.so
7fdf86882000-7fdf86883000 ---p 001b8000 08:06 664281                     /usr/lib/libc-2.29.so
7fdf86883000-7fdf86886000 r--p 001b8000 08:06 664281                     /usr/lib/libc-2.29.so
7fdf86886000-7fdf86889000 rw-p 001bb000 08:06 664281                     /usr/lib/libc-2.29.so
7fdf86889000-7fdf8688d000 rw-p 00000000 00:00 0 
7fdf8688d000-7fdf8688e000 rwxp 00000000 00:00 0 
7fdf8688e000-7fdf8688f000 rw-s 126745000 00:06 389                       /dev/dri/renderD128
7fdf8688f000-7fdf86897000 rw-s 00000000 00:2c 65                         /tmp/hsperfdata_atri/14488
7fdf86897000-7fdf8689a000 r--p 00000000 08:06 669830                     /usr/lib/libnss_files-2.29.so
7fdf8689a000-7fdf868a1000 r-xp 00003000 08:06 669830                     /usr/lib/libnss_files-2.29.so
7fdf868a1000-7fdf868a3000 r--p 0000a000 08:06 669830                     /usr/lib/libnss_files-2.29.so
7fdf868a3000-7fdf868a4000 r--p 0000b000 08:06 669830                     /usr/lib/libnss_files-2.29.so
7fdf868a4000-7fdf868a5000 rw-p 0000c000 08:06 669830                     /usr/lib/libnss_files-2.29.so
7fdf868a5000-7fdf868ab000 rw-p 00000000 00:00 0 
7fdf868ab000-7fdf868ac000 ---p 00000000 00:00 0 
7fdf868ac000-7fdf868ad000 r--p 00000000 00:00 0 
7fdf868ad000-7fdf868b2000 r--p 00000000 08:06 1328728                    /usr/lib/jvm/java-11-openjdk/lib/libverify.so
7fdf868b2000-7fdf868b9000 r-xp 00005000 08:06 1328728                    /usr/lib/jvm/java-11-openjdk/lib/libverify.so
7fdf868b9000-7fdf868bb000 r--p 0000c000 08:06 1328728                    /usr/lib/jvm/java-11-openjdk/lib/libverify.so
7fdf868bb000-7fdf868bc000 ---p 0000e000 08:06 1328728                    /usr/lib/jvm/java-11-openjdk/lib/libverify.so
7fdf868bc000-7fdf868be000 r--p 0000e000 08:06 1328728                    /usr/lib/jvm/java-11-openjdk/lib/libverify.so
7fdf868be000-7fdf868bf000 rw-p 00010000 08:06 1328728                    /usr/lib/jvm/java-11-openjdk/lib/libverify.so
7fdf868bf000-7fdf868c2000 r--p 00000000 08:06 1328668                    /usr/lib/jvm/java-11-openjdk/lib/jli/libjli.so
7fdf868c2000-7fdf868cc000 r-xp 00003000 08:06 1328668                    /usr/lib/jvm/java-11-openjdk/lib/jli/libjli.so
7fdf868cc000-7fdf868cf000 r--p 0000d000 08:06 1328668                    /usr/lib/jvm/java-11-openjdk/lib/jli/libjli.so
7fdf868cf000-7fdf868d0000 ---p 00010000 08:06 1328668                    /usr/lib/jvm/java-11-openjdk/lib/jli/libjli.so
7fdf868d0000-7fdf868d1000 r--p 00010000 08:06 1328668                    /usr/lib/jvm/java-11-openjdk/lib/jli/libjli.so
7fdf868d1000-7fdf868d2000 rw-p 00011000 08:06 1328668                    /usr/lib/jvm/java-11-openjdk/lib/jli/libjli.so
7fdf868d2000-7fdf868d4000 rw-p 00000000 00:00 0 
7fdf868d4000-7fdf868d6000 r--p 00000000 08:06 664270                     /usr/lib/ld-2.29.so
7fdf868d6000-7fdf868f5000 r-xp 00002000 08:06 664270                     /usr/lib/ld-2.29.so
7fdf868f5000-7fdf868fd000 r--p 00021000 08:06 664270                     /usr/lib/ld-2.29.so
7fdf868fd000-7fdf868fe000 rw-s 126744000 00:06 389                       /dev/dri/renderD128
7fdf868fe000-7fdf868ff000 r--p 00029000 08:06 664270                     /usr/lib/ld-2.29.so
7fdf868ff000-7fdf86900000 rw-p 0002a000 08:06 664270                     /usr/lib/ld-2.29.so
7fdf86900000-7fdf86901000 rw-p 00000000 00:00 0 
7ffdee6aa000-7ffdee6cb000 rw-p 00000000 00:00 0                          [stack]
7ffdee7a1000-7ffdee7a4000 r--p 00000000 00:00 0                          [vvar]
7ffdee7a4000-7ffdee7a6000 r-xp 00000000 00:00 0                          [vdso]


VM Arguments:
jvm_args: -Dfile.encoding=UTF-8 
java_command: base.Main
java_class_path (initial): /home/atri/eclipse-workspace/ASDF/bin:/home/atri/eclipse-workspace/ASDF/jars/joml-1.9.17.jar:/home/atri/eclipse-workspace/ASDF/jars/joml-1.9.17-javadoc.jar:/home/atri/eclipse-workspace/ASDF/jars/lwjgl.jar:/home/atri/eclipse-workspace/ASDF/jars/lwjgl-glfw.jar:/home/atri/eclipse-workspace/ASDF/jars/lwjgl-glfw-javadoc.jar:/home/atri/eclipse-workspace/ASDF/jars/lwjgl-glfw-natives-linux.jar:/home/atri/eclipse-workspace/ASDF/jars/lwjgl-javadoc.jar:/home/atri/eclipse-workspace/ASDF/jars/lwjgl-natives-linux.jar:/home/atri/eclipse-workspace/ASDF/jars/lwjgl-openal.jar:/home/atri/eclipse-workspace/ASDF/jars/lwjgl-openal-javadoc.jar:/home/atri/eclipse-workspace/ASDF/jars/lwjgl-openal-natives-linux.jar:/home/atri/eclipse-workspace/ASDF/jars/lwjgl-opengl.jar:/home/atri/eclipse-workspace/ASDF/jars/lwjgl-opengl-javadoc.jar:/home/atri/eclipse-workspace/ASDF/jars/lwjgl-opengl-natives-linux.jar:/home/atri/eclipse-workspace/ASDF/jars/lwjgl-stb.jar:/home/atri/eclipse-workspace/ASDF/jars/lwjgl-stb-javadoc.jar:/home/atri/eclipse-workspace/ASDF/jars/lwjgl-stb-natives-linux.jar
Launcher Type: SUN_STANDARD

[Global flags]
     intx CICompilerCount                          = 4                                         {product} {ergonomic}
     uint ConcGCThreads                            = 2                                         {product} {ergonomic}
     uint G1ConcRefinementThreads                  = 8                                         {product} {ergonomic}
   size_t G1HeapRegionSize                         = 1048576                                   {product} {ergonomic}
    uintx GCDrainStackTargetSize                   = 64                                        {product} {ergonomic}
   size_t InitialHeapSize                          = 115343360                                 {product} {ergonomic}
   size_t MarkStackSize                            = 4194304                                   {product} {ergonomic}
   size_t MaxHeapSize                              = 1818230784                                {product} {ergonomic}
   size_t MaxNewSize                               = 1090519040                                {product} {ergonomic}
   size_t MinHeapDeltaBytes                        = 1048576                                   {product} {ergonomic}
    uintx NonNMethodCodeHeapSize                   = 5835340                                {pd product} {ergonomic}
    uintx NonProfiledCodeHeapSize                  = 122911450                              {pd product} {ergonomic}
    uintx ProfiledCodeHeapSize                     = 122911450                              {pd product} {ergonomic}
    uintx ReservedCodeCacheSize                    = 251658240                              {pd product} {ergonomic}
     bool SegmentedCodeCache                       = true                                      {product} {ergonomic}
     bool UseCompressedClassPointers               = true                                 {lp64_product} {ergonomic}
     bool UseCompressedOops                        = true                                 {lp64_product} {ergonomic}
     bool UseG1GC                                  = true                                      {product} {ergonomic}

Logging:
Log output configuration:
 #0: stdout all=warning uptime,level,tags
 #1: stderr all=off uptime,level,tags

Environment Variables:
PATH=/usr/local/bin:/usr/local/sbin:/usr/bin:/usr/lib/jvm/default/bin:/usr/bin/site_perl:/usr/bin/vendor_perl:/usr/bin/core_perl
USERNAME=atri
SHELL=/bin/bash
DISPLAY=:1

Signal Handlers:
SIGSEGV: [libjvm.so+0xdc05b0], sa_mask[0]=11111111011111111101111111111110, sa_flags=SA_RESTART|SA_SIGINFO
SIGBUS: [libjvm.so+0xdc05b0], sa_mask[0]=11111111011111111101111111111110, sa_flags=SA_RESTART|SA_SIGINFO
SIGFPE: [libjvm.so+0xdc05b0], sa_mask[0]=11111111011111111101111111111110, sa_flags=SA_RESTART|SA_SIGINFO
SIGPIPE: [libjvm.so+0xbb7680], sa_mask[0]=11111111011111111101111111111110, sa_flags=SA_RESTART|SA_SIGINFO
SIGXFSZ: [libjvm.so+0xbb7680], sa_mask[0]=11111111011111111101111111111110, sa_flags=SA_RESTART|SA_SIGINFO
SIGILL: [libjvm.so+0xdc05b0], sa_mask[0]=11111111011111111101111111111110, sa_flags=SA_RESTART|SA_SIGINFO
SIGUSR2: [libjvm.so+0xbb7510], sa_mask[0]=00100000000000000000000000000000, sa_flags=SA_RESTART|SA_SIGINFO
SIGHUP: [libjvm.so+0xbb7a00], sa_mask[0]=11111111011111111101111111111110, sa_flags=SA_RESTART|SA_SIGINFO
SIGINT: [libjvm.so+0xbb7a00], sa_mask[0]=11111111011111111101111111111110, sa_flags=SA_RESTART|SA_SIGINFO
SIGTERM: [libjvm.so+0xbb7a00], sa_mask[0]=11111111011111111101111111111110, sa_flags=SA_RESTART|SA_SIGINFO
SIGQUIT: [libjvm.so+0xbb7a00], sa_mask[0]=11111111011111111101111111111110, sa_flags=SA_RESTART|SA_SIGINFO


---------------  S Y S T E M  ---------------

OS:DISTRIB_ID=ManjaroLinux
DISTRIB_RELEASE=18.0.4
DISTRIB_CODENAME=Illyria
DISTRIB_DESCRIPTION="Manjaro Linux"
uname:Linux 4.19.66-1-MANJARO #1 SMP PREEMPT Fri Aug 9 18:01:53 UTC 2019 x86_64
libc:glibc 2.29 NPTL 2.29 
rlimit: STACK 8192k, CORE infinity, NPROC 27247, NOFILE 1048576, AS infinity, DATA infinity, FSIZE infinity
load average:3.19 1.29 0.88

/proc/meminfo:
MemTotal:        7096816 kB
MemFree:          131224 kB
MemAvailable:    2643752 kB
Buffers:          117660 kB
Cached:          2649448 kB
SwapCached:          172 kB
Active:          4352600 kB
Inactive:        2105304 kB
Active(anon):    3570164 kB
Inactive(anon):   226320 kB
Active(file):     782436 kB
Inactive(file):  1878984 kB
Unevictable:          80 kB
Mlocked:              80 kB
SwapTotal:      12582908 kB
SwapFree:       12581104 kB
Dirty:             73820 kB
Writeback:             0 kB
AnonPages:       3691028 kB
Mapped:          1236316 kB
Shmem:            139804 kB
Slab:             250012 kB
SReclaimable:     142084 kB
SUnreclaim:       107928 kB
KernelStack:       18880 kB
PageTables:        50188 kB
NFS_Unstable:          0 kB
Bounce:                0 kB
WritebackTmp:          0 kB
CommitLimit:    16131316 kB
Committed_AS:   13119336 kB
VmallocTotal:   34359738367 kB
VmallocUsed:           0 kB
VmallocChunk:          0 kB
Percpu:             6912 kB
HardwareCorrupted:     0 kB
AnonHugePages:         0 kB
ShmemHugePages:        0 kB
ShmemPmdMapped:        0 kB
HugePages_Total:       0
HugePages_Free:        0
HugePages_Rsvd:        0
HugePages_Surp:        0
Hugepagesize:       2048 kB
Hugetlb:               0 kB
DirectMap4k:      375768 kB
DirectMap2M:     6862848 kB
DirectMap1G:           0 kB


/proc/sys/kernel/threads-max (system-wide limit on the number of threads):
54494


/proc/sys/vm/max_map_count (maximum number of memory map areas a process may have):
65530


/proc/sys/kernel/pid_max (system-wide limit on number of process identifiers):
32768



container (cgroup) information:
container_type: cgroupv1
cpu_cpuset_cpus: 0-7
cpu_memory_nodes: 0
active_processor_count: 8
cpu_quota: -1
cpu_period: 100000
cpu_shares: -1
memory_limit_in_bytes: -1
memory_and_swap_limit_in_bytes: -1
memory_soft_limit_in_bytes: -1
memory_usage_in_bytes: 2079866880
memory_max_usage_in_bytes: 2137874432

Steal ticks since vm start: 0
Steal ticks percentage since vm start:  0.000

CPU:total 8 (initial active 8) (8 cores per cpu, 2 threads per core) family 23 model 17 stepping 0, cmov, cx8, fxsr, mmx, sse, sse2, sse3, ssse3, sse4.1, sse4.2, popcnt, avx, avx2, aes, clmul, mmxext, 3dnowpref, lzcnt, sse4a, ht, tsc, tscinvbit, tscinv, bmi1, bmi2, adx, sha, fma
CPU Model and flags from /proc/cpuinfo:
model name	: AMD Ryzen 5 2500U with Radeon Vega Mobile Gfx
flags		: fpu vme de pse tsc msr pae mce cx8 apic sep mtrr pge mca cmov pat pse36 clflush mmx fxsr sse sse2 ht syscall nx mmxext fxsr_opt pdpe1gb rdtscp lm constant_tsc rep_good nopl nonstop_tsc cpuid extd_apicid aperfmperf pni pclmulqdq monitor ssse3 fma cx16 sse4_1 sse4_2 movbe popcnt aes xsave avx f16c rdrand lahf_lm cmp_legacy svm extapic cr8_legacy abm sse4a misalignsse 3dnowprefetch osvw skinit wdt tce topoext perfctr_core perfctr_nb bpext perfctr_llc mwaitx cpb hw_pstate sme ssbd sev ibpb vmmcall fsgsbase bmi1 avx2 smep bmi2 rdseed adx smap clflushopt sha_ni xsaveopt xsavec xgetbv1 xsaves clzero irperf xsaveerptr arat npt lbrv svm_lock nrip_save tsc_scale vmcb_clean flushbyasid decodeassists pausefilter pfthreshold avic v_vmsave_vmload vgif overflow_recov succor smca

Memory: 4k page, physical 7096816k(131224k free), swap 12582908k(12581104k free)

vm_info: OpenJDK 64-Bit Server VM (11.0.4+11) for linux-amd64 JRE (11.0.4+11), built on Jul 24 2019 22:42:35 by "builduser" with gcc 9.1.0

END.
