#
# A fatal error has been detected by the Java Runtime Environment:
#
#  SIGSEGV (0xb) at pc=0x00007f2e55061dc4, pid=14444, tid=14451
#
# JRE version: OpenJDK Runtime Environment (11.0.4+11) (build 11.0.4+11)
# Java VM: OpenJDK 64-Bit Server VM (11.0.4+11, mixed mode, tiered, compressed oops, g1 gc, linux-amd64)
# Problematic frame:
# C  [libc.so.6+0x161dc4]  __memmove_avx_unaligned_erms+0x174
#
# Core dump will be written. Default location: Core dumps may be processed with "/usr/lib/systemd/systemd-coredump %P %u %g %s %t %c %h %e" (or dumping to /home/atri/eclipse-workspace/ASDF/core.14444)
#
# If you would like to submit a bug report, please visit:
#   http://bugreport.java.com/bugreport/crash.jsp
# The crash happened outside the Java Virtual Machine in native code.
# See problematic frame for where to report the bug.
#

---------------  S U M M A R Y ------------

Command Line: -Dfile.encoding=UTF-8 base.Main

Host: AMD Ryzen 5 2500U with Radeon Vega Mobile Gfx, 8 cores, 6G, Manjaro Linux
Time: Fri Sep  6 15:31:11 2019 IST elapsed time: 0 seconds (0d 0h 0m 0s)

---------------  T H R E A D  ---------------

Current thread (0x00007f2e4c011000):  JavaThread "main" [_thread_in_native, id=14451, stack(0x00007f2e536b6000,0x00007f2e537b7000)]

Stack: [0x00007f2e536b6000,0x00007f2e537b7000],  sp=0x00007f2e537b4c68,  free space=1019k
Native frames: (J=compiled Java code, A=aot compiled Java code, j=interpreted, Vv=VM code, C=native code)
C  [libc.so.6+0x161dc4]  __memmove_avx_unaligned_erms+0x174

Java frames: (J=compiled Java code, j=interpreted, Vv=VM code)
j  org.lwjgl.opengl.GL11C.nglTexImage2D(IIIIIIIIJ)V+0
j  org.lwjgl.opengl.GL11C.glTexImage2D(IIIIIIIILjava/nio/ByteBuffer;)V+17
j  org.lwjgl.opengl.GL11.glTexImage2D(IIIIIIIILjava/nio/ByteBuffer;)V+14
j  base.Texture2D.<init>(Ljava/lang/String;)V+154
j  base.Game.<clinit>()V+138
v  ~StubRoutines::call_stub
j  base.Main.main([Ljava/lang/String;)V+3
v  ~StubRoutines::call_stub

siginfo: si_signo: 11 (SIGSEGV), si_code: 1 (SEGV_MAPERR), si_addr: 0x00007f2dbe7a1ff0

Register to memory mapping:

RAX=0x00007f2dbd7d0000 points into unknown readable memory: 00 00 00 00 00 00 00 00
RBX=0x00007f2dbd7d0000 points into unknown readable memory: 00 00 00 00 00 00 00 00
RCX=0x0000000000000438 is an unknown value
RDX=0x00000000007e9000 is an unknown value
RSP=0x00007f2e537b4c68 is pointing into the stack for thread: 0x00007f2e4c011000
RBP=0x00007f2dbdfb9010 points into unknown readable memory: 00 00 00 00 00 00 00 00
RSI=0x00007f2dbdfb9010 points into unknown readable memory: 00 00 00 00 00 00 00 00
RDI=0x00007f2dbd7d0000 points into unknown readable memory: 00 00 00 00 00 00 00 00
R8 =0x0 is NULL
R9 =0x0000000000000780 is an unknown value
R10=0x0000000000000001 is an unknown value
R11=0x0000000000000001 is an unknown value
R12=0x0 is NULL
R13=0x0000000000001e00 is an unknown value
R14=0x0000000000000001 is an unknown value
R15=0x0000000000000043 is an unknown value


Registers:
RAX=0x00007f2dbd7d0000, RBX=0x00007f2dbd7d0000, RCX=0x0000000000000438, RDX=0x00000000007e9000
RSP=0x00007f2e537b4c68, RBP=0x00007f2dbdfb9010, RSI=0x00007f2dbdfb9010, RDI=0x00007f2dbd7d0000
R8 =0x0000000000000000, R9 =0x0000000000000780, R10=0x0000000000000001, R11=0x0000000000000001
R12=0x0000000000000000, R13=0x0000000000001e00, R14=0x0000000000000001, R15=0x0000000000000043
RIP=0x00007f2e55061dc4, EFLAGS=0x0000000000010287, CSGSFS=0x002b000000000033, ERR=0x0000000000000004
  TRAPNO=0x000000000000000e

Top of Stack: (sp=0x00007f2e537b4c68)
0x00007f2e537b4c68:   00007f2e1cef04e7 0000000000000438
0x00007f2e537b4c78:   00007f2dbdfb9010 0000000000001e00
0x00007f2e537b4c88:   0000000000000000 0000000000000000
0x00007f2e537b4c98:   00007f2e1d03223b 000005024cbbac30 

Instructions: (pc=0x00007f2e55061dc4)
0x00007f2e55061cc4:   6f 06 c5 fa 6f 4c 16 f0 c5 fa 7f 07 c5 fa 7f 4c
0x00007f2e55061cd4:   17 f0 c3 48 8b 4c 16 f8 48 8b 36 48 89 4c 17 f8
0x00007f2e55061ce4:   48 89 37 c3 8b 4c 16 fc 8b 36 89 4c 17 fc 89 37
0x00007f2e55061cf4:   c3 0f b7 4c 16 fe 0f b7 36 66 89 4c 17 fe 66 89
0x00007f2e55061d04:   37 c3 48 81 fa 00 10 00 00 0f 87 6c ff ff ff 48
0x00007f2e55061d14:   81 fa 00 01 00 00 0f 87 91 00 00 00 48 81 fa 80
0x00007f2e55061d24:   00 00 00 72 5a c5 fe 6f 06 c5 fe 6f 4e 20 c5 fe
0x00007f2e55061d34:   6f 56 40 c5 fe 6f 5e 60 c5 fe 6f 64 16 e0 c5 fe
0x00007f2e55061d44:   6f 6c 16 c0 c5 fe 6f 74 16 a0 c5 fe 6f 7c 16 80
0x00007f2e55061d54:   c5 fe 7f 07 c5 fe 7f 4f 20 c5 fe 7f 57 40 c5 fe
0x00007f2e55061d64:   7f 5f 60 c5 fe 7f 64 17 e0 c5 fe 7f 6c 17 c0 c5
0x00007f2e55061d74:   fe 7f 74 17 a0 c5 fe 7f 7c 17 80 c5 f8 77 c3 c5
0x00007f2e55061d84:   fe 6f 06 c5 fe 6f 4e 20 c5 fe 6f 54 16 e0 c5 fe
0x00007f2e55061d94:   6f 5c 16 c0 c5 fe 7f 07 c5 fe 7f 4f 20 c5 fe 7f
0x00007f2e55061da4:   54 17 e0 c5 fe 7f 5c 17 c0 c5 f8 77 c3 48 39 f7
0x00007f2e55061db4:   0f 87 ab 00 00 00 0f 84 e5 fe ff ff c5 fe 6f 26
0x00007f2e55061dc4:   c5 fe 6f 6c 16 e0 c5 fe 6f 74 16 c0 c5 fe 6f 7c
0x00007f2e55061dd4:   16 a0 c5 7e 6f 44 16 80 49 89 fb 48 8d 4c 17 e0
0x00007f2e55061de4:   49 89 f8 49 83 e0 1f 49 83 e8 20 4c 29 c6 4c 29
0x00007f2e55061df4:   c7 4c 01 c2 48 3b 15 b9 01 06 00 0f 87 07 01 00
0x00007f2e55061e04:   00 c5 fe 6f 06 c5 fe 6f 4e 20 c5 fe 6f 56 40 c5
0x00007f2e55061e14:   fe 6f 5e 60 48 81 c6 80 00 00 00 48 81 ea 80 00
0x00007f2e55061e24:   00 00 c5 fd 7f 07 c5 fd 7f 4f 20 c5 fd 7f 57 40
0x00007f2e55061e34:   c5 fd 7f 5f 60 48 81 c7 80 00 00 00 48 81 fa 80
0x00007f2e55061e44:   00 00 00 77 bc c5 fe 7f 29 c5 fe 7f 71 e0 c5 fe
0x00007f2e55061e54:   7f 79 c0 c5 7e 7f 41 a0 c4 c1 7e 7f 23 c5 f8 77
0x00007f2e55061e64:   c3 c5 fe 6f 26 c5 fe 6f 6e 20 c5 fe 6f 76 40 c5
0x00007f2e55061e74:   fe 6f 7e 60 c5 7e 6f 44 16 e0 4c 8d 5c 17 e0 48
0x00007f2e55061e84:   8d 4c 16 e0 4d 89 d9 4d 89 d8 49 83 e0 1f 4c 29
0x00007f2e55061e94:   c1 4d 29 c1 4c 29 c2 48 3b 15 16 01 06 00 0f 87
0x00007f2e55061ea4:   f0 00 00 00 c5 fe 6f 01 c5 fe 6f 49 e0 c5 fe 6f
0x00007f2e55061eb4:   51 c0 c5 fe 6f 59 a0 48 81 e9 80 00 00 00 48 81 


Stack slot to memory mapping:
stack at sp + 0 slots: 0x00007f2e1cef04e7: <offset 0x000000000014d4e7> in /usr/lib/dri/radeonsi_dri.so at 0x00007f2e1cda3000
stack at sp + 1 slots: 0x0000000000000438 is an unknown value
stack at sp + 2 slots: 0x00007f2dbdfb9010 points into unknown readable memory: 00 00 00 00 00 00 00 00
stack at sp + 3 slots: 0x0000000000001e00 is an unknown value
stack at sp + 4 slots: 0x0 is NULL
stack at sp + 5 slots: 0x0 is NULL
stack at sp + 6 slots: 0x00007f2e1d03223b: <offset 0x000000000028f23b> in /usr/lib/dri/radeonsi_dri.so at 0x00007f2e1cda3000
stack at sp + 7 slots: 0x000005024cbbac30 is an unknown value


---------------  P R O C E S S  ---------------

Threads class SMR info:
_java_thread_list=0x00007f2e4c222da0, length=9, elements={
0x00007f2e4c011000, 0x00007f2e4c13b800, 0x00007f2e4c13f800, 0x00007f2e4c153000,
0x00007f2e4c155800, 0x00007f2e4c157800, 0x00007f2e4c159800, 0x00007f2e4c210000,
0x00007f2e4c221800
}

Java Threads: ( => current thread )
=>0x00007f2e4c011000 JavaThread "main" [_thread_in_native, id=14451, stack(0x00007f2e536b6000,0x00007f2e537b7000)]
  0x00007f2e4c13b800 JavaThread "Reference Handler" daemon [_thread_blocked, id=14459, stack(0x00007f2e2c3e7000,0x00007f2e2c4e8000)]
  0x00007f2e4c13f800 JavaThread "Finalizer" daemon [_thread_blocked, id=14460, stack(0x00007f2e2c2e6000,0x00007f2e2c3e7000)]
  0x00007f2e4c153000 JavaThread "Signal Dispatcher" daemon [_thread_blocked, id=14461, stack(0x00007f2e1f6ff000,0x00007f2e1f800000)]
  0x00007f2e4c155800 JavaThread "C2 CompilerThread0" daemon [_thread_blocked, id=14462, stack(0x00007f2e1f5fe000,0x00007f2e1f6ff000)]
  0x00007f2e4c157800 JavaThread "C1 CompilerThread0" daemon [_thread_blocked, id=14463, stack(0x00007f2e1f4fd000,0x00007f2e1f5fe000)]
  0x00007f2e4c159800 JavaThread "Sweeper thread" daemon [_thread_blocked, id=14464, stack(0x00007f2e1f3fc000,0x00007f2e1f4fd000)]
  0x00007f2e4c210000 JavaThread "Service Thread" daemon [_thread_blocked, id=14465, stack(0x00007f2e1f2fb000,0x00007f2e1f3fc000)]
  0x00007f2e4c221800 JavaThread "Common-Cleaner" daemon [_thread_blocked, id=14467, stack(0x00007f2e1f0f8000,0x00007f2e1f1f9000)]

Other Threads:
  0x00007f2e4c133800 VMThread "VM Thread" [stack: 0x00007f2e340cd000,0x00007f2e341cd000] [id=14458]
  0x00007f2e4c212000 WatcherThread [stack: 0x00007f2e1f1fb000,0x00007f2e1f2fb000] [id=14466]
  0x00007f2e4c027000 GCTaskThread "GC Thread#0" [stack: 0x00007f2e53389000,0x00007f2e53489000] [id=14452]
  0x00007f2e4c053000 ConcurrentGCThread "G1 Main Marker" [stack: 0x00007f2e504ce000,0x00007f2e505ce000] [id=14453]
  0x00007f2e4c055000 ConcurrentGCThread "G1 Conc#0" [stack: 0x00007f2e503cc000,0x00007f2e504cc000] [id=14454]
  0x00007f2e4c0d1800 ConcurrentGCThread "G1 Refine#0" [stack: 0x00007f2e34352000,0x00007f2e34452000] [id=14455]
  0x00007f2e4c0d3800 ConcurrentGCThread "G1 Young RemSet Sampling" [stack: 0x00007f2e34250000,0x00007f2e34350000] [id=14456]

Threads with active compile tasks:

VM state:not at safepoint (normal execution)

VM Mutex/Monitor currently owned by a thread: None

Heap address: 0x0000000093a00000, size: 1734 MB, Compressed Oops mode: 32-bit
Narrow klass base: 0x0000000000000000, Narrow klass shift: 3
Compressed class space size: 1073741824 Address: 0x0000000100000000

Heap:
 garbage-first heap   total 112640K, used 11264K [0x0000000093a00000, 0x0000000100000000)
  region size 1024K, 13 young (13312K), 0 survivors (0K)
 Metaspace       used 10714K, capacity 10863K, committed 11136K, reserved 1058816K
  class space    used 737K, capacity 796K, committed 896K, reserved 1048576K
Heap Regions: E=young(eden), S=young(survivor), O=old, HS=humongous(starts), HC=humongous(continues), CS=collection set, F=free, A=archive, TAMS=top-at-mark-start (previous, next)
|   0|0x0000000093a00000, 0x0000000093a00000, 0x0000000093b00000|  0%| F|  |TAMS 0x0000000093a00000, 0x0000000093a00000| Untracked 
|   1|0x0000000093b00000, 0x0000000093b00000, 0x0000000093c00000|  0%| F|  |TAMS 0x0000000093b00000, 0x0000000093b00000| Untracked 
|   2|0x0000000093c00000, 0x0000000093c00000, 0x0000000093d00000|  0%| F|  |TAMS 0x0000000093c00000, 0x0000000093c00000| Untracked 
|   3|0x0000000093d00000, 0x0000000093d00000, 0x0000000093e00000|  0%| F|  |TAMS 0x0000000093d00000, 0x0000000093d00000| Untracked 
|   4|0x0000000093e00000, 0x0000000093e00000, 0x0000000093f00000|  0%| F|  |TAMS 0x0000000093e00000, 0x0000000093e00000| Untracked 
|   5|0x0000000093f00000, 0x0000000093f00000, 0x0000000094000000|  0%| F|  |TAMS 0x0000000093f00000, 0x0000000093f00000| Untracked 
|   6|0x0000000094000000, 0x0000000094000000, 0x0000000094100000|  0%| F|  |TAMS 0x0000000094000000, 0x0000000094000000| Untracked 
|   7|0x0000000094100000, 0x0000000094100000, 0x0000000094200000|  0%| F|  |TAMS 0x0000000094100000, 0x0000000094100000| Untracked 
|   8|0x0000000094200000, 0x0000000094200000, 0x0000000094300000|  0%| F|  |TAMS 0x0000000094200000, 0x0000000094200000| Untracked 
|   9|0x0000000094300000, 0x0000000094300000, 0x0000000094400000|  0%| F|  |TAMS 0x0000000094300000, 0x0000000094300000| Untracked 
|  10|0x0000000094400000, 0x0000000094400000, 0x0000000094500000|  0%| F|  |TAMS 0x0000000094400000, 0x0000000094400000| Untracked 
|  11|0x0000000094500000, 0x0000000094500000, 0x0000000094600000|  0%| F|  |TAMS 0x0000000094500000, 0x0000000094500000| Untracked 
|  12|0x0000000094600000, 0x0000000094600000, 0x0000000094700000|  0%| F|  |TAMS 0x0000000094600000, 0x0000000094600000| Untracked 
|  13|0x0000000094700000, 0x0000000094700000, 0x0000000094800000|  0%| F|  |TAMS 0x0000000094700000, 0x0000000094700000| Untracked 
|  14|0x0000000094800000, 0x0000000094800000, 0x0000000094900000|  0%| F|  |TAMS 0x0000000094800000, 0x0000000094800000| Untracked 
|  15|0x0000000094900000, 0x0000000094900000, 0x0000000094a00000|  0%| F|  |TAMS 0x0000000094900000, 0x0000000094900000| Untracked 
|  16|0x0000000094a00000, 0x0000000094a00000, 0x0000000094b00000|  0%| F|  |TAMS 0x0000000094a00000, 0x0000000094a00000| Untracked 
|  17|0x0000000094b00000, 0x0000000094b00000, 0x0000000094c00000|  0%| F|  |TAMS 0x0000000094b00000, 0x0000000094b00000| Untracked 
|  18|0x0000000094c00000, 0x0000000094c00000, 0x0000000094d00000|  0%| F|  |TAMS 0x0000000094c00000, 0x0000000094c00000| Untracked 
|  19|0x0000000094d00000, 0x0000000094d00000, 0x0000000094e00000|  0%| F|  |TAMS 0x0000000094d00000, 0x0000000094d00000| Untracked 
|  20|0x0000000094e00000, 0x0000000094e00000, 0x0000000094f00000|  0%| F|  |TAMS 0x0000000094e00000, 0x0000000094e00000| Untracked 
|  21|0x0000000094f00000, 0x0000000094f00000, 0x0000000095000000|  0%| F|  |TAMS 0x0000000094f00000, 0x0000000094f00000| Untracked 
|  22|0x0000000095000000, 0x0000000095000000, 0x0000000095100000|  0%| F|  |TAMS 0x0000000095000000, 0x0000000095000000| Untracked 
|  23|0x0000000095100000, 0x0000000095100000, 0x0000000095200000|  0%| F|  |TAMS 0x0000000095100000, 0x0000000095100000| Untracked 
|  24|0x0000000095200000, 0x0000000095200000, 0x0000000095300000|  0%| F|  |TAMS 0x0000000095200000, 0x0000000095200000| Untracked 
|  25|0x0000000095300000, 0x0000000095300000, 0x0000000095400000|  0%| F|  |TAMS 0x0000000095300000, 0x0000000095300000| Untracked 
|  26|0x0000000095400000, 0x0000000095400000, 0x0000000095500000|  0%| F|  |TAMS 0x0000000095400000, 0x0000000095400000| Untracked 
|  27|0x0000000095500000, 0x0000000095500000, 0x0000000095600000|  0%| F|  |TAMS 0x0000000095500000, 0x0000000095500000| Untracked 
|  28|0x0000000095600000, 0x0000000095600000, 0x0000000095700000|  0%| F|  |TAMS 0x0000000095600000, 0x0000000095600000| Untracked 
|  29|0x0000000095700000, 0x0000000095700000, 0x0000000095800000|  0%| F|  |TAMS 0x0000000095700000, 0x0000000095700000| Untracked 
|  30|0x0000000095800000, 0x0000000095800000, 0x0000000095900000|  0%| F|  |TAMS 0x0000000095800000, 0x0000000095800000| Untracked 
|  31|0x0000000095900000, 0x0000000095900000, 0x0000000095a00000|  0%| F|  |TAMS 0x0000000095900000, 0x0000000095900000| Untracked 
|  32|0x0000000095a00000, 0x0000000095a00000, 0x0000000095b00000|  0%| F|  |TAMS 0x0000000095a00000, 0x0000000095a00000| Untracked 
|  33|0x0000000095b00000, 0x0000000095b00000, 0x0000000095c00000|  0%| F|  |TAMS 0x0000000095b00000, 0x0000000095b00000| Untracked 
|  34|0x0000000095c00000, 0x0000000095c00000, 0x0000000095d00000|  0%| F|  |TAMS 0x0000000095c00000, 0x0000000095c00000| Untracked 
|  35|0x0000000095d00000, 0x0000000095d00000, 0x0000000095e00000|  0%| F|  |TAMS 0x0000000095d00000, 0x0000000095d00000| Untracked 
|  36|0x0000000095e00000, 0x0000000095e00000, 0x0000000095f00000|  0%| F|  |TAMS 0x0000000095e00000, 0x0000000095e00000| Untracked 
|  37|0x0000000095f00000, 0x0000000095f00000, 0x0000000096000000|  0%| F|  |TAMS 0x0000000095f00000, 0x0000000095f00000| Untracked 
|  38|0x0000000096000000, 0x0000000096000000, 0x0000000096100000|  0%| F|  |TAMS 0x0000000096000000, 0x0000000096000000| Untracked 
|  39|0x0000000096100000, 0x0000000096100000, 0x0000000096200000|  0%| F|  |TAMS 0x0000000096100000, 0x0000000096100000| Untracked 
|  40|0x0000000096200000, 0x0000000096200000, 0x0000000096300000|  0%| F|  |TAMS 0x0000000096200000, 0x0000000096200000| Untracked 
|  41|0x0000000096300000, 0x0000000096300000, 0x0000000096400000|  0%| F|  |TAMS 0x0000000096300000, 0x0000000096300000| Untracked 
|  42|0x0000000096400000, 0x0000000096400000, 0x0000000096500000|  0%| F|  |TAMS 0x0000000096400000, 0x0000000096400000| Untracked 
|  43|0x0000000096500000, 0x0000000096500000, 0x0000000096600000|  0%| F|  |TAMS 0x0000000096500000, 0x0000000096500000| Untracked 
|  44|0x0000000096600000, 0x0000000096600000, 0x0000000096700000|  0%| F|  |TAMS 0x0000000096600000, 0x0000000096600000| Untracked 
|  45|0x0000000096700000, 0x0000000096700000, 0x0000000096800000|  0%| F|  |TAMS 0x0000000096700000, 0x0000000096700000| Untracked 
|  46|0x0000000096800000, 0x0000000096800000, 0x0000000096900000|  0%| F|  |TAMS 0x0000000096800000, 0x0000000096800000| Untracked 
|  47|0x0000000096900000, 0x0000000096900000, 0x0000000096a00000|  0%| F|  |TAMS 0x0000000096900000, 0x0000000096900000| Untracked 
|  48|0x0000000096a00000, 0x0000000096a00000, 0x0000000096b00000|  0%| F|  |TAMS 0x0000000096a00000, 0x0000000096a00000| Untracked 
|  49|0x0000000096b00000, 0x0000000096b00000, 0x0000000096c00000|  0%| F|  |TAMS 0x0000000096b00000, 0x0000000096b00000| Untracked 
|  50|0x0000000096c00000, 0x0000000096c00000, 0x0000000096d00000|  0%| F|  |TAMS 0x0000000096c00000, 0x0000000096c00000| Untracked 
|  51|0x0000000096d00000, 0x0000000096d00000, 0x0000000096e00000|  0%| F|  |TAMS 0x0000000096d00000, 0x0000000096d00000| Untracked 
|  52|0x0000000096e00000, 0x0000000096e00000, 0x0000000096f00000|  0%| F|  |TAMS 0x0000000096e00000, 0x0000000096e00000| Untracked 
|  53|0x0000000096f00000, 0x0000000096f00000, 0x0000000097000000|  0%| F|  |TAMS 0x0000000096f00000, 0x0000000096f00000| Untracked 
|  54|0x0000000097000000, 0x0000000097000000, 0x0000000097100000|  0%| F|  |TAMS 0x0000000097000000, 0x0000000097000000| Untracked 
|  55|0x0000000097100000, 0x0000000097100000, 0x0000000097200000|  0%| F|  |TAMS 0x0000000097100000, 0x0000000097100000| Untracked 
|  56|0x0000000097200000, 0x0000000097200000, 0x0000000097300000|  0%| F|  |TAMS 0x0000000097200000, 0x0000000097200000| Untracked 
|  57|0x0000000097300000, 0x0000000097300000, 0x0000000097400000|  0%| F|  |TAMS 0x0000000097300000, 0x0000000097300000| Untracked 
|  58|0x0000000097400000, 0x0000000097400000, 0x0000000097500000|  0%| F|  |TAMS 0x0000000097400000, 0x0000000097400000| Untracked 
|  59|0x0000000097500000, 0x0000000097500000, 0x0000000097600000|  0%| F|  |TAMS 0x0000000097500000, 0x0000000097500000| Untracked 
|  60|0x0000000097600000, 0x0000000097600000, 0x0000000097700000|  0%| F|  |TAMS 0x0000000097600000, 0x0000000097600000| Untracked 
|  61|0x0000000097700000, 0x0000000097700000, 0x0000000097800000|  0%| F|  |TAMS 0x0000000097700000, 0x0000000097700000| Untracked 
|  62|0x0000000097800000, 0x0000000097800000, 0x0000000097900000|  0%| F|  |TAMS 0x0000000097800000, 0x0000000097800000| Untracked 
|  63|0x0000000097900000, 0x0000000097900000, 0x0000000097a00000|  0%| F|  |TAMS 0x0000000097900000, 0x0000000097900000| Untracked 
|  64|0x0000000097a00000, 0x0000000097a00000, 0x0000000097b00000|  0%| F|  |TAMS 0x0000000097a00000, 0x0000000097a00000| Untracked 
|  65|0x0000000097b00000, 0x0000000097b00000, 0x0000000097c00000|  0%| F|  |TAMS 0x0000000097b00000, 0x0000000097b00000| Untracked 
|  66|0x0000000097c00000, 0x0000000097c00000, 0x0000000097d00000|  0%| F|  |TAMS 0x0000000097c00000, 0x0000000097c00000| Untracked 
|  67|0x0000000097d00000, 0x0000000097d00000, 0x0000000097e00000|  0%| F|  |TAMS 0x0000000097d00000, 0x0000000097d00000| Untracked 
|  68|0x0000000097e00000, 0x0000000097e00000, 0x0000000097f00000|  0%| F|  |TAMS 0x0000000097e00000, 0x0000000097e00000| Untracked 
|  69|0x0000000097f00000, 0x0000000097f00000, 0x0000000098000000|  0%| F|  |TAMS 0x0000000097f00000, 0x0000000097f00000| Untracked 
|  70|0x0000000098000000, 0x0000000098000000, 0x0000000098100000|  0%| F|  |TAMS 0x0000000098000000, 0x0000000098000000| Untracked 
|  71|0x0000000098100000, 0x0000000098100000, 0x0000000098200000|  0%| F|  |TAMS 0x0000000098100000, 0x0000000098100000| Untracked 
|  72|0x0000000098200000, 0x0000000098200000, 0x0000000098300000|  0%| F|  |TAMS 0x0000000098200000, 0x0000000098200000| Untracked 
|  73|0x0000000098300000, 0x0000000098300000, 0x0000000098400000|  0%| F|  |TAMS 0x0000000098300000, 0x0000000098300000| Untracked 
|  74|0x0000000098400000, 0x0000000098400000, 0x0000000098500000|  0%| F|  |TAMS 0x0000000098400000, 0x0000000098400000| Untracked 
|  75|0x0000000098500000, 0x0000000098500000, 0x0000000098600000|  0%| F|  |TAMS 0x0000000098500000, 0x0000000098500000| Untracked 
|  76|0x0000000098600000, 0x0000000098600000, 0x0000000098700000|  0%| F|  |TAMS 0x0000000098600000, 0x0000000098600000| Untracked 
|  77|0x0000000098700000, 0x0000000098700000, 0x0000000098800000|  0%| F|  |TAMS 0x0000000098700000, 0x0000000098700000| Untracked 
|  78|0x0000000098800000, 0x0000000098800000, 0x0000000098900000|  0%| F|  |TAMS 0x0000000098800000, 0x0000000098800000| Untracked 
|  79|0x0000000098900000, 0x0000000098900000, 0x0000000098a00000|  0%| F|  |TAMS 0x0000000098900000, 0x0000000098900000| Untracked 
|  80|0x0000000098a00000, 0x0000000098a00000, 0x0000000098b00000|  0%| F|  |TAMS 0x0000000098a00000, 0x0000000098a00000| Untracked 
|  81|0x0000000098b00000, 0x0000000098b00000, 0x0000000098c00000|  0%| F|  |TAMS 0x0000000098b00000, 0x0000000098b00000| Untracked 
|  82|0x0000000098c00000, 0x0000000098c00000, 0x0000000098d00000|  0%| F|  |TAMS 0x0000000098c00000, 0x0000000098c00000| Untracked 
|  83|0x0000000098d00000, 0x0000000098d00000, 0x0000000098e00000|  0%| F|  |TAMS 0x0000000098d00000, 0x0000000098d00000| Untracked 
|  84|0x0000000098e00000, 0x0000000098e00000, 0x0000000098f00000|  0%| F|  |TAMS 0x0000000098e00000, 0x0000000098e00000| Untracked 
|  85|0x0000000098f00000, 0x0000000098f00000, 0x0000000099000000|  0%| F|  |TAMS 0x0000000098f00000, 0x0000000098f00000| Untracked 
|  86|0x0000000099000000, 0x0000000099000000, 0x0000000099100000|  0%| F|  |TAMS 0x0000000099000000, 0x0000000099000000| Untracked 
|  87|0x0000000099100000, 0x0000000099100000, 0x0000000099200000|  0%| F|  |TAMS 0x0000000099100000, 0x0000000099100000| Untracked 
|  88|0x0000000099200000, 0x0000000099200000, 0x0000000099300000|  0%| F|  |TAMS 0x0000000099200000, 0x0000000099200000| Untracked 
|  89|0x0000000099300000, 0x0000000099300000, 0x0000000099400000|  0%| F|  |TAMS 0x0000000099300000, 0x0000000099300000| Untracked 
|  90|0x0000000099400000, 0x0000000099400000, 0x0000000099500000|  0%| F|  |TAMS 0x0000000099400000, 0x0000000099400000| Untracked 
|  91|0x0000000099500000, 0x0000000099500000, 0x0000000099600000|  0%| F|  |TAMS 0x0000000099500000, 0x0000000099500000| Untracked 
|  92|0x0000000099600000, 0x0000000099600000, 0x0000000099700000|  0%| F|  |TAMS 0x0000000099600000, 0x0000000099600000| Untracked 
|  93|0x0000000099700000, 0x0000000099700000, 0x0000000099800000|  0%| F|  |TAMS 0x0000000099700000, 0x0000000099700000| Untracked 
|  94|0x0000000099800000, 0x0000000099800000, 0x0000000099900000|  0%| F|  |TAMS 0x0000000099800000, 0x0000000099800000| Untracked 
|  95|0x0000000099900000, 0x0000000099900000, 0x0000000099a00000|  0%| F|  |TAMS 0x0000000099900000, 0x0000000099900000| Untracked 
|  96|0x0000000099a00000, 0x0000000099a00000, 0x0000000099b00000|  0%| F|  |TAMS 0x0000000099a00000, 0x0000000099a00000| Untracked 
|  97|0x0000000099b00000, 0x0000000099bff2c0, 0x0000000099c00000| 99%| E|  |TAMS 0x0000000099b00000, 0x0000000099b00000| Complete 
|  98|0x0000000099c00000, 0x0000000099d00000, 0x0000000099d00000|100%| E|  |TAMS 0x0000000099c00000, 0x0000000099c00000| Complete 
|  99|0x0000000099d00000, 0x0000000099e00000, 0x0000000099e00000|100%| E|CS|TAMS 0x0000000099d00000, 0x0000000099d00000| Complete 
| 100|0x0000000099e00000, 0x0000000099f00000, 0x0000000099f00000|100%| E|CS|TAMS 0x0000000099e00000, 0x0000000099e00000| Complete 
| 101|0x0000000099f00000, 0x000000009a000000, 0x000000009a000000|100%| E|CS|TAMS 0x0000000099f00000, 0x0000000099f00000| Complete 
| 102|0x000000009a000000, 0x000000009a100000, 0x000000009a100000|100%| E|CS|TAMS 0x000000009a000000, 0x000000009a000000| Complete 
| 103|0x000000009a100000, 0x000000009a200000, 0x000000009a200000|100%| E|CS|TAMS 0x000000009a100000, 0x000000009a100000| Complete 
| 104|0x000000009a200000, 0x000000009a300000, 0x000000009a300000|100%| E|CS|TAMS 0x000000009a200000, 0x000000009a200000| Complete 
| 105|0x000000009a300000, 0x000000009a400000, 0x000000009a400000|100%| E|CS|TAMS 0x000000009a300000, 0x000000009a300000| Complete 
| 106|0x000000009a400000, 0x000000009a500000, 0x000000009a500000|100%| E|CS|TAMS 0x000000009a400000, 0x000000009a400000| Complete 
| 107|0x000000009a500000, 0x000000009a600000, 0x000000009a600000|100%| E|CS|TAMS 0x000000009a500000, 0x000000009a500000| Complete 
| 108|0x000000009a600000, 0x000000009a700000, 0x000000009a700000|100%| E|CS|TAMS 0x000000009a600000, 0x000000009a600000| Complete 
| 109|0x000000009a700000, 0x000000009a800000, 0x000000009a800000|100%| E|CS|TAMS 0x000000009a700000, 0x000000009a700000| Complete 

Card table byte_map: [0x00007f2e524b9000,0x00007f2e5281c000] _byte_map_base: 0x00007f2e5201c000

Marking Bits (Prev, Next): (CMBitMap*) 0x00007f2e4c04b538, (CMBitMap*) 0x00007f2e4c04b570
 Prev Bits: [0x00007f2e5063e000, 0x00007f2e52156000)
 Next Bits: [0x00007f2e2e4e8000, 0x00007f2e30000000)

Polling page: 0x00007f2e550e1000

Metaspace:

Usage:
  Non-class:      9.83 MB capacity,     9.74 MB (>99%) used,    79.26 KB ( <1%) free+waste,    10.75 KB ( <1%) overhead. 
      Class:    796.00 KB capacity,   737.03 KB ( 93%) used,    54.97 KB (  7%) free+waste,     4.00 KB ( <1%) overhead. 
       Both:     10.61 MB capacity,    10.46 MB ( 99%) used,   134.23 KB (  1%) free+waste,    14.75 KB ( <1%) overhead. 

Virtual space:
  Non-class space:       10.00 MB reserved,      10.00 MB (100%) committed 
      Class space:        1.00 GB reserved,     896.00 KB ( <1%) committed 
             Both:        1.01 GB reserved,      10.88 MB (  1%) committed 

Chunk freelists:
   Non-Class:  117.00 KB
       Class:  4.00 KB
        Both:  121.00 KB

CodeHeap 'non-profiled nmethods': size=120032Kb used=162Kb max_used=162Kb free=119869Kb
 bounds [0x00007f2e3c41f000, 0x00007f2e3c68f000, 0x00007f2e43957000]
CodeHeap 'profiled nmethods': size=120028Kb used=1108Kb max_used=1108Kb free=118920Kb
 bounds [0x00007f2e34ee8000, 0x00007f2e35158000, 0x00007f2e3c41f000]
CodeHeap 'non-nmethods': size=5700Kb used=1391Kb max_used=1395Kb free=4308Kb
 bounds [0x00007f2e34957000, 0x00007f2e34bc7000, 0x00007f2e34ee8000]
 total_blobs=1681 nmethods=643 adapters=822
 compilation: enabled
              stopped_count=0, restarted_count=0
 full_count=0

Compilation events (10 events):
Event: 0.878 Thread 0x00007f2e4c157800  639       3       java.lang.String::<init> (74 bytes)
Event: 0.879 Thread 0x00007f2e4c157800 nmethod 639 0x00007f2e34ffaa10 code [0x00007f2e34ffac20, 0x00007f2e34ffb2d8]
Event: 0.879 Thread 0x00007f2e4c157800  640       3       java.util.regex.CharPredicates$$Lambda$5/0x0000000100065440::is (5 bytes)
Event: 0.879 Thread 0x00007f2e4c157800 nmethod 640 0x00007f2e34ffb590 code [0x00007f2e34ffb780, 0x00007f2e34ffbbd0]
Event: 0.879 Thread 0x00007f2e4c157800  641       3       java.util.regex.CharPredicates::lambda$ASCII_WORD$16 (20 bytes)
Event: 0.880 Thread 0x00007f2e4c157800 nmethod 641 0x00007f2e34ffbd90 code [0x00007f2e34ffbf60, 0x00007f2e34ffc330]
Event: 0.880 Thread 0x00007f2e4c157800  642       3       java.util.regex.ASCII::isWord (7 bytes)
Event: 0.880 Thread 0x00007f2e4c157800 nmethod 642 0x00007f2e34ffc490 code [0x00007f2e34ffc660, 0x00007f2e34ffc930]
Event: 0.880 Thread 0x00007f2e4c157800  643       3       java.util.regex.ASCII::isType (15 bytes)
Event: 0.880 Thread 0x00007f2e4c157800 nmethod 643 0x00007f2e34ffca90 code [0x00007f2e34ffcc60, 0x00007f2e34ffced0]

GC Heap History (0 events):
No events

Deoptimization events (10 events):
Event: 0.097 Thread 0x00007f2e4c011000 Uncommon trap: trap_request=0xffffff4d fr.pc=0x00007f2e3c423bf8 relative=0x00000000000001d8
Event: 0.097 Thread 0x00007f2e4c011000 Uncommon trap: reason=unstable_if action=reinterpret pc=0x00007f2e3c423bf8 method=java.lang.String.hashCode()I @ 14 c2
Event: 0.097 Thread 0x00007f2e4c011000 DEOPT PACKING pc=0x00007f2e3c423bf8 sp=0x00007f2e537b4250
Event: 0.097 Thread 0x00007f2e4c011000 DEOPT UNPACKING pc=0x00007f2e3497f6a5 sp=0x00007f2e537b4208 mode 2
Event: 0.635 Thread 0x00007f2e4c011000 DEOPT PACKING pc=0x00007f2e34f48fd4 sp=0x00007f2e537b39c0
Event: 0.635 Thread 0x00007f2e4c011000 DEOPT UNPACKING pc=0x00007f2e3497f4ba sp=0x00007f2e537b2e38 mode 0
Event: 0.699 Thread 0x00007f2e4c011000 DEOPT PACKING pc=0x00007f2e34f3fa92 sp=0x00007f2e537b47c0
Event: 0.699 Thread 0x00007f2e4c011000 DEOPT UNPACKING pc=0x00007f2e3497f4ba sp=0x00007f2e537b3c48 mode 0
Event: 0.713 Thread 0x00007f2e4c011000 DEOPT PACKING pc=0x00007f2e34f115ef sp=0x00007f2e537b4870
Event: 0.713 Thread 0x00007f2e4c011000 DEOPT UNPACKING pc=0x00007f2e3497f4ba sp=0x00007f2e537b3d18 mode 0

Classes redefined (0 events):
No events

Internal exceptions (3 events):
Event: 0.207 Thread 0x00007f2e4c011000 Exception <a 'java/lang/NoSuchMethodError'{0x000000009a539ec8}: 'void java.lang.invoke.DelegatingMethodHandle$Holder.delegate(java.lang.Object, java.lang.Object, int, java.lang.Object)'> (0x000000009a539ec8) thrown at [/build/java11-openjdk/src/jdk11u-jdk
Event: 0.209 Thread 0x00007f2e4c011000 Exception <a 'java/lang/NoSuchMethodError'{0x000000009a5414c8}: 'java.lang.Object java.lang.invoke.DirectMethodHandle$Holder.invokeStaticInit(java.lang.Object, java.lang.Object, java.lang.Object)'> (0x000000009a5414c8) thrown at [/build/java11-openjdk/src
Event: 0.589 Thread 0x00007f2e4c011000 Exception <a 'sun/nio/fs/UnixException'{0x000000009a34ffb8}> (0x000000009a34ffb8) thrown at [/build/java11-openjdk/src/jdk11u-jdk-11.0.4+11/src/hotspot/share/prims/jni.cpp, line 615]

Events (10 events):
Event: 0.857 loading class org/lwjgl/opengl/GL12C
Event: 0.857 loading class org/lwjgl/opengl/GL12C done
Event: 0.861 loading class base/Common
Event: 0.861 loading class base/Common done
Event: 0.862 loading class base/Texture2D
Event: 0.862 loading class base/Texture2D done
Event: 0.863 loading class org/lwjgl/stb/STBImage
Event: 0.863 loading class org/lwjgl/stb/STBImage done
Event: 0.866 loading class org/lwjgl/stb/LibSTB
Event: 0.866 loading class org/lwjgl/stb/LibSTB done


Dynamic libraries:
93a00000-9a800000 rw-p 00000000 00:00 0 
9a800000-100000000 ---p 00000000 00:00 0 
100000000-1000e0000 rw-p 00000000 00:00 0 
1000e0000-140000000 ---p 00000000 00:00 0 
562430579000-56243057a000 r--p 00000000 08:06 1328649                    /usr/lib/jvm/java-11-openjdk/bin/java
56243057a000-56243057b000 r-xp 00001000 08:06 1328649                    /usr/lib/jvm/java-11-openjdk/bin/java
56243057b000-56243057c000 r--p 00002000 08:06 1328649                    /usr/lib/jvm/java-11-openjdk/bin/java
56243057c000-56243057d000 r--p 00002000 08:06 1328649                    /usr/lib/jvm/java-11-openjdk/bin/java
56243057d000-56243057e000 rw-p 00003000 08:06 1328649                    /usr/lib/jvm/java-11-openjdk/bin/java
5624306de000-5624306ff000 rw-p 00000000 00:00 0                          [heap]
7f2dac000000-7f2dac021000 rw-p 00000000 00:00 0 
7f2dac021000-7f2db0000000 ---p 00000000 00:00 0 
7f2db0000000-7f2db0021000 rw-p 00000000 00:00 0 
7f2db0021000-7f2db4000000 ---p 00000000 00:00 0 
7f2db4000000-7f2db4021000 rw-p 00000000 00:00 0 
7f2db4021000-7f2db8000000 ---p 00000000 00:00 0 
7f2db8000000-7f2db8021000 rw-p 00000000 00:00 0 
7f2db8021000-7f2dbc000000 ---p 00000000 00:00 0 
7f2dbd7d0000-7f2dbdfb9000 rw-s 134548000 00:06 389                       /dev/dri/renderD128
7f2dbdfb9000-7f2dbe5a8000 rw-p 00000000 00:00 0 
7f2dbeb98000-7f2dbebfc000 r-xp 00000000 00:2c 63                         /tmp/lwjglatri/3.2.2-build-10/liblwjgl_stb.so
7f2dbebfc000-7f2dbedfb000 ---p 00064000 00:2c 63                         /tmp/lwjglatri/3.2.2-build-10/liblwjgl_stb.so
7f2dbedfb000-7f2dbedfc000 r--p 00063000 00:2c 63                         /tmp/lwjglatri/3.2.2-build-10/liblwjgl_stb.so
7f2dbedfc000-7f2dbedfd000 rw-p 00064000 00:2c 63                         /tmp/lwjglatri/3.2.2-build-10/liblwjgl_stb.so
7f2dbedfd000-7f2dbeffe000 rw-p 00000000 00:00 0 
7f2dbeffe000-7f2dbefff000 ---p 00000000 00:00 0 
7f2dbefff000-7f2dbf7ff000 rw-p 00000000 00:00 0 
7f2dbf7ff000-7f2dbf800000 ---p 00000000 00:00 0 
7f2dbf800000-7f2dc0000000 rw-p 00000000 00:00 0 
7f2dc0000000-7f2dc0021000 rw-p 00000000 00:00 0 
7f2dc0021000-7f2dc4000000 ---p 00000000 00:00 0 
7f2dc4000000-7f2dc4021000 rw-p 00000000 00:00 0 
7f2dc4021000-7f2dc8000000 ---p 00000000 00:00 0 
7f2dc8000000-7f2dc8021000 rw-p 00000000 00:00 0 
7f2dc8021000-7f2dcc000000 ---p 00000000 00:00 0 
7f2dcc000000-7f2dcc021000 rw-p 00000000 00:00 0 
7f2dcc021000-7f2dd0000000 ---p 00000000 00:00 0 
7f2dd0000000-7f2dd0021000 rw-p 00000000 00:00 0 
7f2dd0021000-7f2dd4000000 ---p 00000000 00:00 0 
7f2dd4000000-7f2dd4021000 rw-p 00000000 00:00 0 
7f2dd4021000-7f2dd8000000 ---p 00000000 00:00 0 
7f2dd8000000-7f2dd8021000 rw-p 00000000 00:00 0 
7f2dd8021000-7f2ddc000000 ---p 00000000 00:00 0 
7f2ddc000000-7f2ddc021000 rw-p 00000000 00:00 0 
7f2ddc021000-7f2de0000000 ---p 00000000 00:00 0 
7f2de0000000-7f2de0021000 rw-p 00000000 00:00 0 
7f2de0021000-7f2de4000000 ---p 00000000 00:00 0 
7f2de4123000-7f2de4124000 ---p 00000000 00:00 0 
7f2de4124000-7f2de4924000 rw-p 00000000 00:00 0 
7f2de4924000-7f2de4925000 ---p 00000000 00:00 0 
7f2de4925000-7f2de5125000 rw-p 00000000 00:00 0 
7f2de5125000-7f2de5126000 ---p 00000000 00:00 0 
7f2de5126000-7f2de5926000 rw-p 00000000 00:00 0 
7f2de5926000-7f2de5927000 ---p 00000000 00:00 0 
7f2de5927000-7f2de6127000 rw-p 00000000 00:00 0 
7f2de6127000-7f2de6128000 ---p 00000000 00:00 0 
7f2de6128000-7f2de6928000 rw-p 00000000 00:00 0 
7f2de6928000-7f2de6929000 ---p 00000000 00:00 0 
7f2de6929000-7f2de7129000 rw-p 00000000 00:00 0 
7f2de7129000-7f2de712a000 ---p 00000000 00:00 0 
7f2de712a000-7f2de792a000 rw-p 00000000 00:00 0 
7f2de792a000-7f2de814a000 r--p 00000000 08:06 661082                     /usr/lib/libLLVM-8.so
7f2de814a000-7f2dea95d000 r-xp 00820000 08:06 661082                     /usr/lib/libLLVM-8.so
7f2dea95d000-7f2debb67000 r--p 03033000 08:06 661082                     /usr/lib/libLLVM-8.so
7f2debb67000-7f2debb68000 ---p 0423d000 08:06 661082                     /usr/lib/libLLVM-8.so
7f2debb68000-7f2debf87000 r--p 0423d000 08:06 661082                     /usr/lib/libLLVM-8.so
7f2debf87000-7f2debf97000 rw-p 0465c000 08:06 661082                     /usr/lib/libLLVM-8.so
7f2debf97000-7f2dec000000 rw-p 00000000 00:00 0 
7f2dec000000-7f2dec021000 rw-p 00000000 00:00 0 
7f2dec021000-7f2df0000000 ---p 00000000 00:00 0 
7f2df0160000-7f2df01b7000 r-xp 00000000 00:2c 62                         /tmp/lwjglatri/3.2.2-build-10/liblwjgl_opengl.so
7f2df01b7000-7f2df03b6000 ---p 00057000 00:2c 62                         /tmp/lwjglatri/3.2.2-build-10/liblwjgl_opengl.so
7f2df03b6000-7f2df03b7000 r--p 00056000 00:2c 62                         /tmp/lwjglatri/3.2.2-build-10/liblwjgl_opengl.so
7f2df03b7000-7f2df03b8000 rw-p 00057000 00:2c 62                         /tmp/lwjglatri/3.2.2-build-10/liblwjgl_opengl.so
7f2df03b8000-7f2df05b8000 rw-s 12c4a2000 00:06 389                       /dev/dri/renderD128
7f2df05b8000-7f2df05b9000 ---p 00000000 00:00 0 
7f2df05b9000-7f2df0db9000 rw-p 00000000 00:00 0 
7f2df0db9000-7f2df0dba000 ---p 00000000 00:00 0 
7f2df0dba000-7f2df15ba000 rw-p 00000000 00:00 0 
7f2df15ba000-7f2df15bb000 ---p 00000000 00:00 0 
7f2df15bb000-7f2df1dbb000 rw-p 00000000 00:00 0 
7f2df1dbb000-7f2df1dbc000 ---p 00000000 00:00 0 
7f2df1dbc000-7f2df25bc000 rw-p 00000000 00:00 0 
7f2df25bc000-7f2df3fff000 r--p 00000000 08:06 661019                     /usr/lib/libicudata.so.64.2
7f2df3fff000-7f2df4000000 r--p 01a42000 08:06 661019                     /usr/lib/libicudata.so.64.2
7f2df4000000-7f2df4021000 rw-p 00000000 00:00 0 
7f2df4021000-7f2df8000000 ---p 00000000 00:00 0 
7f2df8000000-7f2df8021000 rw-p 00000000 00:00 0 
7f2df8021000-7f2dfc000000 ---p 00000000 00:00 0 
7f2dfc000000-7f2dfc323000 rw-p 00000000 00:00 0 
7f2dfc323000-7f2e00000000 ---p 00000000 00:00 0 
7f2e00000000-7f2e00021000 rw-p 00000000 00:00 0 
7f2e00021000-7f2e04000000 ---p 00000000 00:00 0 
7f2e04000000-7f2e04021000 rw-p 00000000 00:00 0 
7f2e04021000-7f2e08000000 ---p 00000000 00:00 0 
7f2e08000000-7f2e083ab000 rw-p 00000000 00:00 0 
7f2e083ab000-7f2e0c000000 ---p 00000000 00:00 0 
7f2e0c000000-7f2e0c021000 rw-p 00000000 00:00 0 
7f2e0c021000-7f2e10000000 ---p 00000000 00:00 0 
7f2e10000000-7f2e10021000 rw-p 00000000 00:00 0 
7f2e10021000-7f2e14000000 ---p 00000000 00:00 0 
7f2e14000000-7f2e14021000 rw-p 00000000 00:00 0 
7f2e14021000-7f2e18000000 ---p 00000000 00:00 0 
7f2e18000000-7f2e18021000 rw-p 00000000 00:00 0 
7f2e18021000-7f2e1c000000 ---p 00000000 00:00 0 
7f2e1c1d7000-7f2e1c1f7000 rw-s 00000000 08:05 1722885                    /home/atri/#1722885 (deleted)
7f2e1c1f7000-7f2e1c3f7000 rw-s 119437000 00:06 389                       /dev/dri/renderD128
7f2e1c3f7000-7f2e1c5f7000 rw-s 129efe000 00:06 389                       /dev/dri/renderD128
7f2e1c5f7000-7f2e1c738000 rw-s 00000000 08:05 1707317                    /home/atri/.cache/mesa_shader_cache/index
7f2e1c738000-7f2e1c75d000 r-xp 00000000 08:06 661423                     /usr/lib/liblzma.so.5.2.4
7f2e1c75d000-7f2e1c95c000 ---p 00025000 08:06 661423                     /usr/lib/liblzma.so.5.2.4
7f2e1c95c000-7f2e1c95d000 r--p 00024000 08:06 661423                     /usr/lib/liblzma.so.5.2.4
7f2e1c95d000-7f2e1c95e000 rw-p 00025000 08:06 661423                     /usr/lib/liblzma.so.5.2.4
7f2e1c95e000-7f2e1c9c0000 r--p 00000000 08:06 665553                     /usr/lib/libicuuc.so.64.2
7f2e1c9c0000-7f2e1ca9d000 r-xp 00062000 08:06 665553                     /usr/lib/libicuuc.so.64.2
7f2e1ca9d000-7f2e1cb20000 r--p 0013f000 08:06 665553                     /usr/lib/libicuuc.so.64.2
7f2e1cb20000-7f2e1cb21000 ---p 001c2000 08:06 665553                     /usr/lib/libicuuc.so.64.2
7f2e1cb21000-7f2e1cb33000 r--p 001c2000 08:06 665553                     /usr/lib/libicuuc.so.64.2
7f2e1cb33000-7f2e1cb34000 rw-p 001d4000 08:06 665553                     /usr/lib/libicuuc.so.64.2
7f2e1cb34000-7f2e1cb36000 rw-p 00000000 00:00 0 
7f2e1cb36000-7f2e1cb64000 r--p 00000000 08:06 661643                     /usr/lib/libxml2.so.2.9.9
7f2e1cb64000-7f2e1cc48000 r-xp 0002e000 08:06 661643                     /usr/lib/libxml2.so.2.9.9
7f2e1cc48000-7f2e1cc91000 r--p 00112000 08:06 661643                     /usr/lib/libxml2.so.2.9.9
7f2e1cc91000-7f2e1cc92000 ---p 0015b000 08:06 661643                     /usr/lib/libxml2.so.2.9.9
7f2e1cc92000-7f2e1cc9b000 r--p 0015b000 08:06 661643                     /usr/lib/libxml2.so.2.9.9
7f2e1cc9b000-7f2e1cc9c000 rw-p 00164000 08:06 661643                     /usr/lib/libxml2.so.2.9.9
7f2e1cc9c000-7f2e1cc9e000 rw-p 00000000 00:00 0 
7f2e1cc9e000-7f2e1ccb5000 r--p 00000000 08:06 661447                     /usr/lib/libncursesw.so.6.1
7f2e1ccb5000-7f2e1ccf0000 r-xp 00017000 08:06 661447                     /usr/lib/libncursesw.so.6.1
7f2e1ccf0000-7f2e1cd07000 r--p 00052000 08:06 661447                     /usr/lib/libncursesw.so.6.1
7f2e1cd07000-7f2e1cd0c000 r--p 00068000 08:06 661447                     /usr/lib/libncursesw.so.6.1
7f2e1cd0c000-7f2e1cd0d000 rw-p 0006d000 08:06 661447                     /usr/lib/libncursesw.so.6.1
7f2e1cd0d000-7f2e1cd16000 r--p 00000000 08:06 665580                     /usr/lib/libedit.so.0.0.60
7f2e1cd16000-7f2e1cd32000 r-xp 00009000 08:06 665580                     /usr/lib/libedit.so.0.0.60
7f2e1cd32000-7f2e1cd40000 r--p 00025000 08:06 665580                     /usr/lib/libedit.so.0.0.60
7f2e1cd40000-7f2e1cd41000 ---p 00033000 08:06 665580                     /usr/lib/libedit.so.0.0.60
7f2e1cd41000-7f2e1cd43000 r--p 00033000 08:06 665580                     /usr/lib/libedit.so.0.0.60
7f2e1cd43000-7f2e1cd44000 rw-p 00035000 08:06 665580                     /usr/lib/libedit.so.0.0.60
7f2e1cd44000-7f2e1cd47000 rw-p 00000000 00:00 0 
7f2e1cd47000-7f2e1cd49000 r--p 00000000 08:06 661349                     /usr/lib/libffi.so.6.0.4
7f2e1cd49000-7f2e1cd4e000 r-xp 00002000 08:06 661349                     /usr/lib/libffi.so.6.0.4
7f2e1cd4e000-7f2e1cd4f000 r--p 00007000 08:06 661349                     /usr/lib/libffi.so.6.0.4
7f2e1cd4f000-7f2e1cd50000 ---p 00008000 08:06 661349                     /usr/lib/libffi.so.6.0.4
7f2e1cd50000-7f2e1cd51000 r--p 00008000 08:06 661349                     /usr/lib/libffi.so.6.0.4
7f2e1cd51000-7f2e1cd52000 rw-p 00009000 08:06 661349                     /usr/lib/libffi.so.6.0.4
7f2e1cd52000-7f2e1cd54000 r--p 00000000 08:06 659743                     /usr/lib/libdrm_nouveau.so.2.0.0
7f2e1cd54000-7f2e1cd58000 r-xp 00002000 08:06 659743                     /usr/lib/libdrm_nouveau.so.2.0.0
7f2e1cd58000-7f2e1cd5a000 r--p 00006000 08:06 659743                     /usr/lib/libdrm_nouveau.so.2.0.0
7f2e1cd5a000-7f2e1cd5b000 r--p 00007000 08:06 659743                     /usr/lib/libdrm_nouveau.so.2.0.0
7f2e1cd5b000-7f2e1cd5c000 rw-p 00008000 08:06 659743                     /usr/lib/libdrm_nouveau.so.2.0.0
7f2e1cd5c000-7f2e1cd5f000 r--p 00000000 08:06 659595                     /usr/lib/libdrm_amdgpu.so.1.0.0
7f2e1cd5f000-7f2e1cd64000 r-xp 00003000 08:06 659595                     /usr/lib/libdrm_amdgpu.so.1.0.0
7f2e1cd64000-7f2e1cd66000 r--p 00008000 08:06 659595                     /usr/lib/libdrm_amdgpu.so.1.0.0
7f2e1cd66000-7f2e1cd67000 r--p 00009000 08:06 659595                     /usr/lib/libdrm_amdgpu.so.1.0.0
7f2e1cd67000-7f2e1cd68000 rw-p 0000a000 08:06 659595                     /usr/lib/libdrm_amdgpu.so.1.0.0
7f2e1cd68000-7f2e1cd6b000 r--p 00000000 08:06 661337                     /usr/lib/libelf-0.176.so
7f2e1cd6b000-7f2e1cd7b000 r-xp 00003000 08:06 661337                     /usr/lib/libelf-0.176.so
7f2e1cd7b000-7f2e1cd80000 r--p 00013000 08:06 661337                     /usr/lib/libelf-0.176.so
7f2e1cd80000-7f2e1cd81000 r--p 00017000 08:06 661337                     /usr/lib/libelf-0.176.so
7f2e1cd81000-7f2e1cd82000 rw-p 00018000 08:06 661337                     /usr/lib/libelf-0.176.so
7f2e1cd82000-7f2e1cd84000 r--p 00000000 08:06 665573                     /usr/lib/libdrm_radeon.so.1.0.1
7f2e1cd84000-7f2e1cd8b000 r-xp 00002000 08:06 665573                     /usr/lib/libdrm_radeon.so.1.0.1
7f2e1cd8b000-7f2e1cd8f000 r--p 00009000 08:06 665573                     /usr/lib/libdrm_radeon.so.1.0.1
7f2e1cd8f000-7f2e1cd90000 r--p 0000c000 08:06 665573                     /usr/lib/libdrm_radeon.so.1.0.1
7f2e1cd90000-7f2e1cd91000 rw-p 0000d000 08:06 665573                     /usr/lib/libdrm_radeon.so.1.0.1
7f2e1cd91000-7f2e1cd94000 r--p 00000000 08:06 661527                     /usr/lib/libsensors.so.5.0.0
7f2e1cd94000-7f2e1cd9b000 r-xp 00003000 08:06 661527                     /usr/lib/libsensors.so.5.0.0
7f2e1cd9b000-7f2e1cda0000 r--p 0000a000 08:06 661527                     /usr/lib/libsensors.so.5.0.0
7f2e1cda0000-7f2e1cda1000 ---p 0000f000 08:06 661527                     /usr/lib/libsensors.so.5.0.0
7f2e1cda1000-7f2e1cda2000 r--p 0000f000 08:06 661527                     /usr/lib/libsensors.so.5.0.0
7f2e1cda2000-7f2e1cda3000 rw-p 00010000 08:06 661527                     /usr/lib/libsensors.so.5.0.0
7f2e1cda3000-7f2e1ce49000 r--p 00000000 08:06 659461                     /usr/lib/dri/radeonsi_dri.so
7f2e1ce49000-7f2e1d983000 r-xp 000a6000 08:06 659461                     /usr/lib/dri/radeonsi_dri.so
7f2e1d983000-7f2e1dcd7000 r--p 00be0000 08:06 659461                     /usr/lib/dri/radeonsi_dri.so
7f2e1dcd7000-7f2e1dd79000 r--p 00f33000 08:06 659461                     /usr/lib/dri/radeonsi_dri.so
7f2e1dd79000-7f2e1dda9000 rw-p 00fd5000 08:06 659461                     /usr/lib/dri/radeonsi_dri.so
7f2e1dda9000-7f2e1dfbe000 rw-p 00000000 00:00 0 
7f2e1dfbe000-7f2e1dfc2000 r--p 00000000 08:06 665529                     /usr/lib/libexpat.so.1.6.9
7f2e1dfc2000-7f2e1dfdd000 r-xp 00004000 08:06 665529                     /usr/lib/libexpat.so.1.6.9
7f2e1dfdd000-7f2e1dfe7000 r--p 0001f000 08:06 665529                     /usr/lib/libexpat.so.1.6.9
7f2e1dfe7000-7f2e1dfe8000 ---p 00029000 08:06 665529                     /usr/lib/libexpat.so.1.6.9
7f2e1dfe8000-7f2e1dfea000 r--p 00029000 08:06 665529                     /usr/lib/libexpat.so.1.6.9
7f2e1dfea000-7f2e1dfeb000 rw-p 0002b000 08:06 665529                     /usr/lib/libexpat.so.1.6.9
7f2e1dfeb000-7f2e1dfec000 r-xp 00000000 08:06 661593                     /usr/lib/libxshmfence.so.1.0.0
7f2e1dfec000-7f2e1e1eb000 ---p 00001000 08:06 661593                     /usr/lib/libxshmfence.so.1.0.0
7f2e1e1eb000-7f2e1e1ec000 r--p 00000000 08:06 661593                     /usr/lib/libxshmfence.so.1.0.0
7f2e1e1ec000-7f2e1e1ed000 rw-p 00001000 08:06 661593                     /usr/lib/libxshmfence.so.1.0.0
7f2e1e1ed000-7f2e1e1f0000 r--p 00000000 08:06 661582                     /usr/lib/libxcb-sync.so.1.0.0
7f2e1e1f0000-7f2e1e1f3000 r-xp 00003000 08:06 661582                     /usr/lib/libxcb-sync.so.1.0.0
7f2e1e1f3000-7f2e1e1f4000 r--p 00006000 08:06 661582                     /usr/lib/libxcb-sync.so.1.0.0
7f2e1e1f4000-7f2e1e1f5000 ---p 00007000 08:06 661582                     /usr/lib/libxcb-sync.so.1.0.0
7f2e1e1f5000-7f2e1e1f6000 r--p 00007000 08:06 661582                     /usr/lib/libxcb-sync.so.1.0.0
7f2e1e1f6000-7f2e1e1f7000 rw-p 00008000 08:06 661582                     /usr/lib/libxcb-sync.so.1.0.0
7f2e1e1f7000-7f2e1e1f8000 r--p 00000000 08:06 661574                     /usr/lib/libxcb-present.so.0.0.0
7f2e1e1f8000-7f2e1e1f9000 r-xp 00001000 08:06 661574                     /usr/lib/libxcb-present.so.0.0.0
7f2e1e1f9000-7f2e1e1fa000 r--p 00002000 08:06 661574                     /usr/lib/libxcb-present.so.0.0.0
7f2e1e1fa000-7f2e1e1fb000 r--p 00002000 08:06 661574                     /usr/lib/libxcb-present.so.0.0.0
7f2e1e1fb000-7f2e1e1fc000 rw-p 00003000 08:06 661574                     /usr/lib/libxcb-present.so.0.0.0
7f2e1e1fc000-7f2e1e1fe000 r--p 00000000 08:06 661572                     /usr/lib/libxcb-dri3.so.0.0.0
7f2e1e1fe000-7f2e1e1ff000 r-xp 00002000 08:06 661572                     /usr/lib/libxcb-dri3.so.0.0.0
7f2e1e1ff000-7f2e1e200000 r--p 00003000 08:06 661572                     /usr/lib/libxcb-dri3.so.0.0.0
7f2e1e200000-7f2e1e201000 r--p 00003000 08:06 661572                     /usr/lib/libxcb-dri3.so.0.0.0
7f2e1e201000-7f2e1e202000 rw-p 00004000 08:06 661572                     /usr/lib/libxcb-dri3.so.0.0.0
7f2e1e202000-7f2e1e203000 r--p 00000000 08:06 661269                     /usr/lib/libXdamage.so.1.1.0
7f2e1e203000-7f2e1e204000 r-xp 00001000 08:06 661269                     /usr/lib/libXdamage.so.1.1.0
7f2e1e204000-7f2e1e205000 r--p 00002000 08:06 661269                     /usr/lib/libXdamage.so.1.1.0
7f2e1e205000-7f2e1e206000 r--p 00002000 08:06 661269                     /usr/lib/libXdamage.so.1.1.0
7f2e1e206000-7f2e1e207000 rw-p 00003000 08:06 661269                     /usr/lib/libXdamage.so.1.1.0
7f2e1e207000-7f2e1e209000 r--p 00000000 08:06 661571                     /usr/lib/libxcb-dri2.so.0.0.0
7f2e1e209000-7f2e1e20b000 r-xp 00002000 08:06 661571                     /usr/lib/libxcb-dri2.so.0.0.0
7f2e1e20b000-7f2e1e20c000 r--p 00004000 08:06 661571                     /usr/lib/libxcb-dri2.so.0.0.0
7f2e1e20c000-7f2e1e20d000 r--p 00004000 08:06 661571                     /usr/lib/libxcb-dri2.so.0.0.0
7f2e1e20d000-7f2e1e20e000 rw-p 00005000 08:06 661571                     /usr/lib/libxcb-dri2.so.0.0.0
7f2e1e20e000-7f2e1e21a000 r--p 00000000 08:06 661573                     /usr/lib/libxcb-glx.so.0.0.0
7f2e1e21a000-7f2e1e223000 r-xp 0000c000 08:06 661573                     /usr/lib/libxcb-glx.so.0.0.0
7f2e1e223000-7f2e1e228000 r--p 00015000 08:06 661573                     /usr/lib/libxcb-glx.so.0.0.0
7f2e1e228000-7f2e1e229000 ---p 0001a000 08:06 661573                     /usr/lib/libxcb-glx.so.0.0.0
7f2e1e229000-7f2e1e22b000 r--p 0001a000 08:06 661573                     /usr/lib/libxcb-glx.so.0.0.0
7f2e1e22b000-7f2e1e22c000 rw-p 0001c000 08:06 661573                     /usr/lib/libxcb-glx.so.0.0.0
7f2e1e22c000-7f2e1e231000 r--p 00000000 08:06 659592                     /usr/lib/libdrm.so.2.4.0
7f2e1e231000-7f2e1e23b000 r-xp 00005000 08:06 659592                     /usr/lib/libdrm.so.2.4.0
7f2e1e23b000-7f2e1e23f000 r--p 0000f000 08:06 659592                     /usr/lib/libdrm.so.2.4.0
7f2e1e23f000-7f2e1e240000 r--p 00012000 08:06 659592                     /usr/lib/libdrm.so.2.4.0
7f2e1e240000-7f2e1e241000 rw-p 00013000 08:06 659592                     /usr/lib/libdrm.so.2.4.0
7f2e1e241000-7f2e1e24c000 r--p 00000000 08:06 661567                     /usr/lib/libglapi.so.0.0.0
7f2e1e24c000-7f2e1e258000 r-xp 0000b000 08:06 661567                     /usr/lib/libglapi.so.0.0.0
7f2e1e258000-7f2e1e26e000 r--p 00017000 08:06 661567                     /usr/lib/libglapi.so.0.0.0
7f2e1e26e000-7f2e1e26f000 ---p 0002d000 08:06 661567                     /usr/lib/libglapi.so.0.0.0
7f2e1e26f000-7f2e1e273000 r--p 0002d000 08:06 661567                     /usr/lib/libglapi.so.0.0.0
7f2e1e273000-7f2e1e274000 rw-p 00031000 08:06 661567                     /usr/lib/libglapi.so.0.0.0
7f2e1e274000-7f2e1e275000 rw-p 00000000 00:00 0 
7f2e1e275000-7f2e1e28e000 r--p 00000000 08:06 659640                     /usr/lib/libGLX_mesa.so.0.0.0
7f2e1e28e000-7f2e1e2d0000 r-xp 00019000 08:06 659640                     /usr/lib/libGLX_mesa.so.0.0.0
7f2e1e2d0000-7f2e1e2e9000 r--p 0005b000 08:06 659640                     /usr/lib/libGLX_mesa.so.0.0.0
7f2e1e2e9000-7f2e1e2ec000 r--p 00073000 08:06 659640                     /usr/lib/libGLX_mesa.so.0.0.0
7f2e1e2ec000-7f2e1e2ed000 rw-p 00076000 08:06 659640                     /usr/lib/libGLX_mesa.so.0.0.0
7f2e1e2ed000-7f2e1e32d000 r--p 00000000 08:06 672294                     /usr/lib/libGLdispatch.so.0.0.0
7f2e1e32d000-7f2e1e34b000 r-xp 00040000 08:06 672294                     /usr/lib/libGLdispatch.so.0.0.0
7f2e1e34b000-7f2e1e35e000 r--p 0005e000 08:06 672294                     /usr/lib/libGLdispatch.so.0.0.0
7f2e1e35e000-7f2e1e35f000 ---p 00071000 08:06 672294                     /usr/lib/libGLdispatch.so.0.0.0
7f2e1e35f000-7f2e1e388000 r--p 00071000 08:06 672294                     /usr/lib/libGLdispatch.so.0.0.0
7f2e1e388000-7f2e1e389000 rw-p 0009a000 08:06 672294                     /usr/lib/libGLdispatch.so.0.0.0
7f2e1e389000-7f2e1e3a9000 rw-p 00000000 00:00 0 
7f2e1e3a9000-7f2e1e3ac000 r--p 00000000 08:06 661256                     /usr/lib/libGLX.so.0.0.0
7f2e1e3ac000-7f2e1e3b6000 r-xp 00003000 08:06 661256                     /usr/lib/libGLX.so.0.0.0
7f2e1e3b6000-7f2e1e3b9000 r--p 0000d000 08:06 661256                     /usr/lib/libGLX.so.0.0.0
7f2e1e3b9000-7f2e1e3ba000 ---p 00010000 08:06 661256                     /usr/lib/libGLX.so.0.0.0
7f2e1e3ba000-7f2e1e3bb000 r--p 00010000 08:06 661256                     /usr/lib/libGLX.so.0.0.0
7f2e1e3bb000-7f2e1e3bc000 rw-p 00011000 08:06 661256                     /usr/lib/libGLX.so.0.0.0
7f2e1e3bc000-7f2e1e3dc000 rw-p 00000000 00:00 0 
7f2e1e3dc000-7f2e1e41e000 r--p 00000000 08:06 659467                     /usr/lib/libGL.so.1.7.0
7f2e1e41e000-7f2e1e43d000 r-xp 00042000 08:06 659467                     /usr/lib/libGL.so.1.7.0
7f2e1e43d000-7f2e1e452000 r--p 00061000 08:06 659467                     /usr/lib/libGL.so.1.7.0
7f2e1e452000-7f2e1e46d000 r--p 00075000 08:06 659467                     /usr/lib/libGL.so.1.7.0
7f2e1e46d000-7f2e1e46e000 rw-p 00090000 08:06 659467                     /usr/lib/libGL.so.1.7.0
7f2e1e46e000-7f2e1e46f000 rw-p 00000000 00:00 0 
7f2e1e46f000-7f2e1e471000 r-xp 00000000 08:06 669912                     /usr/lib/libXinerama.so.1.0.0
7f2e1e471000-7f2e1e670000 ---p 00002000 08:06 669912                     /usr/lib/libXinerama.so.1.0.0
7f2e1e670000-7f2e1e671000 r--p 00001000 08:06 669912                     /usr/lib/libXinerama.so.1.0.0
7f2e1e671000-7f2e1e672000 rw-p 00002000 08:06 669912                     /usr/lib/libXinerama.so.1.0.0
7f2e1e672000-7f2e1e677000 r-xp 00000000 08:06 661272                     /usr/lib/libXfixes.so.3.1.0
7f2e1e677000-7f2e1e876000 ---p 00005000 08:06 661272                     /usr/lib/libXfixes.so.3.1.0
7f2e1e876000-7f2e1e877000 r--p 00004000 08:06 661272                     /usr/lib/libXfixes.so.3.1.0
7f2e1e877000-7f2e1e878000 rw-p 00005000 08:06 661272                     /usr/lib/libXfixes.so.3.1.0
7f2e1e878000-7f2e1e87b000 r--p 00000000 08:06 669908                     /usr/lib/libXcursor.so.1.0.2
7f2e1e87b000-7f2e1e880000 r-xp 00003000 08:06 669908                     /usr/lib/libXcursor.so.1.0.2
7f2e1e880000-7f2e1e882000 r--p 00008000 08:06 669908                     /usr/lib/libXcursor.so.1.0.2
7f2e1e882000-7f2e1e883000 r--p 00009000 08:06 669908                     /usr/lib/libXcursor.so.1.0.2
7f2e1e883000-7f2e1e884000 rw-p 0000a000 08:06 669908                     /usr/lib/libXcursor.so.1.0.2
7f2e1e884000-7f2e1e886000 r--p 00000000 08:06 669917                     /usr/lib/libXrender.so.1.3.0
7f2e1e886000-7f2e1e88d000 r-xp 00002000 08:06 669917                     /usr/lib/libXrender.so.1.3.0
7f2e1e88d000-7f2e1e88f000 r--p 00009000 08:06 669917                     /usr/lib/libXrender.so.1.3.0
7f2e1e88f000-7f2e1e890000 r--p 0000a000 08:06 669917                     /usr/lib/libXrender.so.1.3.0
7f2e1e890000-7f2e1e891000 rw-p 0000b000 08:06 669917                     /usr/lib/libXrender.so.1.3.0
7f2e1e891000-7f2e1e893000 r--p 00000000 08:06 671436                     /usr/lib/libXrandr.so.2.2.0
7f2e1e893000-7f2e1e89a000 r-xp 00002000 08:06 671436                     /usr/lib/libXrandr.so.2.2.0
7f2e1e89a000-7f2e1e89c000 r--p 00009000 08:06 671436                     /usr/lib/libXrandr.so.2.2.0
7f2e1e89c000-7f2e1e89d000 r--p 0000a000 08:06 671436                     /usr/lib/libXrandr.so.2.2.0
7f2e1e89d000-7f2e1e89e000 rw-p 0000b000 08:06 671436                     /usr/lib/libXrandr.so.2.2.0
7f2e1e89e000-7f2e1e8a1000 r--p 00000000 08:06 671418                     /usr/lib/libXi.so.6.1.0
7f2e1e8a1000-7f2e1e8ac000 r-xp 00003000 08:06 671418                     /usr/lib/libXi.so.6.1.0
7f2e1e8ac000-7f2e1e8af000 r--p 0000e000 08:06 671418                     /usr/lib/libXi.so.6.1.0
7f2e1e8af000-7f2e1e8b0000 r--p 00010000 08:06 671418                     /usr/lib/libXi.so.6.1.0
7f2e1e8b0000-7f2e1e8b1000 rw-p 00011000 08:06 671418                     /usr/lib/libXi.so.6.1.0
7f2e1e8b1000-7f2e1e8b5000 r--p 00000000 08:06 665711                     /usr/lib/libXext.so.6.4.0
7f2e1e8b5000-7f2e1e8c0000 r-xp 00004000 08:06 665711                     /usr/lib/libXext.so.6.4.0
7f2e1e8c0000-7f2e1e8c4000 r--p 0000f000 08:06 665711                     /usr/lib/libXext.so.6.4.0
7f2e1e8c4000-7f2e1e8c5000 r--p 00012000 08:06 665711                     /usr/lib/libXext.so.6.4.0
7f2e1e8c5000-7f2e1e8c6000 rw-p 00013000 08:06 665711                     /usr/lib/libXext.so.6.4.0
7f2e1e8c6000-7f2e1e8ca000 r-xp 00000000 08:06 661273                     /usr/lib/libXxf86vm.so.1.0.0
7f2e1e8ca000-7f2e1eaca000 ---p 00004000 08:06 661273                     /usr/lib/libXxf86vm.so.1.0.0
7f2e1eaca000-7f2e1eacb000 r--p 00004000 08:06 661273                     /usr/lib/libXxf86vm.so.1.0.0
7f2e1eacb000-7f2e1eacc000 rw-p 00005000 08:06 661273                     /usr/lib/libXxf86vm.so.1.0.0
7f2e1eacc000-7f2e1eae8000 r--p 00000000 08:06 665681                     /usr/lib/libX11.so.6.3.0
7f2e1eae8000-7f2e1eb70000 r-xp 0001c000 08:06 665681                     /usr/lib/libX11.so.6.3.0
7f2e1eb70000-7f2e1ec03000 r--p 000a4000 08:06 665681                     /usr/lib/libX11.so.6.3.0
7f2e1ec03000-7f2e1ec04000 ---p 00137000 08:06 665681                     /usr/lib/libX11.so.6.3.0
7f2e1ec04000-7f2e1ec07000 r--p 00137000 08:06 665681                     /usr/lib/libX11.so.6.3.0
7f2e1ec07000-7f2e1ec0b000 rw-p 0013a000 08:06 665681                     /usr/lib/libX11.so.6.3.0
7f2e1ec0b000-7f2e1ec4e000 r-xp 00000000 00:2c 61                         /tmp/lwjglatri/3.2.2-build-10/libglfw.so
7f2e1ec4e000-7f2e1ee4d000 ---p 00043000 00:2c 61                         /tmp/lwjglatri/3.2.2-build-10/libglfw.so
7f2e1ee4d000-7f2e1ee4e000 r--p 00042000 00:2c 61                         /tmp/lwjglatri/3.2.2-build-10/libglfw.so
7f2e1ee4e000-7f2e1ee50000 rw-p 00043000 00:2c 61                         /tmp/lwjglatri/3.2.2-build-10/libglfw.so
7f2e1ee50000-7f2e1ee71000 rw-p 00000000 00:00 0 
7f2e1ee71000-7f2e1eef4000 r-xp 00000000 00:2c 60                         /tmp/lwjglatri/3.2.2-build-10/liblwjgl.so
7f2e1eef4000-7f2e1f0f4000 ---p 00083000 00:2c 60                         /tmp/lwjglatri/3.2.2-build-10/liblwjgl.so
7f2e1f0f4000-7f2e1f0f5000 r--p 00083000 00:2c 60                         /tmp/lwjglatri/3.2.2-build-10/liblwjgl.so
7f2e1f0f5000-7f2e1f0f7000 rw-p 00084000 00:2c 60                         /tmp/lwjglatri/3.2.2-build-10/liblwjgl.so
7f2e1f0f7000-7f2e1f0f8000 rw-p 00000000 00:00 0 
7f2e1f0f8000-7f2e1f0fc000 ---p 00000000 00:00 0 
7f2e1f0fc000-7f2e1f1f9000 rw-p 00000000 00:00 0 
7f2e1f1f9000-7f2e1f1fa000 ---p 00000000 00:00 0 
7f2e1f1fa000-7f2e1f2fb000 rw-p 00000000 00:00 0 
7f2e1f2fb000-7f2e1f2ff000 ---p 00000000 00:00 0 
7f2e1f2ff000-7f2e1f3fc000 rw-p 00000000 00:00 0 
7f2e1f3fc000-7f2e1f400000 ---p 00000000 00:00 0 
7f2e1f400000-7f2e1f4fd000 rw-p 00000000 00:00 0 
7f2e1f4fd000-7f2e1f501000 ---p 00000000 00:00 0 
7f2e1f501000-7f2e1f5fe000 rw-p 00000000 00:00 0 
7f2e1f5fe000-7f2e1f602000 ---p 00000000 00:00 0 
7f2e1f602000-7f2e1f6ff000 rw-p 00000000 00:00 0 
7f2e1f6ff000-7f2e1f703000 ---p 00000000 00:00 0 
7f2e1f703000-7f2e20000000 rw-p 00000000 00:00 0 
7f2e20000000-7f2e20021000 rw-p 00000000 00:00 0 
7f2e20021000-7f2e24000000 ---p 00000000 00:00 0 
7f2e24000000-7f2e24021000 rw-p 00000000 00:00 0 
7f2e24021000-7f2e28000000 ---p 00000000 00:00 0 
7f2e28000000-7f2e28021000 rw-p 00000000 00:00 0 
7f2e28021000-7f2e2c000000 ---p 00000000 00:00 0 
7f2e2c000000-7f2e2c2e6000 r--p 00000000 08:06 672187                     /usr/lib/locale/locale-archive
7f2e2c2e6000-7f2e2c2ea000 ---p 00000000 00:00 0 
7f2e2c2ea000-7f2e2c3e7000 rw-p 00000000 00:00 0 
7f2e2c3e7000-7f2e2c3eb000 ---p 00000000 00:00 0 
7f2e2c3eb000-7f2e2e6a0000 rw-p 00000000 00:00 0 
7f2e2e6a0000-7f2e30000000 ---p 00000000 00:00 0 
7f2e30000000-7f2e30021000 rw-p 00000000 00:00 0 
7f2e30021000-7f2e34000000 ---p 00000000 00:00 0 
7f2e34000000-7f2e34001000 r--p 00000000 08:06 659488                     /usr/lib/libX11-xcb.so.1.0.0
7f2e34001000-7f2e34002000 r-xp 00001000 08:06 659488                     /usr/lib/libX11-xcb.so.1.0.0
7f2e34002000-7f2e34003000 r--p 00002000 08:06 659488                     /usr/lib/libX11-xcb.so.1.0.0
7f2e34003000-7f2e34004000 r--p 00002000 08:06 659488                     /usr/lib/libX11-xcb.so.1.0.0
7f2e34004000-7f2e34005000 rw-p 00003000 08:06 659488                     /usr/lib/libX11-xcb.so.1.0.0
7f2e34005000-7f2e34007000 r--p 00000000 08:06 665710                     /usr/lib/libXdmcp.so.6.0.0
7f2e34007000-7f2e34009000 r-xp 00002000 08:06 665710                     /usr/lib/libXdmcp.so.6.0.0
7f2e34009000-7f2e3400b000 r--p 00004000 08:06 665710                     /usr/lib/libXdmcp.so.6.0.0
7f2e3400b000-7f2e3400c000 r--p 00005000 08:06 665710                     /usr/lib/libXdmcp.so.6.0.0
7f2e3400c000-7f2e3400d000 rw-p 00006000 08:06 665710                     /usr/lib/libXdmcp.so.6.0.0
7f2e3400d000-7f2e3400e000 r--p 00000000 08:06 661268                     /usr/lib/libXau.so.6.0.0
7f2e3400e000-7f2e3400f000 r-xp 00001000 08:06 661268                     /usr/lib/libXau.so.6.0.0
7f2e3400f000-7f2e34010000 r--p 00002000 08:06 661268                     /usr/lib/libXau.so.6.0.0
7f2e34010000-7f2e34011000 r--p 00002000 08:06 661268                     /usr/lib/libXau.so.6.0.0
7f2e34011000-7f2e34012000 rw-p 00003000 08:06 661268                     /usr/lib/libXau.so.6.0.0
7f2e34012000-7f2e3401e000 r--p 00000000 08:06 661591                     /usr/lib/libxcb.so.1.1.0
7f2e3401e000-7f2e34031000 r-xp 0000c000 08:06 661591                     /usr/lib/libxcb.so.1.1.0
7f2e34031000-7f2e3403a000 r--p 0001f000 08:06 661591                     /usr/lib/libxcb.so.1.1.0
7f2e3403a000-7f2e3403b000 r--p 00027000 08:06 661591                     /usr/lib/libxcb.so.1.1.0
7f2e3403b000-7f2e3403c000 rw-p 00028000 08:06 661591                     /usr/lib/libxcb.so.1.1.0
7f2e3404e000-7f2e3406e000 r-xs 00000000 08:05 1722885                    /home/atri/#1722885 (deleted)
7f2e3406e000-7f2e3409f000 rw-p 00000000 00:00 0 
7f2e3409f000-7f2e340a3000 r--p 00000000 08:06 1328714                    /usr/lib/jvm/java-11-openjdk/lib/libnet.so
7f2e340a3000-7f2e340b2000 r-xp 00004000 08:06 1328714                    /usr/lib/jvm/java-11-openjdk/lib/libnet.so
7f2e340b2000-7f2e340b6000 r--p 00013000 08:06 1328714                    /usr/lib/jvm/java-11-openjdk/lib/libnet.so
7f2e340b6000-7f2e340b7000 r--p 00016000 08:06 1328714                    /usr/lib/jvm/java-11-openjdk/lib/libnet.so
7f2e340b7000-7f2e340b8000 rw-p 00017000 08:06 1328714                    /usr/lib/jvm/java-11-openjdk/lib/libnet.so
7f2e340b8000-7f2e340bf000 r--p 00000000 08:06 1328716                    /usr/lib/jvm/java-11-openjdk/lib/libnio.so
7f2e340bf000-7f2e340c6000 r-xp 00007000 08:06 1328716                    /usr/lib/jvm/java-11-openjdk/lib/libnio.so
7f2e340c6000-7f2e340c9000 r--p 0000e000 08:06 1328716                    /usr/lib/jvm/java-11-openjdk/lib/libnio.so
7f2e340c9000-7f2e340ca000 r--p 00010000 08:06 1328716                    /usr/lib/jvm/java-11-openjdk/lib/libnio.so
7f2e340ca000-7f2e340cb000 rw-p 00011000 08:06 1328716                    /usr/lib/jvm/java-11-openjdk/lib/libnio.so
7f2e340cb000-7f2e340cc000 ---p 00000000 00:00 0 
7f2e340cc000-7f2e3424e000 rw-p 00000000 00:00 0 
7f2e3424e000-7f2e3424f000 ---p 00000000 00:00 0 
7f2e3424f000-7f2e34350000 rw-p 00000000 00:00 0 
7f2e34350000-7f2e34351000 ---p 00000000 00:00 0 
7f2e34351000-7f2e34957000 rw-p 00000000 00:00 0 
7f2e34957000-7f2e34bc7000 rwxp 00000000 00:00 0 
7f2e34bc7000-7f2e34ee8000 ---p 00000000 00:00 0 
7f2e34ee8000-7f2e35158000 rwxp 00000000 00:00 0 
7f2e35158000-7f2e3c41f000 ---p 00000000 00:00 0 
7f2e3c41f000-7f2e3c68f000 rwxp 00000000 00:00 0 
7f2e3c68f000-7f2e43957000 ---p 00000000 00:00 0 
7f2e43957000-7f2e4c000000 r--s 00000000 08:06 1328731                    /usr/lib/jvm/java-11-openjdk/lib/modules
7f2e4c000000-7f2e4cc47000 rw-p 00000000 00:00 0 
7f2e4cc47000-7f2e50000000 ---p 00000000 00:00 0 
7f2e50000000-7f2e50001000 r-xp 00000000 00:00 0 
7f2e50001000-7f2e50002000 rw-s 00000000 00:05 278757                     /memfd:xshmfence (deleted)
7f2e50002000-7f2e503ca000 rw-p 00000000 00:00 0 
7f2e503ca000-7f2e503cb000 ---p 00000000 00:00 0 
7f2e503cb000-7f2e504cc000 rw-p 00000000 00:00 0 
7f2e504cc000-7f2e504cd000 ---p 00000000 00:00 0 
7f2e504cd000-7f2e507f6000 rw-p 00000000 00:00 0 
7f2e507f6000-7f2e52156000 ---p 00000000 00:00 0 
7f2e52156000-7f2e5218d000 rw-p 00000000 00:00 0 
7f2e5218d000-7f2e524b9000 ---p 00000000 00:00 0 
7f2e524b9000-7f2e524f0000 rw-p 00000000 00:00 0 
7f2e524f0000-7f2e5281c000 ---p 00000000 00:00 0 
7f2e5281c000-7f2e52853000 rw-p 00000000 00:00 0 
7f2e52853000-7f2e52b7f000 ---p 00000000 00:00 0 
7f2e52b7f000-7f2e53387000 rw-p 00000000 00:00 0 
7f2e53387000-7f2e53388000 ---p 00000000 00:00 0 
7f2e53388000-7f2e5348e000 rw-p 00000000 00:00 0 
7f2e5348e000-7f2e53574000 ---p 00000000 00:00 0 
7f2e53574000-7f2e53579000 rw-p 00000000 00:00 0 
7f2e53579000-7f2e5365f000 ---p 00000000 00:00 0 
7f2e5365f000-7f2e53664000 rw-p 00000000 00:00 0 
7f2e53664000-7f2e5366b000 ---p 00000000 00:00 0 
7f2e5366b000-7f2e5366d000 r--p 00000000 08:06 1328700                    /usr/lib/jvm/java-11-openjdk/lib/libjimage.so
7f2e5366d000-7f2e53670000 r-xp 00002000 08:06 1328700                    /usr/lib/jvm/java-11-openjdk/lib/libjimage.so
7f2e53670000-7f2e53671000 r--p 00005000 08:06 1328700                    /usr/lib/jvm/java-11-openjdk/lib/libjimage.so
7f2e53671000-7f2e53672000 ---p 00006000 08:06 1328700                    /usr/lib/jvm/java-11-openjdk/lib/libjimage.so
7f2e53672000-7f2e53673000 r--p 00006000 08:06 1328700                    /usr/lib/jvm/java-11-openjdk/lib/libjimage.so
7f2e53673000-7f2e53674000 rw-p 00007000 08:06 1328700                    /usr/lib/jvm/java-11-openjdk/lib/libjimage.so
7f2e53674000-7f2e53676000 r--p 00000000 08:06 1328730                    /usr/lib/jvm/java-11-openjdk/lib/libzip.so
7f2e53676000-7f2e5367a000 r-xp 00002000 08:06 1328730                    /usr/lib/jvm/java-11-openjdk/lib/libzip.so
7f2e5367a000-7f2e5367c000 r--p 00006000 08:06 1328730                    /usr/lib/jvm/java-11-openjdk/lib/libzip.so
7f2e5367c000-7f2e5367d000 r--p 00007000 08:06 1328730                    /usr/lib/jvm/java-11-openjdk/lib/libzip.so
7f2e5367d000-7f2e5367e000 rw-p 00008000 08:06 1328730                    /usr/lib/jvm/java-11-openjdk/lib/libzip.so
7f2e5367e000-7f2e5368c000 r--p 00000000 08:06 1328694                    /usr/lib/jvm/java-11-openjdk/lib/libjava.so
7f2e5368c000-7f2e536a1000 r-xp 0000e000 08:06 1328694                    /usr/lib/jvm/java-11-openjdk/lib/libjava.so
7f2e536a1000-7f2e536a8000 r--p 00023000 08:06 1328694                    /usr/lib/jvm/java-11-openjdk/lib/libjava.so
7f2e536a8000-7f2e536a9000 r--p 00029000 08:06 1328694                    /usr/lib/jvm/java-11-openjdk/lib/libjava.so
7f2e536a9000-7f2e536aa000 rw-p 0002a000 08:06 1328694                    /usr/lib/jvm/java-11-openjdk/lib/libjava.so
7f2e536aa000-7f2e536ab000 rw-p 00000000 00:00 0 
7f2e536ab000-7f2e536ae000 r--p 00000000 08:06 672174                     /usr/lib/librt-2.29.so
7f2e536ae000-7f2e536b2000 r-xp 00003000 08:06 672174                     /usr/lib/librt-2.29.so
7f2e536b2000-7f2e536b4000 r--p 00007000 08:06 672174                     /usr/lib/librt-2.29.so
7f2e536b4000-7f2e536b5000 r--p 00008000 08:06 672174                     /usr/lib/librt-2.29.so
7f2e536b5000-7f2e536b6000 rw-p 00009000 08:06 672174                     /usr/lib/librt-2.29.so
7f2e536b6000-7f2e536ba000 ---p 00000000 00:00 0 
7f2e536ba000-7f2e537b7000 rw-p 00000000 00:00 0 
7f2e537b7000-7f2e537ba000 r--p 00000000 08:06 659671                     /usr/lib/libgcc_s.so.1
7f2e537ba000-7f2e537cb000 r-xp 00003000 08:06 659671                     /usr/lib/libgcc_s.so.1
7f2e537cb000-7f2e537cf000 r--p 00014000 08:06 659671                     /usr/lib/libgcc_s.so.1
7f2e537cf000-7f2e537d0000 r--p 00017000 08:06 659671                     /usr/lib/libgcc_s.so.1
7f2e537d0000-7f2e537d1000 rw-p 00018000 08:06 659671                     /usr/lib/libgcc_s.so.1
7f2e537d1000-7f2e537e0000 r--p 00000000 08:06 664296                     /usr/lib/libm-2.29.so
7f2e537e0000-7f2e5387c000 r-xp 0000f000 08:06 664296                     /usr/lib/libm-2.29.so
7f2e5387c000-7f2e53915000 r--p 000ab000 08:06 664296                     /usr/lib/libm-2.29.so
7f2e53915000-7f2e53916000 r--p 00143000 08:06 664296                     /usr/lib/libm-2.29.so
7f2e53916000-7f2e53917000 rw-p 00144000 08:06 664296                     /usr/lib/libm-2.29.so
7f2e53917000-7f2e539ac000 r--p 00000000 08:06 661367                     /usr/lib/libstdc++.so.6.0.26
7f2e539ac000-7f2e53aa4000 r-xp 00095000 08:06 661367                     /usr/lib/libstdc++.so.6.0.26
7f2e53aa4000-7f2e53aed000 r--p 0018d000 08:06 661367                     /usr/lib/libstdc++.so.6.0.26
7f2e53aed000-7f2e53aee000 ---p 001d6000 08:06 661367                     /usr/lib/libstdc++.so.6.0.26
7f2e53aee000-7f2e53afb000 r--p 001d6000 08:06 661367                     /usr/lib/libstdc++.so.6.0.26
7f2e53afb000-7f2e53afc000 rw-p 001e3000 08:06 661367                     /usr/lib/libstdc++.so.6.0.26
7f2e53afc000-7f2e53aff000 rw-p 00000000 00:00 0 
7f2e53aff000-7f2e53d70000 r--p 00000000 08:06 1328743                    /usr/lib/jvm/java-11-openjdk/lib/server/libjvm.so
7f2e53d70000-7f2e54933000 r-xp 00271000 08:06 1328743                    /usr/lib/jvm/java-11-openjdk/lib/server/libjvm.so
7f2e54933000-7f2e54b72000 r--p 00e34000 08:06 1328743                    /usr/lib/jvm/java-11-openjdk/lib/server/libjvm.so
7f2e54b72000-7f2e54b73000 ---p 01073000 08:06 1328743                    /usr/lib/jvm/java-11-openjdk/lib/server/libjvm.so
7f2e54b73000-7f2e54c32000 r--p 01073000 08:06 1328743                    /usr/lib/jvm/java-11-openjdk/lib/server/libjvm.so
7f2e54c32000-7f2e54c6b000 rw-p 01132000 08:06 1328743                    /usr/lib/jvm/java-11-openjdk/lib/server/libjvm.so
7f2e54c6b000-7f2e54cc3000 rw-p 00000000 00:00 0 
7f2e54cc3000-7f2e54cca000 r--p 00000000 08:06 670821                     /usr/lib/libpthread-2.29.so
7f2e54cca000-7f2e54cd9000 r-xp 00007000 08:06 670821                     /usr/lib/libpthread-2.29.so
7f2e54cd9000-7f2e54cde000 r--p 00016000 08:06 670821                     /usr/lib/libpthread-2.29.so
7f2e54cde000-7f2e54cdf000 r--p 0001a000 08:06 670821                     /usr/lib/libpthread-2.29.so
7f2e54cdf000-7f2e54ce0000 rw-p 0001b000 08:06 670821                     /usr/lib/libpthread-2.29.so
7f2e54ce0000-7f2e54ce4000 rw-p 00000000 00:00 0 
7f2e54ce4000-7f2e54ce5000 r--p 00000000 08:06 664290                     /usr/lib/libdl-2.29.so
7f2e54ce5000-7f2e54ce6000 r-xp 00001000 08:06 664290                     /usr/lib/libdl-2.29.so
7f2e54ce6000-7f2e54ce7000 r--p 00002000 08:06 664290                     /usr/lib/libdl-2.29.so
7f2e54ce7000-7f2e54ce8000 r--p 00002000 08:06 664290                     /usr/lib/libdl-2.29.so
7f2e54ce8000-7f2e54ce9000 rw-p 00003000 08:06 664290                     /usr/lib/libdl-2.29.so
7f2e54ce9000-7f2e54cff000 r-xp 00000000 08:06 661596                     /usr/lib/libz.so.1.2.11
7f2e54cff000-7f2e54efe000 ---p 00016000 08:06 661596                     /usr/lib/libz.so.1.2.11
7f2e54efe000-7f2e54eff000 r--p 00015000 08:06 661596                     /usr/lib/libz.so.1.2.11
7f2e54eff000-7f2e54f00000 rw-p 00016000 08:06 661596                     /usr/lib/libz.so.1.2.11
7f2e54f00000-7f2e54f25000 r--p 00000000 08:06 664281                     /usr/lib/libc-2.29.so
7f2e54f25000-7f2e5506f000 r-xp 00025000 08:06 664281                     /usr/lib/libc-2.29.so
7f2e5506f000-7f2e550b8000 r--p 0016f000 08:06 664281                     /usr/lib/libc-2.29.so
7f2e550b8000-7f2e550b9000 ---p 001b8000 08:06 664281                     /usr/lib/libc-2.29.so
7f2e550b9000-7f2e550bc000 r--p 001b8000 08:06 664281                     /usr/lib/libc-2.29.so
7f2e550bc000-7f2e550bf000 rw-p 001bb000 08:06 664281                     /usr/lib/libc-2.29.so
7f2e550bf000-7f2e550c3000 rw-p 00000000 00:00 0 
7f2e550c3000-7f2e550c4000 rwxp 00000000 00:00 0 
7f2e550c4000-7f2e550c5000 rw-s 126745000 00:06 389                       /dev/dri/renderD128
7f2e550c5000-7f2e550cd000 rw-s 00000000 00:2c 65                         /tmp/hsperfdata_atri/14444
7f2e550cd000-7f2e550d0000 r--p 00000000 08:06 669830                     /usr/lib/libnss_files-2.29.so
7f2e550d0000-7f2e550d7000 r-xp 00003000 08:06 669830                     /usr/lib/libnss_files-2.29.so
7f2e550d7000-7f2e550d9000 r--p 0000a000 08:06 669830                     /usr/lib/libnss_files-2.29.so
7f2e550d9000-7f2e550da000 r--p 0000b000 08:06 669830                     /usr/lib/libnss_files-2.29.so
7f2e550da000-7f2e550db000 rw-p 0000c000 08:06 669830                     /usr/lib/libnss_files-2.29.so
7f2e550db000-7f2e550e1000 rw-p 00000000 00:00 0 
7f2e550e1000-7f2e550e2000 ---p 00000000 00:00 0 
7f2e550e2000-7f2e550e3000 r--p 00000000 00:00 0 
7f2e550e3000-7f2e550e8000 r--p 00000000 08:06 1328728                    /usr/lib/jvm/java-11-openjdk/lib/libverify.so
7f2e550e8000-7f2e550ef000 r-xp 00005000 08:06 1328728                    /usr/lib/jvm/java-11-openjdk/lib/libverify.so
7f2e550ef000-7f2e550f1000 r--p 0000c000 08:06 1328728                    /usr/lib/jvm/java-11-openjdk/lib/libverify.so
7f2e550f1000-7f2e550f2000 ---p 0000e000 08:06 1328728                    /usr/lib/jvm/java-11-openjdk/lib/libverify.so
7f2e550f2000-7f2e550f4000 r--p 0000e000 08:06 1328728                    /usr/lib/jvm/java-11-openjdk/lib/libverify.so
7f2e550f4000-7f2e550f5000 rw-p 00010000 08:06 1328728                    /usr/lib/jvm/java-11-openjdk/lib/libverify.so
7f2e550f5000-7f2e550f8000 r--p 00000000 08:06 1328668                    /usr/lib/jvm/java-11-openjdk/lib/jli/libjli.so
7f2e550f8000-7f2e55102000 r-xp 00003000 08:06 1328668                    /usr/lib/jvm/java-11-openjdk/lib/jli/libjli.so
7f2e55102000-7f2e55105000 r--p 0000d000 08:06 1328668                    /usr/lib/jvm/java-11-openjdk/lib/jli/libjli.so
7f2e55105000-7f2e55106000 ---p 00010000 08:06 1328668                    /usr/lib/jvm/java-11-openjdk/lib/jli/libjli.so
7f2e55106000-7f2e55107000 r--p 00010000 08:06 1328668                    /usr/lib/jvm/java-11-openjdk/lib/jli/libjli.so
7f2e55107000-7f2e55108000 rw-p 00011000 08:06 1328668                    /usr/lib/jvm/java-11-openjdk/lib/jli/libjli.so
7f2e55108000-7f2e5510a000 rw-p 00000000 00:00 0 
7f2e5510a000-7f2e5510c000 r--p 00000000 08:06 664270                     /usr/lib/ld-2.29.so
7f2e5510c000-7f2e5512b000 r-xp 00002000 08:06 664270                     /usr/lib/ld-2.29.so
7f2e5512b000-7f2e55133000 r--p 00021000 08:06 664270                     /usr/lib/ld-2.29.so
7f2e55133000-7f2e55134000 rw-s 126744000 00:06 389                       /dev/dri/renderD128
7f2e55134000-7f2e55135000 r--p 00029000 08:06 664270                     /usr/lib/ld-2.29.so
7f2e55135000-7f2e55136000 rw-p 0002a000 08:06 664270                     /usr/lib/ld-2.29.so
7f2e55136000-7f2e55137000 rw-p 00000000 00:00 0 
7ffe9d69c000-7ffe9d6bd000 rw-p 00000000 00:00 0                          [stack]
7ffe9d6e5000-7ffe9d6e8000 r--p 00000000 00:00 0                          [vvar]
7ffe9d6e8000-7ffe9d6ea000 r-xp 00000000 00:00 0                          [vdso]


VM Arguments:
jvm_args: -Dfile.encoding=UTF-8 
java_command: base.Main
java_class_path (initial): /home/atri/eclipse-workspace/ASDF/bin:/home/atri/eclipse-workspace/ASDF/jars/joml-1.9.17.jar:/home/atri/eclipse-workspace/ASDF/jars/joml-1.9.17-javadoc.jar:/home/atri/eclipse-workspace/ASDF/jars/lwjgl.jar:/home/atri/eclipse-workspace/ASDF/jars/lwjgl-glfw.jar:/home/atri/eclipse-workspace/ASDF/jars/lwjgl-glfw-javadoc.jar:/home/atri/eclipse-workspace/ASDF/jars/lwjgl-glfw-natives-linux.jar:/home/atri/eclipse-workspace/ASDF/jars/lwjgl-javadoc.jar:/home/atri/eclipse-workspace/ASDF/jars/lwjgl-natives-linux.jar:/home/atri/eclipse-workspace/ASDF/jars/lwjgl-openal.jar:/home/atri/eclipse-workspace/ASDF/jars/lwjgl-openal-javadoc.jar:/home/atri/eclipse-workspace/ASDF/jars/lwjgl-openal-natives-linux.jar:/home/atri/eclipse-workspace/ASDF/jars/lwjgl-opengl.jar:/home/atri/eclipse-workspace/ASDF/jars/lwjgl-opengl-javadoc.jar:/home/atri/eclipse-workspace/ASDF/jars/lwjgl-opengl-natives-linux.jar:/home/atri/eclipse-workspace/ASDF/jars/lwjgl-stb.jar:/home/atri/eclipse-workspace/ASDF/jars/lwjgl-stb-javadoc.jar:/home/atri/eclipse-workspace/ASDF/jars/lwjgl-stb-natives-linux.jar
Launcher Type: SUN_STANDARD

[Global flags]
     intx CICompilerCount                          = 4                                         {product} {ergonomic}
     uint ConcGCThreads                            = 2                                         {product} {ergonomic}
     uint G1ConcRefinementThreads                  = 8                                         {product} {ergonomic}
   size_t G1HeapRegionSize                         = 1048576                                   {product} {ergonomic}
    uintx GCDrainStackTargetSize                   = 64                                        {product} {ergonomic}
   size_t InitialHeapSize                          = 115343360                                 {product} {ergonomic}
   size_t MarkStackSize                            = 4194304                                   {product} {ergonomic}
   size_t MaxHeapSize                              = 1818230784                                {product} {ergonomic}
   size_t MaxNewSize                               = 1090519040                                {product} {ergonomic}
   size_t MinHeapDeltaBytes                        = 1048576                                   {product} {ergonomic}
    uintx NonNMethodCodeHeapSize                   = 5835340                                {pd product} {ergonomic}
    uintx NonProfiledCodeHeapSize                  = 122911450                              {pd product} {ergonomic}
    uintx ProfiledCodeHeapSize                     = 122911450                              {pd product} {ergonomic}
    uintx ReservedCodeCacheSize                    = 251658240                              {pd product} {ergonomic}
     bool SegmentedCodeCache                       = true                                      {product} {ergonomic}
     bool UseCompressedClassPointers               = true                                 {lp64_product} {ergonomic}
     bool UseCompressedOops                        = true                                 {lp64_product} {ergonomic}
     bool UseG1GC                                  = true                                      {product} {ergonomic}

Logging:
Log output configuration:
 #0: stdout all=warning uptime,level,tags
 #1: stderr all=off uptime,level,tags

Environment Variables:
PATH=/usr/local/bin:/usr/local/sbin:/usr/bin:/usr/lib/jvm/default/bin:/usr/bin/site_perl:/usr/bin/vendor_perl:/usr/bin/core_perl
USERNAME=atri
SHELL=/bin/bash
DISPLAY=:1

Signal Handlers:
SIGSEGV: [libjvm.so+0xdc05b0], sa_mask[0]=11111111011111111101111111111110, sa_flags=SA_RESTART|SA_SIGINFO
SIGBUS: [libjvm.so+0xdc05b0], sa_mask[0]=11111111011111111101111111111110, sa_flags=SA_RESTART|SA_SIGINFO
SIGFPE: [libjvm.so+0xdc05b0], sa_mask[0]=11111111011111111101111111111110, sa_flags=SA_RESTART|SA_SIGINFO
SIGPIPE: [libjvm.so+0xbb7680], sa_mask[0]=11111111011111111101111111111110, sa_flags=SA_RESTART|SA_SIGINFO
SIGXFSZ: [libjvm.so+0xbb7680], sa_mask[0]=11111111011111111101111111111110, sa_flags=SA_RESTART|SA_SIGINFO
SIGILL: [libjvm.so+0xdc05b0], sa_mask[0]=11111111011111111101111111111110, sa_flags=SA_RESTART|SA_SIGINFO
SIGUSR2: [libjvm.so+0xbb7510], sa_mask[0]=00100000000000000000000000000000, sa_flags=SA_RESTART|SA_SIGINFO
SIGHUP: [libjvm.so+0xbb7a00], sa_mask[0]=11111111011111111101111111111110, sa_flags=SA_RESTART|SA_SIGINFO
SIGINT: [libjvm.so+0xbb7a00], sa_mask[0]=11111111011111111101111111111110, sa_flags=SA_RESTART|SA_SIGINFO
SIGTERM: [libjvm.so+0xbb7a00], sa_mask[0]=11111111011111111101111111111110, sa_flags=SA_RESTART|SA_SIGINFO
SIGQUIT: [libjvm.so+0xbb7a00], sa_mask[0]=11111111011111111101111111111110, sa_flags=SA_RESTART|SA_SIGINFO


---------------  S Y S T E M  ---------------

OS:DISTRIB_ID=ManjaroLinux
DISTRIB_RELEASE=18.0.4
DISTRIB_CODENAME=Illyria
DISTRIB_DESCRIPTION="Manjaro Linux"
uname:Linux 4.19.66-1-MANJARO #1 SMP PREEMPT Fri Aug 9 18:01:53 UTC 2019 x86_64
libc:glibc 2.29 NPTL 2.29 
rlimit: STACK 8192k, CORE infinity, NPROC 27247, NOFILE 1048576, AS infinity, DATA infinity, FSIZE infinity
load average:0.61 0.73 0.69

/proc/meminfo:
MemTotal:        7096816 kB
MemFree:          672804 kB
MemAvailable:    2623968 kB
Buffers:          120836 kB
Cached:          2092912 kB
SwapCached:            0 kB
Active:          4410464 kB
Inactive:        1493232 kB
Active(anon):    3680028 kB
Inactive(anon):   115496 kB
Active(file):     730436 kB
Inactive(file):  1377736 kB
Unevictable:          80 kB
Mlocked:              80 kB
SwapTotal:      12582908 kB
SwapFree:       12582908 kB
Dirty:              2292 kB
Writeback:             0 kB
AnonPages:       3690240 kB
Mapped:           839776 kB
Shmem:            139888 kB
Slab:             233216 kB
SReclaimable:     125604 kB
SUnreclaim:       107612 kB
KernelStack:       18816 kB
PageTables:        49528 kB
NFS_Unstable:          0 kB
Bounce:                0 kB
WritebackTmp:          0 kB
CommitLimit:    16131316 kB
Committed_AS:   13119300 kB
VmallocTotal:   34359738367 kB
VmallocUsed:           0 kB
VmallocChunk:          0 kB
Percpu:             6912 kB
HardwareCorrupted:     0 kB
AnonHugePages:         0 kB
ShmemHugePages:        0 kB
ShmemPmdMapped:        0 kB
HugePages_Total:       0
HugePages_Free:        0
HugePages_Rsvd:        0
HugePages_Surp:        0
Hugepagesize:       2048 kB
Hugetlb:               0 kB
DirectMap4k:      373720 kB
DirectMap2M:     6864896 kB
DirectMap1G:           0 kB


/proc/sys/kernel/threads-max (system-wide limit on the number of threads):
54494


/proc/sys/vm/max_map_count (maximum number of memory map areas a process may have):
65530


/proc/sys/kernel/pid_max (system-wide limit on number of process identifiers):
32768



container (cgroup) information:
container_type: cgroupv1
cpu_cpuset_cpus: 0-7
cpu_memory_nodes: 0
active_processor_count: 8
cpu_quota: -1
cpu_period: 100000
cpu_shares: -1
memory_limit_in_bytes: -1
memory_and_swap_limit_in_bytes: -1
memory_soft_limit_in_bytes: -1
memory_usage_in_bytes: 2077900800
memory_max_usage_in_bytes: 2124894208

Steal ticks since vm start: 0
Steal ticks percentage since vm start:  0.000

CPU:total 8 (initial active 8) (8 cores per cpu, 2 threads per core) family 23 model 17 stepping 0, cmov, cx8, fxsr, mmx, sse, sse2, sse3, ssse3, sse4.1, sse4.2, popcnt, avx, avx2, aes, clmul, mmxext, 3dnowpref, lzcnt, sse4a, ht, tsc, tscinvbit, tscinv, bmi1, bmi2, adx, sha, fma
CPU Model and flags from /proc/cpuinfo:
model name	: AMD Ryzen 5 2500U with Radeon Vega Mobile Gfx
flags		: fpu vme de pse tsc msr pae mce cx8 apic sep mtrr pge mca cmov pat pse36 clflush mmx fxsr sse sse2 ht syscall nx mmxext fxsr_opt pdpe1gb rdtscp lm constant_tsc rep_good nopl nonstop_tsc cpuid extd_apicid aperfmperf pni pclmulqdq monitor ssse3 fma cx16 sse4_1 sse4_2 movbe popcnt aes xsave avx f16c rdrand lahf_lm cmp_legacy svm extapic cr8_legacy abm sse4a misalignsse 3dnowprefetch osvw skinit wdt tce topoext perfctr_core perfctr_nb bpext perfctr_llc mwaitx cpb hw_pstate sme ssbd sev ibpb vmmcall fsgsbase bmi1 avx2 smep bmi2 rdseed adx smap clflushopt sha_ni xsaveopt xsavec xgetbv1 xsaves clzero irperf xsaveerptr arat npt lbrv svm_lock nrip_save tsc_scale vmcb_clean flushbyasid decodeassists pausefilter pfthreshold avic v_vmsave_vmload vgif overflow_recov succor smca

Memory: 4k page, physical 7096816k(672804k free), swap 12582908k(12582908k free)

vm_info: OpenJDK 64-Bit Server VM (11.0.4+11) for linux-amd64 JRE (11.0.4+11), built on Jul 24 2019 22:42:35 by "builduser" with gcc 9.1.0

END.
